{"C:\\Users\\yaiis\\OneDrive\\Desktop\\proyecto final fullstack\\pasteleria-react\\src\\Data\\regiones.ts": {"path":"C:\\Users\\yaiis\\OneDrive\\Desktop\\proyecto final fullstack\\pasteleria-react\\src\\Data\\regiones.ts","statementMap":{"0":{"start":{"line":1,"column":30},"end":{"line":66,"column":null}}},"fnMap":{},"branchMap":{},"s":{"0":1},"f":{},"b":{},"meta":{"lastBranch":0,"lastFunction":0,"lastStatement":1,"seen":{"s:1:30:66:Infinity":0}}}
,"C:\\Users\\yaiis\\OneDrive\\Desktop\\proyecto final fullstack\\pasteleria-react\\src\\components\\Header.tsx": {"path":"C:\\Users\\yaiis\\OneDrive\\Desktop\\proyecto final fullstack\\pasteleria-react\\src\\components\\Header.tsx","statementMap":{"0":{"start":{"line":8,"column":21},"end":{"line":8,"column":null}},"1":{"start":{"line":9,"column":40},"end":{"line":9,"column":null}},"2":{"start":{"line":10,"column":8},"end":{"line":10,"column":null}},"3":{"start":{"line":13,"column":8},"end":{"line":13,"column":null}},"4":{"start":{"line":15,"column":23},"end":{"line":18,"column":null}},"5":{"start":{"line":16,"column":4},"end":{"line":16,"column":null}},"6":{"start":{"line":17,"column":4},"end":{"line":17,"column":null}},"7":{"start":{"line":22,"column":25},"end":{"line":24,"column":null}},"8":{"start":{"line":23,"column":4},"end":{"line":23,"column":null}},"9":{"start":{"line":26,"column":2},"end":{"line":109,"column":null}}},"fnMap":{"0":{"name":"Header","decl":{"start":{"line":7,"column":9},"end":{"line":7,"column":18}},"loc":{"start":{"line":7,"column":18},"end":{"line":111,"column":null}},"line":7},"1":{"name":"(anonymous_1)","decl":{"start":{"line":15,"column":23},"end":{"line":15,"column":29}},"loc":{"start":{"line":15,"column":29},"end":{"line":18,"column":null}},"line":15},"2":{"name":"(anonymous_2)","decl":{"start":{"line":22,"column":25},"end":{"line":22,"column":26}},"loc":{"start":{"line":22,"column":43},"end":{"line":24,"column":null}},"line":22}},"branchMap":{"0":{"loc":{"start":{"line":23,"column":11},"end":{"line":23,"column":null}},"type":"cond-expr","locations":[{"start":{"line":23,"column":40},"end":{"line":23,"column":60}},{"start":{"line":23,"column":60},"end":{"line":23,"column":null}}],"line":23},"1":{"loc":{"start":{"line":56,"column":13},"end":{"line":88,"column":null}},"type":"cond-expr","locations":[{"start":{"line":57,"column":14},"end":{"line":64,"column":null}},{"start":{"line":66,"column":14},"end":{"line":88,"column":null}}],"line":56},"2":{"loc":{"start":{"line":73,"column":17},"end":{"line":79,"column":null}},"type":"binary-expr","locations":[{"start":{"line":73,"column":17},"end":{"line":73,"column":null}},{"start":{"line":74,"column":18},"end":{"line":79,"column":null}}],"line":73},"3":{"loc":{"start":{"line":95,"column":15},"end":{"line":102,"column":null}},"type":"binary-expr","locations":[{"start":{"line":95,"column":15},"end":{"line":95,"column":null}},{"start":{"line":97,"column":16},"end":{"line":102,"column":null}}],"line":95}},"s":{"0":4,"1":4,"2":4,"3":4,"4":4,"5":0,"6":0,"7":4,"8":32,"9":4},"f":{"0":4,"1":0,"2":32},"b":{"0":[4,28],"1":[4,0],"2":[0,0],"3":[4,0]},"meta":{"lastBranch":4,"lastFunction":3,"lastStatement":10,"seen":{"f:7:9:7:18":0,"s:8:21:8:Infinity":0,"s:9:40:9:Infinity":1,"s:10:8:10:Infinity":2,"s:13:8:13:Infinity":3,"s:15:23:18:Infinity":4,"f:15:23:15:29":1,"s:16:4:16:Infinity":5,"s:17:4:17:Infinity":6,"s:22:25:24:Infinity":7,"f:22:25:22:26":2,"s:23:4:23:Infinity":8,"b:23:40:23:60:23:60:23:Infinity":0,"s:26:2:109:Infinity":9,"b:57:14:64:Infinity:66:14:88:Infinity":1,"b:73:17:73:Infinity:74:18:79:Infinity":2,"b:95:15:95:Infinity:97:16:102:Infinity":3}}}
,"C:\\Users\\yaiis\\OneDrive\\Desktop\\proyecto final fullstack\\pasteleria-react\\src\\components\\ModalConfirmacion.tsx": {"path":"C:\\Users\\yaiis\\OneDrive\\Desktop\\proyecto final fullstack\\pasteleria-react\\src\\components\\ModalConfirmacion.tsx","statementMap":{"0":{"start":{"line":13,"column":2},"end":{"line":33,"column":null}}},"fnMap":{"0":{"name":"ModalConfirmacion","decl":{"start":{"line":12,"column":9},"end":{"line":12,"column":27}},"loc":{"start":{"line":12,"column":87},"end":{"line":35,"column":null}},"line":12}},"branchMap":{},"s":{"0":19},"f":{"0":19},"b":{},"meta":{"lastBranch":0,"lastFunction":1,"lastStatement":1,"seen":{"f:12:9:12:27":0,"s:13:2:33:Infinity":0}}}
,"C:\\Users\\yaiis\\OneDrive\\Desktop\\proyecto final fullstack\\pasteleria-react\\src\\components\\StarRating.tsx": {"path":"C:\\Users\\yaiis\\OneDrive\\Desktop\\proyecto final fullstack\\pasteleria-react\\src\\components\\StarRating.tsx","statementMap":{"0":{"start":{"line":9,"column":17},"end":{"line":26,"column":null}},"1":{"start":{"line":10,"column":2},"end":{"line":26,"column":null}},"2":{"start":{"line":35,"column":26},"end":{"line":55,"column":null}},"3":{"start":{"line":36,"column":2},"end":{"line":53,"column":null}},"4":{"start":{"line":39,"column":26},"end":{"line":39,"column":null}},"5":{"start":{"line":41,"column":25},"end":{"line":41,"column":null}},"6":{"start":{"line":43,"column":8},"end":{"line":48,"column":null}},"7":{"start":{"line":47,"column":36},"end":{"line":47,"column":56}}},"fnMap":{"0":{"name":"(anonymous_0)","decl":{"start":{"line":9,"column":17},"end":{"line":9,"column":18}},"loc":{"start":{"line":10,"column":2},"end":{"line":26,"column":null}},"line":10},"1":{"name":"(anonymous_1)","decl":{"start":{"line":35,"column":26},"end":{"line":35,"column":27}},"loc":{"start":{"line":35,"column":78},"end":{"line":55,"column":null}},"line":35},"2":{"name":"(anonymous_2)","decl":{"start":{"line":38,"column":27},"end":{"line":38,"column":28}},"loc":{"start":{"line":38,"column":41},"end":{"line":50,"column":7}},"line":38},"3":{"name":"(anonymous_3)","decl":{"start":{"line":47,"column":30},"end":{"line":47,"column":36}},"loc":{"start":{"line":47,"column":36},"end":{"line":47,"column":56}},"line":47}},"branchMap":{"0":{"loc":{"start":{"line":16,"column":10},"end":{"line":16,"column":null}},"type":"cond-expr","locations":[{"start":{"line":16,"column":19},"end":{"line":16,"column":31}},{"start":{"line":16,"column":31},"end":{"line":16,"column":null}}],"line":16},"1":{"loc":{"start":{"line":18,"column":12},"end":{"line":18,"column":null}},"type":"cond-expr","locations":[{"start":{"line":18,"column":21},"end":{"line":18,"column":33}},{"start":{"line":18,"column":33},"end":{"line":18,"column":null}}],"line":18},"2":{"loc":{"start":{"line":22,"column":21},"end":{"line":22,"column":54}},"type":"cond-expr","locations":[{"start":{"line":22,"column":31},"end":{"line":22,"column":43}},{"start":{"line":22,"column":43},"end":{"line":22,"column":54}}],"line":22},"3":{"loc":{"start":{"line":35,"column":51},"end":{"line":35,"column":59}},"type":"default-arg","locations":[{"start":{"line":35,"column":57},"end":{"line":35,"column":59}}],"line":35},"4":{"loc":{"start":{"line":47,"column":21},"end":{"line":47,"column":null}},"type":"cond-expr","locations":[{"start":{"line":47,"column":30},"end":{"line":47,"column":56}},{"start":{"line":47,"column":56},"end":{"line":47,"column":null}}],"line":47},"5":{"loc":{"start":{"line":52,"column":7},"end":{"line":52,"column":null}},"type":"binary-expr","locations":[{"start":{"line":52,"column":7},"end":{"line":52,"column":17}},{"start":{"line":52,"column":17},"end":{"line":52,"column":null}}],"line":52}},"s":{"0":1,"1":10,"2":1,"3":2,"4":10,"5":10,"6":10,"7":1},"f":{"0":10,"1":2,"2":10,"3":1},"b":{"0":[0,10],"1":[0,10],"2":[5,5],"3":[2],"4":[1,5],"5":[2,1]},"meta":{"lastBranch":6,"lastFunction":4,"lastStatement":8,"seen":{"s:9:17:26:Infinity":0,"f:9:17:9:18":0,"s:10:2:26:Infinity":1,"b:16:19:16:31:16:31:16:Infinity":0,"b:18:21:18:33:18:33:18:Infinity":1,"b:22:31:22:43:22:43:22:54":2,"s:35:26:55:Infinity":2,"f:35:26:35:27":1,"b:35:57:35:59":3,"s:36:2:53:Infinity":3,"f:38:27:38:28":2,"s:39:26:39:Infinity":4,"s:41:25:41:Infinity":5,"s:43:8:48:Infinity":6,"b:47:30:47:56:47:56:47:Infinity":4,"f:47:30:47:36":3,"s:47:36:47:56":7,"b:52:7:52:17:52:17:52:Infinity":5}}}
,"C:\\Users\\yaiis\\OneDrive\\Desktop\\proyecto final fullstack\\pasteleria-react\\src\\context\\AuthContext.tsx": {"path":"C:\\Users\\yaiis\\OneDrive\\Desktop\\proyecto final fullstack\\pasteleria-react\\src\\context\\AuthContext.tsx","statementMap":{"0":{"start":{"line":33,"column":6},"end":{"line":33,"column":null}},"1":{"start":{"line":35,"column":28},"end":{"line":104,"column":null}},"2":{"start":{"line":37,"column":22},"end":{"line":44,"column":null}},"3":{"start":{"line":38,"column":4},"end":{"line":43,"column":null}},"4":{"start":{"line":39,"column":25},"end":{"line":39,"column":null}},"5":{"start":{"line":40,"column":6},"end":{"line":40,"column":null}},"6":{"start":{"line":42,"column":6},"end":{"line":42,"column":null}},"7":{"start":{"line":46,"column":26},"end":{"line":46,"column":null}},"8":{"start":{"line":48,"column":2},"end":{"line":54,"column":null}},"9":{"start":{"line":49,"column":4},"end":{"line":53,"column":null}},"10":{"start":{"line":50,"column":6},"end":{"line":50,"column":null}},"11":{"start":{"line":52,"column":6},"end":{"line":52,"column":null}},"12":{"start":{"line":56,"column":16},"end":{"line":89,"column":null}},"13":{"start":{"line":57,"column":21},"end":{"line":57,"column":null}},"14":{"start":{"line":58,"column":30},"end":{"line":58,"column":null}},"15":{"start":{"line":58,"column":49},"end":{"line":58,"column":101}},"16":{"start":{"line":60,"column":4},"end":{"line":87,"column":null}},"17":{"start":{"line":61,"column":8},"end":{"line":86,"column":null}},"18":{"start":{"line":63,"column":45},"end":{"line":73,"column":null}},"19":{"start":{"line":75,"column":12},"end":{"line":75,"column":null}},"20":{"start":{"line":78,"column":12},"end":{"line":83,"column":null}},"21":{"start":{"line":85,"column":12},"end":{"line":85,"column":null}},"22":{"start":{"line":88,"column":4},"end":{"line":88,"column":null}},"23":{"start":{"line":91,"column":28},"end":{"line":93,"column":null}},"24":{"start":{"line":92,"column":4},"end":{"line":92,"column":null}},"25":{"start":{"line":92,"column":14},"end":{"line":92,"column":null}},"26":{"start":{"line":95,"column":17},"end":{"line":97,"column":null}},"27":{"start":{"line":96,"column":4},"end":{"line":96,"column":null}},"28":{"start":{"line":99,"column":2},"end":{"line":102,"column":null}},"29":{"start":{"line":106,"column":23},"end":{"line":110,"column":null}},"30":{"start":{"line":107,"column":8},"end":{"line":107,"column":null}},"31":{"start":{"line":108,"column":2},"end":{"line":108,"column":null}},"32":{"start":{"line":108,"column":29},"end":{"line":108,"column":null}},"33":{"start":{"line":109,"column":2},"end":{"line":109,"column":null}}},"fnMap":{"0":{"name":"(anonymous_0)","decl":{"start":{"line":35,"column":28},"end":{"line":35,"column":29}},"loc":{"start":{"line":35,"column":71},"end":{"line":104,"column":null}},"line":35},"1":{"name":"(anonymous_1)","decl":{"start":{"line":37,"column":55},"end":{"line":37,"column":61}},"loc":{"start":{"line":37,"column":61},"end":{"line":44,"column":3}},"line":37},"2":{"name":"(anonymous_2)","decl":{"start":{"line":48,"column":12},"end":{"line":48,"column":18}},"loc":{"start":{"line":48,"column":18},"end":{"line":54,"column":5}},"line":48},"3":{"name":"(anonymous_3)","decl":{"start":{"line":56,"column":16},"end":{"line":56,"column":23}},"loc":{"start":{"line":56,"column":83},"end":{"line":89,"column":null}},"line":56},"4":{"name":"(anonymous_4)","decl":{"start":{"line":58,"column":44},"end":{"line":58,"column":49}},"loc":{"start":{"line":58,"column":49},"end":{"line":58,"column":101}},"line":58},"5":{"name":"(anonymous_5)","decl":{"start":{"line":91,"column":28},"end":{"line":91,"column":29}},"loc":{"start":{"line":91,"column":63},"end":{"line":93,"column":null}},"line":91},"6":{"name":"(anonymous_6)","decl":{"start":{"line":95,"column":17},"end":{"line":95,"column":23}},"loc":{"start":{"line":95,"column":23},"end":{"line":97,"column":null}},"line":95},"7":{"name":"(anonymous_7)","decl":{"start":{"line":106,"column":23},"end":{"line":106,"column":29}},"loc":{"start":{"line":106,"column":29},"end":{"line":110,"column":null}},"line":106}},"branchMap":{"0":{"loc":{"start":{"line":40,"column":13},"end":{"line":40,"column":null}},"type":"cond-expr","locations":[{"start":{"line":40,"column":26},"end":{"line":40,"column":51}},{"start":{"line":40,"column":51},"end":{"line":40,"column":null}}],"line":40},"1":{"loc":{"start":{"line":49,"column":4},"end":{"line":53,"column":null}},"type":"if","locations":[{"start":{"line":49,"column":4},"end":{"line":53,"column":null}},{"start":{"line":51,"column":11},"end":{"line":53,"column":null}}],"line":49},"2":{"loc":{"start":{"line":60,"column":4},"end":{"line":87,"column":null}},"type":"if","locations":[{"start":{"line":60,"column":4},"end":{"line":87,"column":null}},{"start":{},"end":{}}],"line":60},"3":{"loc":{"start":{"line":61,"column":8},"end":{"line":86,"column":null}},"type":"if","locations":[{"start":{"line":61,"column":8},"end":{"line":86,"column":null}},{"start":{"line":84,"column":15},"end":{"line":86,"column":null}}],"line":61},"4":{"loc":{"start":{"line":92,"column":4},"end":{"line":92,"column":null}},"type":"if","locations":[{"start":{"line":92,"column":4},"end":{"line":92,"column":null}},{"start":{},"end":{}}],"line":92},"5":{"loc":{"start":{"line":108,"column":2},"end":{"line":108,"column":null}},"type":"if","locations":[{"start":{"line":108,"column":2},"end":{"line":108,"column":null}},{"start":{},"end":{}}],"line":108}},"s":{"0":5,"1":5,"2":8,"3":6,"4":6,"5":6,"6":0,"7":8,"8":8,"9":8,"10":2,"11":6,"12":8,"13":2,"14":2,"15":2,"16":2,"17":2,"18":2,"19":2,"20":2,"21":0,"22":0,"23":8,"24":0,"25":0,"26":8,"27":0,"28":8,"29":5,"30":40,"31":40,"32":0,"33":40},"f":{"0":8,"1":6,"2":8,"3":2,"4":2,"5":0,"6":0,"7":40},"b":{"0":[0,6],"1":[2,6],"2":[2,0],"3":[2,0],"4":[0,0],"5":[0,40]},"meta":{"lastBranch":6,"lastFunction":8,"lastStatement":34,"seen":{"s:33:6:33:Infinity":0,"s:35:28:104:Infinity":1,"f:35:28:35:29":0,"s:37:22:44:Infinity":2,"f:37:55:37:61":1,"s:38:4:43:Infinity":3,"s:39:25:39:Infinity":4,"s:40:6:40:Infinity":5,"b:40:26:40:51:40:51:40:Infinity":0,"s:42:6:42:Infinity":6,"s:46:26:46:Infinity":7,"s:48:2:54:Infinity":8,"f:48:12:48:18":2,"b:49:4:53:Infinity:51:11:53:Infinity":1,"s:49:4:53:Infinity":9,"s:50:6:50:Infinity":10,"s:52:6:52:Infinity":11,"s:56:16:89:Infinity":12,"f:56:16:56:23":3,"s:57:21:57:Infinity":13,"s:58:30:58:Infinity":14,"f:58:44:58:49":4,"s:58:49:58:101":15,"b:60:4:87:Infinity:undefined:undefined:undefined:undefined":2,"s:60:4:87:Infinity":16,"b:61:8:86:Infinity:84:15:86:Infinity":3,"s:61:8:86:Infinity":17,"s:63:45:73:Infinity":18,"s:75:12:75:Infinity":19,"s:78:12:83:Infinity":20,"s:85:12:85:Infinity":21,"s:88:4:88:Infinity":22,"s:91:28:93:Infinity":23,"f:91:28:91:29":5,"b:92:4:92:Infinity:undefined:undefined:undefined:undefined":4,"s:92:4:92:Infinity":24,"s:92:14:92:Infinity":25,"s:95:17:97:Infinity":26,"f:95:17:95:23":6,"s:96:4:96:Infinity":27,"s:99:2:102:Infinity":28,"s:106:23:110:Infinity":29,"f:106:23:106:29":7,"s:107:8:107:Infinity":30,"b:108:2:108:Infinity:undefined:undefined:undefined:undefined":5,"s:108:2:108:Infinity":31,"s:108:29:108:Infinity":32,"s:109:2:109:Infinity":33}}}
,"C:\\Users\\yaiis\\OneDrive\\Desktop\\proyecto final fullstack\\pasteleria-react\\src\\context\\CarritoContext.tsx": {"path":"C:\\Users\\yaiis\\OneDrive\\Desktop\\proyecto final fullstack\\pasteleria-react\\src\\context\\CarritoContext.tsx","statementMap":{"0":{"start":{"line":25,"column":13},"end":{"line":25,"column":null}},"1":{"start":{"line":27,"column":31},"end":{"line":125,"column":null}},"2":{"start":{"line":28,"column":15},"end":{"line":28,"column":null}},"3":{"start":{"line":31,"column":27},"end":{"line":37,"column":null}},"4":{"start":{"line":32,"column":4},"end":{"line":36,"column":null}},"5":{"start":{"line":33,"column":6},"end":{"line":33,"column":null}},"6":{"start":{"line":35,"column":6},"end":{"line":35,"column":null}},"7":{"start":{"line":42,"column":24},"end":{"line":50,"column":null}},"8":{"start":{"line":43,"column":29},"end":{"line":43,"column":null}},"9":{"start":{"line":44,"column":4},"end":{"line":49,"column":null}},"10":{"start":{"line":45,"column":23},"end":{"line":45,"column":null}},"11":{"start":{"line":46,"column":6},"end":{"line":46,"column":null}},"12":{"start":{"line":48,"column":6},"end":{"line":48,"column":null}},"13":{"start":{"line":54,"column":2},"end":{"line":61,"column":null}},"14":{"start":{"line":55,"column":29},"end":{"line":55,"column":null}},"15":{"start":{"line":56,"column":4},"end":{"line":60,"column":null}},"16":{"start":{"line":57,"column":23},"end":{"line":57,"column":null}},"17":{"start":{"line":58,"column":6},"end":{"line":59,"column":null}},"18":{"start":{"line":58,"column":20},"end":{"line":58,"column":null}},"19":{"start":{"line":59,"column":11},"end":{"line":59,"column":null}},"20":{"start":{"line":60,"column":14},"end":{"line":60,"column":28}},"21":{"start":{"line":64,"column":2},"end":{"line":67,"column":null}},"22":{"start":{"line":65,"column":29},"end":{"line":65,"column":null}},"23":{"start":{"line":66,"column":4},"end":{"line":66,"column":null}},"24":{"start":{"line":71,"column":19},"end":{"line":71,"column":null}},"25":{"start":{"line":71,"column":49},"end":{"line":71,"column":88}},"26":{"start":{"line":72,"column":23},"end":{"line":72,"column":null}},"27":{"start":{"line":74,"column":2},"end":{"line":88,"column":null}},"28":{"start":{"line":76,"column":4},"end":{"line":84,"column":null}},"29":{"start":{"line":77,"column":18},"end":{"line":77,"column":null}},"30":{"start":{"line":78,"column":21},"end":{"line":78,"column":null}},"31":{"start":{"line":79,"column":17},"end":{"line":79,"column":null}},"32":{"start":{"line":80,"column":16},"end":{"line":80,"column":null}},"33":{"start":{"line":81,"column":6},"end":{"line":81,"column":null}},"34":{"start":{"line":81,"column":66},"end":{"line":81,"column":null}},"35":{"start":{"line":83,"column":6},"end":{"line":83,"column":null}},"36":{"start":{"line":83,"column":22},"end":{"line":83,"column":null}},"37":{"start":{"line":85,"column":4},"end":{"line":87,"column":null}},"38":{"start":{"line":86,"column":6},"end":{"line":86,"column":null}},"39":{"start":{"line":90,"column":22},"end":{"line":90,"column":null}},"40":{"start":{"line":91,"column":21},"end":{"line":91,"column":null}},"41":{"start":{"line":91,"column":51},"end":{"line":91,"column":74}},"42":{"start":{"line":94,"column":27},"end":{"line":102,"column":null}},"43":{"start":{"line":95,"column":31},"end":{"line":95,"column":null}},"44":{"start":{"line":96,"column":26},"end":{"line":96,"column":null}},"45":{"start":{"line":96,"column":42},"end":{"line":96,"column":106}},"46":{"start":{"line":97,"column":4},"end":{"line":101,"column":null}},"47":{"start":{"line":98,"column":6},"end":{"line":98,"column":null}},"48":{"start":{"line":98,"column":23},"end":{"line":98,"column":121}},"49":{"start":{"line":98,"column":37},"end":{"line":98,"column":120}},"50":{"start":{"line":100,"column":6},"end":{"line":100,"column":null}},"51":{"start":{"line":100,"column":23},"end":{"line":100,"column":109}},"52":{"start":{"line":104,"column":29},"end":{"line":104,"column":null}},"53":{"start":{"line":104,"column":45},"end":{"line":104,"column":null}},"54":{"start":{"line":104,"column":62},"end":{"line":104,"column":96}},"55":{"start":{"line":104,"column":79},"end":{"line":104,"column":95}},"56":{"start":{"line":106,"column":29},"end":{"line":109,"column":null}},"57":{"start":{"line":107,"column":4},"end":{"line":107,"column":null}},"58":{"start":{"line":107,"column":17},"end":{"line":107,"column":null}},"59":{"start":{"line":108,"column":4},"end":{"line":108,"column":null}},"60":{"start":{"line":108,"column":21},"end":{"line":108,"column":82}},"61":{"start":{"line":108,"column":35},"end":{"line":108,"column":81}},"62":{"start":{"line":111,"column":28},"end":{"line":113,"column":null}},"63":{"start":{"line":112,"column":4},"end":{"line":112,"column":null}},"64":{"start":{"line":112,"column":21},"end":{"line":112,"column":81}},"65":{"start":{"line":112,"column":35},"end":{"line":112,"column":80}},"66":{"start":{"line":115,"column":24},"end":{"line":115,"column":null}},"67":{"start":{"line":115,"column":30},"end":{"line":115,"column":null}},"68":{"start":{"line":117,"column":2},"end":{"line":123,"column":null}}},"fnMap":{"0":{"name":"(anonymous_0)","decl":{"start":{"line":27,"column":31},"end":{"line":27,"column":32}},"loc":{"start":{"line":27,"column":74},"end":{"line":125,"column":null}},"line":27},"1":{"name":"(anonymous_1)","decl":{"start":{"line":31,"column":27},"end":{"line":31,"column":28}},"loc":{"start":{"line":31,"column":49},"end":{"line":37,"column":null}},"line":31},"2":{"name":"(anonymous_2)","decl":{"start":{"line":42,"column":53},"end":{"line":42,"column":59}},"loc":{"start":{"line":42,"column":59},"end":{"line":50,"column":3}},"line":42},"3":{"name":"(anonymous_3)","decl":{"start":{"line":54,"column":12},"end":{"line":54,"column":18}},"loc":{"start":{"line":54,"column":18},"end":{"line":61,"column":5}},"line":54},"4":{"name":"(anonymous_4)","decl":{"start":{"line":64,"column":12},"end":{"line":64,"column":18}},"loc":{"start":{"line":64,"column":18},"end":{"line":67,"column":5}},"line":64},"5":{"name":"(anonymous_5)","decl":{"start":{"line":71,"column":32},"end":{"line":71,"column":33}},"loc":{"start":{"line":71,"column":49},"end":{"line":71,"column":88}},"line":71},"6":{"name":"(anonymous_6)","decl":{"start":{"line":91,"column":34},"end":{"line":91,"column":35}},"loc":{"start":{"line":91,"column":51},"end":{"line":91,"column":74}},"line":91},"7":{"name":"(anonymous_7)","decl":{"start":{"line":94,"column":27},"end":{"line":94,"column":28}},"loc":{"start":{"line":94,"column":87},"end":{"line":102,"column":null}},"line":94},"8":{"name":"(anonymous_8)","decl":{"start":{"line":96,"column":37},"end":{"line":96,"column":42}},"loc":{"start":{"line":96,"column":42},"end":{"line":96,"column":106}},"line":96},"9":{"name":"(anonymous_9)","decl":{"start":{"line":98,"column":15},"end":{"line":98,"column":23}},"loc":{"start":{"line":98,"column":23},"end":{"line":98,"column":121}},"line":98},"10":{"name":"(anonymous_10)","decl":{"start":{"line":98,"column":32},"end":{"line":98,"column":37}},"loc":{"start":{"line":98,"column":37},"end":{"line":98,"column":120}},"line":98},"11":{"name":"(anonymous_11)","decl":{"start":{"line":100,"column":15},"end":{"line":100,"column":23}},"loc":{"start":{"line":100,"column":23},"end":{"line":100,"column":109}},"line":100},"12":{"name":"(anonymous_12)","decl":{"start":{"line":104,"column":29},"end":{"line":104,"column":30}},"loc":{"start":{"line":104,"column":45},"end":{"line":104,"column":null}},"line":104},"13":{"name":"(anonymous_13)","decl":{"start":{"line":104,"column":54},"end":{"line":104,"column":62}},"loc":{"start":{"line":104,"column":62},"end":{"line":104,"column":96}},"line":104},"14":{"name":"(anonymous_14)","decl":{"start":{"line":104,"column":74},"end":{"line":104,"column":79}},"loc":{"start":{"line":104,"column":79},"end":{"line":104,"column":95}},"line":104},"15":{"name":"(anonymous_15)","decl":{"start":{"line":106,"column":29},"end":{"line":106,"column":30}},"loc":{"start":{"line":106,"column":58},"end":{"line":109,"column":null}},"line":106},"16":{"name":"(anonymous_16)","decl":{"start":{"line":108,"column":13},"end":{"line":108,"column":21}},"loc":{"start":{"line":108,"column":21},"end":{"line":108,"column":82}},"line":108},"17":{"name":"(anonymous_17)","decl":{"start":{"line":108,"column":30},"end":{"line":108,"column":35}},"loc":{"start":{"line":108,"column":35},"end":{"line":108,"column":81}},"line":108},"18":{"name":"(anonymous_18)","decl":{"start":{"line":111,"column":28},"end":{"line":111,"column":29}},"loc":{"start":{"line":111,"column":57},"end":{"line":113,"column":null}},"line":111},"19":{"name":"(anonymous_19)","decl":{"start":{"line":112,"column":13},"end":{"line":112,"column":21}},"loc":{"start":{"line":112,"column":21},"end":{"line":112,"column":81}},"line":112},"20":{"name":"(anonymous_20)","decl":{"start":{"line":112,"column":30},"end":{"line":112,"column":35}},"loc":{"start":{"line":112,"column":35},"end":{"line":112,"column":80}},"line":112},"21":{"name":"(anonymous_21)","decl":{"start":{"line":115,"column":24},"end":{"line":115,"column":30}},"loc":{"start":{"line":115,"column":30},"end":{"line":115,"column":null}},"line":115}},"branchMap":{"0":{"loc":{"start":{"line":32,"column":4},"end":{"line":36,"column":null}},"type":"if","locations":[{"start":{"line":32,"column":4},"end":{"line":36,"column":null}},{"start":{"line":34,"column":11},"end":{"line":36,"column":null}}],"line":32},"1":{"loc":{"start":{"line":46,"column":13},"end":{"line":46,"column":null}},"type":"cond-expr","locations":[{"start":{"line":46,"column":24},"end":{"line":46,"column":47}},{"start":{"line":46,"column":47},"end":{"line":46,"column":null}}],"line":46},"2":{"loc":{"start":{"line":58,"column":6},"end":{"line":59,"column":null}},"type":"if","locations":[{"start":{"line":58,"column":6},"end":{"line":59,"column":null}},{"start":{"line":59,"column":11},"end":{"line":59,"column":null}}],"line":58},"3":{"loc":{"start":{"line":74,"column":2},"end":{"line":88,"column":null}},"type":"if","locations":[{"start":{"line":74,"column":2},"end":{"line":88,"column":null}},{"start":{},"end":{}}],"line":74},"4":{"loc":{"start":{"line":76,"column":4},"end":{"line":84,"column":null}},"type":"if","locations":[{"start":{"line":76,"column":4},"end":{"line":84,"column":null}},{"start":{},"end":{}}],"line":76},"5":{"loc":{"start":{"line":81,"column":6},"end":{"line":81,"column":null}},"type":"if","locations":[{"start":{"line":81,"column":6},"end":{"line":81,"column":null}},{"start":{},"end":{}}],"line":81},"6":{"loc":{"start":{"line":81,"column":10},"end":{"line":81,"column":66}},"type":"binary-expr","locations":[{"start":{"line":81,"column":10},"end":{"line":81,"column":20}},{"start":{"line":81,"column":20},"end":{"line":81,"column":31}},{"start":{"line":81,"column":31},"end":{"line":81,"column":66}}],"line":81},"7":{"loc":{"start":{"line":83,"column":6},"end":{"line":83,"column":null}},"type":"if","locations":[{"start":{"line":83,"column":6},"end":{"line":83,"column":null}},{"start":{},"end":{}}],"line":83},"8":{"loc":{"start":{"line":85,"column":4},"end":{"line":87,"column":null}},"type":"if","locations":[{"start":{"line":85,"column":4},"end":{"line":87,"column":null}},{"start":{},"end":{}}],"line":85},"9":{"loc":{"start":{"line":96,"column":42},"end":{"line":96,"column":106}},"type":"binary-expr","locations":[{"start":{"line":96,"column":42},"end":{"line":96,"column":74}},{"start":{"line":96,"column":74},"end":{"line":96,"column":106}}],"line":96},"10":{"loc":{"start":{"line":97,"column":4},"end":{"line":101,"column":null}},"type":"if","locations":[{"start":{"line":97,"column":4},"end":{"line":101,"column":null}},{"start":{"line":99,"column":11},"end":{"line":101,"column":null}}],"line":97},"11":{"loc":{"start":{"line":98,"column":37},"end":{"line":98,"column":120}},"type":"cond-expr","locations":[{"start":{"line":98,"column":75},"end":{"line":98,"column":119}},{"start":{"line":98,"column":119},"end":{"line":98,"column":120}}],"line":98},"12":{"loc":{"start":{"line":107,"column":4},"end":{"line":107,"column":null}},"type":"if","locations":[{"start":{"line":107,"column":4},"end":{"line":107,"column":null}},{"start":{},"end":{}}],"line":107},"13":{"loc":{"start":{"line":108,"column":35},"end":{"line":108,"column":81}},"type":"cond-expr","locations":[{"start":{"line":108,"column":54},"end":{"line":108,"column":80}},{"start":{"line":108,"column":80},"end":{"line":108,"column":81}}],"line":108},"14":{"loc":{"start":{"line":112,"column":35},"end":{"line":112,"column":80}},"type":"cond-expr","locations":[{"start":{"line":112,"column":54},"end":{"line":112,"column":79}},{"start":{"line":112,"column":79},"end":{"line":112,"column":80}}],"line":112}},"s":{"0":4,"1":4,"2":16,"3":16,"4":30,"5":6,"6":24,"7":16,"8":6,"9":6,"10":6,"11":6,"12":0,"13":16,"14":8,"15":8,"16":8,"17":8,"18":4,"19":4,"20":0,"21":16,"22":16,"23":16,"24":16,"25":4,"26":16,"27":16,"28":4,"29":0,"30":0,"31":0,"32":0,"33":0,"34":0,"35":0,"36":0,"37":4,"38":0,"39":16,"40":16,"41":4,"42":16,"43":0,"44":0,"45":0,"46":0,"47":0,"48":0,"49":0,"50":0,"51":0,"52":16,"53":0,"54":0,"55":0,"56":16,"57":0,"58":0,"59":0,"60":0,"61":0,"62":16,"63":0,"64":0,"65":0,"66":16,"67":0,"68":16},"f":{"0":16,"1":30,"2":6,"3":8,"4":16,"5":4,"6":4,"7":0,"8":0,"9":0,"10":0,"11":0,"12":0,"13":0,"14":0,"15":0,"16":0,"17":0,"18":0,"19":0,"20":0,"21":0},"b":{"0":[6,24],"1":[4,2],"2":[4,4],"3":[4,12],"4":[0,4],"5":[0,0],"6":[0,0,0],"7":[0,0],"8":[0,4],"9":[0,0],"10":[0,0],"11":[0,0],"12":[0,0],"13":[0,0],"14":[0,0]},"meta":{"lastBranch":15,"lastFunction":22,"lastStatement":69,"seen":{"s:25:13:25:Infinity":0,"s:27:31:125:Infinity":1,"f:27:31:27:32":0,"s:28:15:28:Infinity":2,"s:31:27:37:Infinity":3,"f:31:27:31:28":1,"b:32:4:36:Infinity:34:11:36:Infinity":0,"s:32:4:36:Infinity":4,"s:33:6:33:Infinity":5,"s:35:6:35:Infinity":6,"s:42:24:50:Infinity":7,"f:42:53:42:59":2,"s:43:29:43:Infinity":8,"s:44:4:49:Infinity":9,"s:45:23:45:Infinity":10,"s:46:6:46:Infinity":11,"b:46:24:46:47:46:47:46:Infinity":1,"s:48:6:48:Infinity":12,"s:54:2:61:Infinity":13,"f:54:12:54:18":3,"s:55:29:55:Infinity":14,"s:56:4:60:Infinity":15,"s:57:23:57:Infinity":16,"b:58:6:59:Infinity:59:11:59:Infinity":2,"s:58:6:59:Infinity":17,"s:58:20:58:Infinity":18,"s:59:11:59:Infinity":19,"s:60:14:60:28":20,"s:64:2:67:Infinity":21,"f:64:12:64:18":4,"s:65:29:65:Infinity":22,"s:66:4:66:Infinity":23,"s:71:19:71:Infinity":24,"f:71:32:71:33":5,"s:71:49:71:88":25,"s:72:23:72:Infinity":26,"b:74:2:88:Infinity:undefined:undefined:undefined:undefined":3,"s:74:2:88:Infinity":27,"b:76:4:84:Infinity:undefined:undefined:undefined:undefined":4,"s:76:4:84:Infinity":28,"s:77:18:77:Infinity":29,"s:78:21:78:Infinity":30,"s:79:17:79:Infinity":31,"s:80:16:80:Infinity":32,"b:81:6:81:Infinity:undefined:undefined:undefined:undefined":5,"s:81:6:81:Infinity":33,"b:81:10:81:20:81:20:81:31:81:31:81:66":6,"s:81:66:81:Infinity":34,"b:83:6:83:Infinity:undefined:undefined:undefined:undefined":7,"s:83:6:83:Infinity":35,"s:83:22:83:Infinity":36,"b:85:4:87:Infinity:undefined:undefined:undefined:undefined":8,"s:85:4:87:Infinity":37,"s:86:6:86:Infinity":38,"s:90:22:90:Infinity":39,"s:91:21:91:Infinity":40,"f:91:34:91:35":6,"s:91:51:91:74":41,"s:94:27:102:Infinity":42,"f:94:27:94:28":7,"s:95:31:95:Infinity":43,"s:96:26:96:Infinity":44,"f:96:37:96:42":8,"s:96:42:96:106":45,"b:96:42:96:74:96:74:96:106":9,"b:97:4:101:Infinity:99:11:101:Infinity":10,"s:97:4:101:Infinity":46,"s:98:6:98:Infinity":47,"f:98:15:98:23":9,"s:98:23:98:121":48,"f:98:32:98:37":10,"s:98:37:98:120":49,"b:98:75:98:119:98:119:98:120":11,"s:100:6:100:Infinity":50,"f:100:15:100:23":11,"s:100:23:100:109":51,"s:104:29:104:Infinity":52,"f:104:29:104:30":12,"s:104:45:104:Infinity":53,"f:104:54:104:62":13,"s:104:62:104:96":54,"f:104:74:104:79":14,"s:104:79:104:95":55,"s:106:29:109:Infinity":56,"f:106:29:106:30":15,"b:107:4:107:Infinity:undefined:undefined:undefined:undefined":12,"s:107:4:107:Infinity":57,"s:107:17:107:Infinity":58,"s:108:4:108:Infinity":59,"f:108:13:108:21":16,"s:108:21:108:82":60,"f:108:30:108:35":17,"s:108:35:108:81":61,"b:108:54:108:80:108:80:108:81":13,"s:111:28:113:Infinity":62,"f:111:28:111:29":18,"s:112:4:112:Infinity":63,"f:112:13:112:21":19,"s:112:21:112:81":64,"f:112:30:112:35":20,"s:112:35:112:80":65,"b:112:54:112:79:112:79:112:80":14,"s:115:24:115:Infinity":66,"f:115:24:115:30":21,"s:115:30:115:Infinity":67,"s:117:2:123:Infinity":68}}}
,"C:\\Users\\yaiis\\OneDrive\\Desktop\\proyecto final fullstack\\pasteleria-react\\src\\context\\NotificationContext.tsx": {"path":"C:\\Users\\yaiis\\OneDrive\\Desktop\\proyecto final fullstack\\pasteleria-react\\src\\context\\NotificationContext.tsx","statementMap":{"0":{"start":{"line":12,"column":6},"end":{"line":12,"column":null}},"1":{"start":{"line":14,"column":36},"end":{"line":49,"column":null}},"2":{"start":{"line":15,"column":22},"end":{"line":15,"column":null}},"3":{"start":{"line":16,"column":28},"end":{"line":16,"column":null}},"4":{"start":{"line":17,"column":22},"end":{"line":17,"column":null}},"5":{"start":{"line":19,"column":27},"end":{"line":23,"column":null}},"6":{"start":{"line":20,"column":4},"end":{"line":20,"column":null}},"7":{"start":{"line":21,"column":4},"end":{"line":21,"column":null}},"8":{"start":{"line":22,"column":4},"end":{"line":22,"column":null}},"9":{"start":{"line":25,"column":2},"end":{"line":47,"column":null}},"10":{"start":{"line":31,"column":30},"end":{"line":31,"column":46}},"11":{"start":{"line":52,"column":31},"end":{"line":56,"column":null}},"12":{"start":{"line":53,"column":8},"end":{"line":53,"column":null}},"13":{"start":{"line":54,"column":2},"end":{"line":54,"column":null}},"14":{"start":{"line":54,"column":16},"end":{"line":54,"column":null}},"15":{"start":{"line":55,"column":2},"end":{"line":55,"column":null}}},"fnMap":{"0":{"name":"(anonymous_0)","decl":{"start":{"line":14,"column":36},"end":{"line":14,"column":37}},"loc":{"start":{"line":14,"column":79},"end":{"line":49,"column":null}},"line":14},"1":{"name":"(anonymous_1)","decl":{"start":{"line":19,"column":27},"end":{"line":19,"column":28}},"loc":{"start":{"line":19,"column":80},"end":{"line":23,"column":null}},"line":19},"2":{"name":"(anonymous_2)","decl":{"start":{"line":31,"column":24},"end":{"line":31,"column":30}},"loc":{"start":{"line":31,"column":30},"end":{"line":31,"column":46}},"line":31},"3":{"name":"(anonymous_3)","decl":{"start":{"line":52,"column":31},"end":{"line":52,"column":37}},"loc":{"start":{"line":52,"column":37},"end":{"line":56,"column":null}},"line":52}},"branchMap":{"0":{"loc":{"start":{"line":19,"column":41},"end":{"line":19,"column":80}},"type":"default-arg","locations":[{"start":{"line":19,"column":66},"end":{"line":19,"column":80}}],"line":19},"1":{"loc":{"start":{"line":34,"column":15},"end":{"line":36,"column":null}},"type":"cond-expr","locations":[{"start":{"line":34,"column":36},"end":{"line":34,"column":null}},{"start":{"line":35,"column":15},"end":{"line":36,"column":null}}],"line":34},"2":{"loc":{"start":{"line":35,"column":15},"end":{"line":36,"column":null}},"type":"cond-expr","locations":[{"start":{"line":35,"column":35},"end":{"line":35,"column":null}},{"start":{"line":36,"column":15},"end":{"line":36,"column":null}}],"line":35},"3":{"loc":{"start":{"line":36,"column":15},"end":{"line":36,"column":null}},"type":"cond-expr","locations":[{"start":{"line":36,"column":36},"end":{"line":36,"column":49}},{"start":{"line":36,"column":49},"end":{"line":36,"column":null}}],"line":36},"4":{"loc":{"start":{"line":41,"column":34},"end":{"line":41,"column":null}},"type":"cond-expr","locations":[{"start":{"line":41,"column":76},"end":{"line":41,"column":90}},{"start":{"line":41,"column":90},"end":{"line":41,"column":null}}],"line":41},"5":{"loc":{"start":{"line":41,"column":34},"end":{"line":41,"column":76}},"type":"binary-expr","locations":[{"start":{"line":41,"column":34},"end":{"line":41,"column":54}},{"start":{"line":41,"column":54},"end":{"line":41,"column":76}}],"line":41},"6":{"loc":{"start":{"line":54,"column":2},"end":{"line":54,"column":null}},"type":"if","locations":[{"start":{"line":54,"column":2},"end":{"line":54,"column":null}},{"start":{},"end":{}}],"line":54}},"s":{"0":7,"1":7,"2":20,"3":20,"4":20,"5":20,"6":7,"7":7,"8":7,"9":20,"10":0,"11":7,"12":48,"13":48,"14":0,"15":48},"f":{"0":20,"1":7,"2":0,"3":48},"b":{"0":[7],"1":[17,3],"2":[2,1],"3":[0,1],"4":[0,20],"5":[20,20],"6":[0,48]},"meta":{"lastBranch":7,"lastFunction":4,"lastStatement":16,"seen":{"s:12:6:12:Infinity":0,"s:14:36:49:Infinity":1,"f:14:36:14:37":0,"s:15:22:15:Infinity":2,"s:16:28:16:Infinity":3,"s:17:22:17:Infinity":4,"s:19:27:23:Infinity":5,"f:19:27:19:28":1,"b:19:66:19:80":0,"s:20:4:20:Infinity":6,"s:21:4:21:Infinity":7,"s:22:4:22:Infinity":8,"s:25:2:47:Infinity":9,"f:31:24:31:30":2,"s:31:30:31:46":10,"b:34:36:34:Infinity:35:15:36:Infinity":1,"b:35:35:35:Infinity:36:15:36:Infinity":2,"b:36:36:36:49:36:49:36:Infinity":3,"b:41:76:41:90:41:90:41:Infinity":4,"b:41:34:41:54:41:54:41:76":5,"s:52:31:56:Infinity":11,"f:52:31:52:37":3,"s:53:8:53:Infinity":12,"b:54:2:54:Infinity:undefined:undefined:undefined:undefined":6,"s:54:2:54:Infinity":13,"s:54:16:54:Infinity":14,"s:55:2:55:Infinity":15}}}
,"C:\\Users\\yaiis\\OneDrive\\Desktop\\proyecto final fullstack\\pasteleria-react\\src\\hooks\\useCarrito.ts": {"path":"C:\\Users\\yaiis\\OneDrive\\Desktop\\proyecto final fullstack\\pasteleria-react\\src\\hooks\\useCarrito.ts","statementMap":{"0":{"start":{"line":4,"column":26},"end":{"line":12,"column":null}},"1":{"start":{"line":5,"column":8},"end":{"line":5,"column":null}},"2":{"start":{"line":7,"column":2},"end":{"line":9,"column":null}},"3":{"start":{"line":8,"column":4},"end":{"line":8,"column":null}},"4":{"start":{"line":11,"column":2},"end":{"line":11,"column":null}}},"fnMap":{"0":{"name":"(anonymous_0)","decl":{"start":{"line":4,"column":26},"end":{"line":4,"column":32}},"loc":{"start":{"line":4,"column":32},"end":{"line":12,"column":null}},"line":4}},"branchMap":{"0":{"loc":{"start":{"line":7,"column":2},"end":{"line":9,"column":null}},"type":"if","locations":[{"start":{"line":7,"column":2},"end":{"line":9,"column":null}},{"start":{},"end":{}}],"line":7}},"s":{"0":3,"1":16,"2":16,"3":0,"4":16},"f":{"0":16},"b":{"0":[0,16]},"meta":{"lastBranch":1,"lastFunction":1,"lastStatement":5,"seen":{"s:4:26:12:Infinity":0,"f:4:26:4:32":0,"s:5:8:5:Infinity":1,"b:7:2:9:Infinity:undefined:undefined:undefined:undefined":0,"s:7:2:9:Infinity":2,"s:8:4:8:Infinity":3,"s:11:2:11:Infinity":4}}}
,"C:\\Users\\yaiis\\OneDrive\\Desktop\\proyecto final fullstack\\pasteleria-react\\src\\services\\AdminService.ts": {"path":"C:\\Users\\yaiis\\OneDrive\\Desktop\\proyecto final fullstack\\pasteleria-react\\src\\services\\AdminService.ts","statementMap":{"0":{"start":{"line":18,"column":30},"end":{"line":28,"column":null}},"1":{"start":{"line":30,"column":38},"end":{"line":53,"column":null}},"2":{"start":{"line":55,"column":21},"end":{"line":55,"column":null}},"3":{"start":{"line":59,"column":25},"end":{"line":70,"column":null}},"4":{"start":{"line":60,"column":2},"end":{"line":69,"column":null}},"5":{"start":{"line":61,"column":21},"end":{"line":61,"column":null}},"6":{"start":{"line":62,"column":4},"end":{"line":64,"column":null}},"7":{"start":{"line":63,"column":6},"end":{"line":63,"column":null}},"8":{"start":{"line":65,"column":4},"end":{"line":65,"column":null}},"9":{"start":{"line":66,"column":4},"end":{"line":66,"column":null}},"10":{"start":{"line":68,"column":4},"end":{"line":68,"column":null}},"11":{"start":{"line":72,"column":26},"end":{"line":74,"column":null}},"12":{"start":{"line":73,"column":2},"end":{"line":73,"column":null}},"13":{"start":{"line":78,"column":27},"end":{"line":93,"column":null}},"14":{"start":{"line":79,"column":2},"end":{"line":79,"column":null}},"15":{"start":{"line":79,"column":31},"end":{"line":79,"column":55}},"16":{"start":{"line":81,"column":17},"end":{"line":81,"column":null}},"17":{"start":{"line":84,"column":22},"end":{"line":84,"column":null}},"18":{"start":{"line":84,"column":41},"end":{"line":84,"column":99}},"19":{"start":{"line":86,"column":2},"end":{"line":90,"column":null}},"20":{"start":{"line":87,"column":4},"end":{"line":87,"column":null}},"21":{"start":{"line":88,"column":4},"end":{"line":88,"column":null}},"22":{"start":{"line":89,"column":4},"end":{"line":89,"column":null}},"23":{"start":{"line":92,"column":2},"end":{"line":92,"column":null}},"24":{"start":{"line":95,"column":31},"end":{"line":101,"column":null}},"25":{"start":{"line":96,"column":2},"end":{"line":96,"column":null}},"26":{"start":{"line":96,"column":31},"end":{"line":96,"column":55}},"27":{"start":{"line":97,"column":19},"end":{"line":97,"column":null}},"28":{"start":{"line":98,"column":18},"end":{"line":98,"column":null}},"29":{"start":{"line":98,"column":37},"end":{"line":98,"column":50}},"30":{"start":{"line":99,"column":2},"end":{"line":99,"column":null}},"31":{"start":{"line":99,"column":16},"end":{"line":99,"column":null}},"32":{"start":{"line":100,"column":2},"end":{"line":100,"column":null}},"33":{"start":{"line":103,"column":29},"end":{"line":113,"column":null}},"34":{"start":{"line":104,"column":2},"end":{"line":104,"column":null}},"35":{"start":{"line":104,"column":31},"end":{"line":104,"column":55}},"36":{"start":{"line":106,"column":2},"end":{"line":108,"column":null}},"37":{"start":{"line":107,"column":4},"end":{"line":107,"column":null}},"38":{"start":{"line":110,"column":17},"end":{"line":110,"column":null}},"39":{"start":{"line":111,"column":2},"end":{"line":111,"column":null}},"40":{"start":{"line":111,"column":34},"end":{"line":111,"column":47}},"41":{"start":{"line":112,"column":2},"end":{"line":112,"column":null}},"42":{"start":{"line":115,"column":27},"end":{"line":140,"column":null}},"43":{"start":{"line":116,"column":2},"end":{"line":116,"column":null}},"44":{"start":{"line":116,"column":31},"end":{"line":116,"column":55}},"45":{"start":{"line":117,"column":17},"end":{"line":117,"column":null}},"46":{"start":{"line":119,"column":16},"end":{"line":119,"column":null}},"47":{"start":{"line":119,"column":40},"end":{"line":119,"column":61}},"48":{"start":{"line":121,"column":2},"end":{"line":137,"column":null}},"49":{"start":{"line":123,"column":4},"end":{"line":125,"column":null}},"50":{"start":{"line":124,"column":8},"end":{"line":124,"column":null}},"51":{"start":{"line":129,"column":27},"end":{"line":129,"column":null}},"52":{"start":{"line":130,"column":4},"end":{"line":132,"column":null}},"53":{"start":{"line":131,"column":8},"end":{"line":131,"column":null}},"54":{"start":{"line":134,"column":4},"end":{"line":134,"column":null}},"55":{"start":{"line":136,"column":4},"end":{"line":136,"column":null}},"56":{"start":{"line":139,"column":2},"end":{"line":139,"column":null}},"57":{"start":{"line":143,"column":29},"end":{"line":151,"column":null}},"58":{"start":{"line":144,"column":4},"end":{"line":144,"column":null}},"59":{"start":{"line":144,"column":27},"end":{"line":144,"column":45}},"60":{"start":{"line":145,"column":19},"end":{"line":145,"column":null}},"61":{"start":{"line":146,"column":18},"end":{"line":146,"column":null}},"62":{"start":{"line":146,"column":42},"end":{"line":146,"column":55}},"63":{"start":{"line":147,"column":4},"end":{"line":150,"column":null}},"64":{"start":{"line":148,"column":8},"end":{"line":148,"column":null}},"65":{"start":{"line":149,"column":8},"end":{"line":149,"column":null}}},"fnMap":{"0":{"name":"(anonymous_0)","decl":{"start":{"line":59,"column":25},"end":{"line":59,"column":43}},"loc":{"start":{"line":59,"column":43},"end":{"line":70,"column":null}},"line":59},"1":{"name":"(anonymous_1)","decl":{"start":{"line":72,"column":26},"end":{"line":72,"column":27}},"loc":{"start":{"line":72,"column":49},"end":{"line":74,"column":null}},"line":72},"2":{"name":"(anonymous_2)","decl":{"start":{"line":78,"column":27},"end":{"line":78,"column":60}},"loc":{"start":{"line":78,"column":60},"end":{"line":93,"column":null}},"line":78},"3":{"name":"(anonymous_3)","decl":{"start":{"line":79,"column":20},"end":{"line":79,"column":31}},"loc":{"start":{"line":79,"column":31},"end":{"line":79,"column":55}},"line":79},"4":{"name":"(anonymous_4)","decl":{"start":{"line":84,"column":36},"end":{"line":84,"column":41}},"loc":{"start":{"line":84,"column":41},"end":{"line":84,"column":99}},"line":84},"5":{"name":"(anonymous_5)","decl":{"start":{"line":95,"column":31},"end":{"line":95,"column":38}},"loc":{"start":{"line":95,"column":73},"end":{"line":101,"column":null}},"line":95},"6":{"name":"(anonymous_6)","decl":{"start":{"line":96,"column":20},"end":{"line":96,"column":31}},"loc":{"start":{"line":96,"column":31},"end":{"line":96,"column":55}},"line":96},"7":{"name":"(anonymous_7)","decl":{"start":{"line":98,"column":32},"end":{"line":98,"column":37}},"loc":{"start":{"line":98,"column":37},"end":{"line":98,"column":50}},"line":98},"8":{"name":"(anonymous_8)","decl":{"start":{"line":103,"column":29},"end":{"line":103,"column":36}},"loc":{"start":{"line":103,"column":67},"end":{"line":113,"column":null}},"line":103},"9":{"name":"(anonymous_9)","decl":{"start":{"line":104,"column":20},"end":{"line":104,"column":31}},"loc":{"start":{"line":104,"column":31},"end":{"line":104,"column":55}},"line":104},"10":{"name":"(anonymous_10)","decl":{"start":{"line":111,"column":29},"end":{"line":111,"column":34}},"loc":{"start":{"line":111,"column":34},"end":{"line":111,"column":47}},"line":111},"11":{"name":"(anonymous_11)","decl":{"start":{"line":115,"column":27},"end":{"line":115,"column":34}},"loc":{"start":{"line":115,"column":71},"end":{"line":140,"column":null}},"line":115},"12":{"name":"(anonymous_12)","decl":{"start":{"line":116,"column":20},"end":{"line":116,"column":31}},"loc":{"start":{"line":116,"column":31},"end":{"line":116,"column":55}},"line":116},"13":{"name":"(anonymous_13)","decl":{"start":{"line":119,"column":35},"end":{"line":119,"column":40}},"loc":{"start":{"line":119,"column":40},"end":{"line":119,"column":61}},"line":119},"14":{"name":"(anonymous_14)","decl":{"start":{"line":143,"column":29},"end":{"line":143,"column":36}},"loc":{"start":{"line":143,"column":83},"end":{"line":151,"column":null}},"line":143},"15":{"name":"(anonymous_15)","decl":{"start":{"line":144,"column":22},"end":{"line":144,"column":27}},"loc":{"start":{"line":144,"column":27},"end":{"line":144,"column":45}},"line":144},"16":{"name":"(anonymous_16)","decl":{"start":{"line":146,"column":37},"end":{"line":146,"column":42}},"loc":{"start":{"line":146,"column":42},"end":{"line":146,"column":55}},"line":146}},"branchMap":{"0":{"loc":{"start":{"line":62,"column":4},"end":{"line":64,"column":null}},"type":"if","locations":[{"start":{"line":62,"column":4},"end":{"line":64,"column":null}},{"start":{},"end":{}}],"line":62},"1":{"loc":{"start":{"line":84,"column":41},"end":{"line":84,"column":99}},"type":"binary-expr","locations":[{"start":{"line":84,"column":41},"end":{"line":84,"column":70}},{"start":{"line":84,"column":70},"end":{"line":84,"column":99}}],"line":84},"2":{"loc":{"start":{"line":86,"column":2},"end":{"line":90,"column":null}},"type":"if","locations":[{"start":{"line":86,"column":2},"end":{"line":90,"column":null}},{"start":{},"end":{}}],"line":86},"3":{"loc":{"start":{"line":99,"column":2},"end":{"line":99,"column":null}},"type":"if","locations":[{"start":{"line":99,"column":2},"end":{"line":99,"column":null}},{"start":{},"end":{}}],"line":99},"4":{"loc":{"start":{"line":106,"column":2},"end":{"line":108,"column":null}},"type":"if","locations":[{"start":{"line":106,"column":2},"end":{"line":108,"column":null}},{"start":{},"end":{}}],"line":106},"5":{"loc":{"start":{"line":121,"column":2},"end":{"line":137,"column":null}},"type":"if","locations":[{"start":{"line":121,"column":2},"end":{"line":137,"column":null}},{"start":{"line":135,"column":9},"end":{"line":137,"column":null}}],"line":121},"6":{"loc":{"start":{"line":123,"column":4},"end":{"line":125,"column":null}},"type":"if","locations":[{"start":{"line":123,"column":4},"end":{"line":125,"column":null}},{"start":{},"end":{}}],"line":123},"7":{"loc":{"start":{"line":130,"column":4},"end":{"line":132,"column":null}},"type":"if","locations":[{"start":{"line":130,"column":4},"end":{"line":132,"column":null}},{"start":{},"end":{}}],"line":130},"8":{"loc":{"start":{"line":147,"column":4},"end":{"line":150,"column":null}},"type":"if","locations":[{"start":{"line":147,"column":4},"end":{"line":150,"column":null}},{"start":{},"end":{}}],"line":147}},"s":{"0":4,"1":4,"2":4,"3":4,"4":1,"5":1,"6":1,"7":0,"8":1,"9":1,"10":0,"11":4,"12":0,"13":4,"14":1,"15":1,"16":1,"17":1,"18":3,"19":1,"20":0,"21":0,"22":0,"23":1,"24":4,"25":0,"26":0,"27":0,"28":0,"29":0,"30":0,"31":0,"32":0,"33":4,"34":0,"35":0,"36":0,"37":0,"38":0,"39":0,"40":0,"41":0,"42":4,"43":0,"44":0,"45":0,"46":0,"47":0,"48":0,"49":0,"50":0,"51":0,"52":0,"53":0,"54":0,"55":0,"56":0,"57":4,"58":0,"59":0,"60":0,"61":0,"62":0,"63":0,"64":0,"65":0},"f":{"0":1,"1":0,"2":1,"3":1,"4":3,"5":0,"6":0,"7":0,"8":0,"9":0,"10":0,"11":0,"12":0,"13":0,"14":0,"15":0,"16":0},"b":{"0":[0,1],"1":[3,2],"2":[0,1],"3":[0,0],"4":[0,0],"5":[0,0],"6":[0,0],"7":[0,0],"8":[0,0]},"meta":{"lastBranch":9,"lastFunction":17,"lastStatement":66,"seen":{"s:18:30:28:Infinity":0,"s:30:38:53:Infinity":1,"s:55:21:55:Infinity":2,"s:59:25:70:Infinity":3,"f:59:25:59:43":0,"s:60:2:69:Infinity":4,"s:61:21:61:Infinity":5,"b:62:4:64:Infinity:undefined:undefined:undefined:undefined":0,"s:62:4:64:Infinity":6,"s:63:6:63:Infinity":7,"s:65:4:65:Infinity":8,"s:66:4:66:Infinity":9,"s:68:4:68:Infinity":10,"s:72:26:74:Infinity":11,"f:72:26:72:27":1,"s:73:2:73:Infinity":12,"s:78:27:93:Infinity":13,"f:78:27:78:60":2,"s:79:2:79:Infinity":14,"f:79:20:79:31":3,"s:79:31:79:55":15,"s:81:17:81:Infinity":16,"s:84:22:84:Infinity":17,"f:84:36:84:41":4,"s:84:41:84:99":18,"b:84:41:84:70:84:70:84:99":1,"b:86:2:90:Infinity:undefined:undefined:undefined:undefined":2,"s:86:2:90:Infinity":19,"s:87:4:87:Infinity":20,"s:88:4:88:Infinity":21,"s:89:4:89:Infinity":22,"s:92:2:92:Infinity":23,"s:95:31:101:Infinity":24,"f:95:31:95:38":5,"s:96:2:96:Infinity":25,"f:96:20:96:31":6,"s:96:31:96:55":26,"s:97:19:97:Infinity":27,"s:98:18:98:Infinity":28,"f:98:32:98:37":7,"s:98:37:98:50":29,"b:99:2:99:Infinity:undefined:undefined:undefined:undefined":3,"s:99:2:99:Infinity":30,"s:99:16:99:Infinity":31,"s:100:2:100:Infinity":32,"s:103:29:113:Infinity":33,"f:103:29:103:36":8,"s:104:2:104:Infinity":34,"f:104:20:104:31":9,"s:104:31:104:55":35,"b:106:2:108:Infinity:undefined:undefined:undefined:undefined":4,"s:106:2:108:Infinity":36,"s:107:4:107:Infinity":37,"s:110:17:110:Infinity":38,"s:111:2:111:Infinity":39,"f:111:29:111:34":10,"s:111:34:111:47":40,"s:112:2:112:Infinity":41,"s:115:27:140:Infinity":42,"f:115:27:115:34":11,"s:116:2:116:Infinity":43,"f:116:20:116:31":12,"s:116:31:116:55":44,"s:117:17:117:Infinity":45,"s:119:16:119:Infinity":46,"f:119:35:119:40":13,"s:119:40:119:61":47,"b:121:2:137:Infinity:135:9:137:Infinity":5,"s:121:2:137:Infinity":48,"b:123:4:125:Infinity:undefined:undefined:undefined:undefined":6,"s:123:4:125:Infinity":49,"s:124:8:124:Infinity":50,"s:129:27:129:Infinity":51,"b:130:4:132:Infinity:undefined:undefined:undefined:undefined":7,"s:130:4:132:Infinity":52,"s:131:8:131:Infinity":53,"s:134:4:134:Infinity":54,"s:136:4:136:Infinity":55,"s:139:2:139:Infinity":56,"s:143:29:151:Infinity":57,"f:143:29:143:36":14,"s:144:4:144:Infinity":58,"f:144:22:144:27":15,"s:144:27:144:45":59,"s:145:19:145:Infinity":60,"s:146:18:146:Infinity":61,"f:146:37:146:42":16,"s:146:42:146:55":62,"b:147:4:150:Infinity:undefined:undefined:undefined:undefined":8,"s:147:4:150:Infinity":63,"s:148:8:148:Infinity":64,"s:149:8:149:Infinity":65}}}
,"C:\\Users\\yaiis\\OneDrive\\Desktop\\proyecto final fullstack\\pasteleria-react\\src\\services\\PasteleriaService.ts": {"path":"C:\\Users\\yaiis\\OneDrive\\Desktop\\proyecto final fullstack\\pasteleria-react\\src\\services\\PasteleriaService.ts","statementMap":{"0":{"start":{"line":13,"column":36},"end":{"line":238,"column":null}},"1":{"start":{"line":242,"column":15},"end":{"line":242,"column":null}},"2":{"start":{"line":244,"column":17},"end":{"line":255,"column":null}},"3":{"start":{"line":245,"column":2},"end":{"line":254,"column":null}},"4":{"start":{"line":246,"column":21},"end":{"line":246,"column":null}},"5":{"start":{"line":247,"column":4},"end":{"line":249,"column":null}},"6":{"start":{"line":248,"column":6},"end":{"line":248,"column":null}},"7":{"start":{"line":250,"column":4},"end":{"line":250,"column":null}},"8":{"start":{"line":251,"column":4},"end":{"line":251,"column":null}},"9":{"start":{"line":253,"column":4},"end":{"line":253,"column":null}},"10":{"start":{"line":257,"column":18},"end":{"line":259,"column":null}},"11":{"start":{"line":258,"column":2},"end":{"line":258,"column":null}},"12":{"start":{"line":264,"column":28},"end":{"line":267,"column":null}},"13":{"start":{"line":265,"column":2},"end":{"line":265,"column":null}},"14":{"start":{"line":265,"column":31},"end":{"line":265,"column":55}},"15":{"start":{"line":266,"column":2},"end":{"line":266,"column":null}},"16":{"start":{"line":269,"column":35},"end":{"line":275,"column":null}},"17":{"start":{"line":270,"column":2},"end":{"line":270,"column":null}},"18":{"start":{"line":270,"column":31},"end":{"line":270,"column":55}},"19":{"start":{"line":271,"column":20},"end":{"line":271,"column":null}},"20":{"start":{"line":272,"column":19},"end":{"line":272,"column":null}},"21":{"start":{"line":272,"column":39},"end":{"line":272,"column":58}},"22":{"start":{"line":273,"column":2},"end":{"line":273,"column":null}},"23":{"start":{"line":273,"column":17},"end":{"line":273,"column":null}},"24":{"start":{"line":274,"column":2},"end":{"line":274,"column":null}},"25":{"start":{"line":277,"column":29},"end":{"line":282,"column":null}},"26":{"start":{"line":278,"column":2},"end":{"line":278,"column":null}},"27":{"start":{"line":278,"column":31},"end":{"line":278,"column":55}},"28":{"start":{"line":279,"column":20},"end":{"line":279,"column":null}},"29":{"start":{"line":281,"column":2},"end":{"line":281,"column":null}},"30":{"start":{"line":281,"column":40},"end":{"line":281,"column":51}},"31":{"start":{"line":284,"column":30},"end":{"line":289,"column":null}},"32":{"start":{"line":285,"column":2},"end":{"line":285,"column":null}},"33":{"start":{"line":285,"column":31},"end":{"line":285,"column":55}},"34":{"start":{"line":286,"column":18},"end":{"line":286,"column":null}},"35":{"start":{"line":287,"column":2},"end":{"line":287,"column":null}},"36":{"start":{"line":287,"column":36},"end":{"line":287,"column":55}},"37":{"start":{"line":288,"column":2},"end":{"line":288,"column":null}},"38":{"start":{"line":291,"column":28},"end":{"line":306,"column":null}},"39":{"start":{"line":292,"column":2},"end":{"line":292,"column":null}},"40":{"start":{"line":292,"column":31},"end":{"line":292,"column":55}},"41":{"start":{"line":293,"column":18},"end":{"line":293,"column":null}},"42":{"start":{"line":295,"column":16},"end":{"line":295,"column":null}},"43":{"start":{"line":295,"column":41},"end":{"line":295,"column":69}},"44":{"start":{"line":297,"column":2},"end":{"line":303,"column":null}},"45":{"start":{"line":298,"column":4},"end":{"line":298,"column":null}},"46":{"start":{"line":301,"column":4},"end":{"line":301,"column":null}},"47":{"start":{"line":301,"column":39},"end":{"line":301,"column":null}},"48":{"start":{"line":302,"column":4},"end":{"line":302,"column":null}},"49":{"start":{"line":305,"column":2},"end":{"line":305,"column":null}},"50":{"start":{"line":309,"column":36},"end":{"line":321,"column":null}},"51":{"start":{"line":310,"column":4},"end":{"line":310,"column":null}},"52":{"start":{"line":310,"column":27},"end":{"line":310,"column":45}},"53":{"start":{"line":311,"column":22},"end":{"line":311,"column":null}},"54":{"start":{"line":312,"column":18},"end":{"line":312,"column":null}},"55":{"start":{"line":312,"column":43},"end":{"line":312,"column":62}},"56":{"start":{"line":314,"column":4},"end":{"line":319,"column":null}},"57":{"start":{"line":316,"column":8},"end":{"line":316,"column":null}},"58":{"start":{"line":317,"column":8},"end":{"line":317,"column":null}},"59":{"start":{"line":318,"column":8},"end":{"line":318,"column":null}},"60":{"start":{"line":320,"column":4},"end":{"line":320,"column":null}},"61":{"start":{"line":336,"column":36},"end":{"line":355,"column":null}},"62":{"start":{"line":357,"column":20},"end":{"line":357,"column":null}},"63":{"start":{"line":359,"column":24},"end":{"line":364,"column":null}},"64":{"start":{"line":360,"column":2},"end":{"line":363,"column":null}},"65":{"start":{"line":361,"column":21},"end":{"line":361,"column":null}},"66":{"start":{"line":362,"column":4},"end":{"line":362,"column":null}},"67":{"start":{"line":363,"column":12},"end":{"line":363,"column":37}},"68":{"start":{"line":366,"column":25},"end":{"line":368,"column":null}},"69":{"start":{"line":367,"column":2},"end":{"line":367,"column":null}},"70":{"start":{"line":370,"column":29},"end":{"line":373,"column":null}},"71":{"start":{"line":371,"column":2},"end":{"line":371,"column":null}},"72":{"start":{"line":371,"column":25},"end":{"line":371,"column":43}},"73":{"start":{"line":372,"column":2},"end":{"line":372,"column":null}},"74":{"start":{"line":375,"column":37},"end":{"line":379,"column":null}},"75":{"start":{"line":376,"column":2},"end":{"line":376,"column":null}},"76":{"start":{"line":376,"column":25},"end":{"line":376,"column":43}},"77":{"start":{"line":377,"column":16},"end":{"line":377,"column":null}},"78":{"start":{"line":378,"column":2},"end":{"line":378,"column":null}},"79":{"start":{"line":378,"column":27},"end":{"line":378,"column":62}},"80":{"start":{"line":381,"column":26},"end":{"line":387,"column":null}},"81":{"start":{"line":382,"column":2},"end":{"line":382,"column":null}},"82":{"start":{"line":382,"column":25},"end":{"line":382,"column":43}},"83":{"start":{"line":383,"column":14},"end":{"line":383,"column":null}},"84":{"start":{"line":384,"column":31},"end":{"line":384,"column":null}},"85":{"start":{"line":385,"column":2},"end":{"line":385,"column":null}},"86":{"start":{"line":386,"column":2},"end":{"line":386,"column":null}},"87":{"start":{"line":389,"column":28},"end":{"line":393,"column":null}},"88":{"start":{"line":390,"column":2},"end":{"line":390,"column":null}},"89":{"start":{"line":390,"column":25},"end":{"line":390,"column":43}},"90":{"start":{"line":391,"column":14},"end":{"line":391,"column":null}},"91":{"start":{"line":392,"column":2},"end":{"line":392,"column":null}},"92":{"start":{"line":392,"column":37},"end":{"line":392,"column":48}},"93":{"start":{"line":416,"column":20},"end":{"line":416,"column":null}},"94":{"start":{"line":418,"column":24},"end":{"line":425,"column":null}},"95":{"start":{"line":419,"column":2},"end":{"line":424,"column":null}},"96":{"start":{"line":420,"column":21},"end":{"line":420,"column":null}},"97":{"start":{"line":421,"column":4},"end":{"line":421,"column":null}},"98":{"start":{"line":423,"column":4},"end":{"line":423,"column":null}},"99":{"start":{"line":427,"column":25},"end":{"line":429,"column":null}},"100":{"start":{"line":428,"column":2},"end":{"line":428,"column":null}},"101":{"start":{"line":431,"column":29},"end":{"line":434,"column":null}},"102":{"start":{"line":432,"column":2},"end":{"line":432,"column":null}},"103":{"start":{"line":432,"column":25},"end":{"line":432,"column":43}},"104":{"start":{"line":433,"column":2},"end":{"line":433,"column":null}},"105":{"start":{"line":436,"column":34},"end":{"line":444,"column":null}},"106":{"start":{"line":437,"column":2},"end":{"line":437,"column":null}},"107":{"start":{"line":437,"column":25},"end":{"line":437,"column":43}},"108":{"start":{"line":438,"column":16},"end":{"line":438,"column":null}},"109":{"start":{"line":439,"column":27},"end":{"line":441,"column":null}},"110":{"start":{"line":440,"column":4},"end":{"line":440,"column":null}},"111":{"start":{"line":443,"column":2},"end":{"line":443,"column":null}},"112":{"start":{"line":446,"column":28},"end":{"line":451,"column":null}},"113":{"start":{"line":447,"column":2},"end":{"line":447,"column":null}},"114":{"start":{"line":447,"column":25},"end":{"line":447,"column":43}},"115":{"start":{"line":448,"column":16},"end":{"line":448,"column":null}},"116":{"start":{"line":449,"column":27},"end":{"line":449,"column":null}},"117":{"start":{"line":449,"column":45},"end":{"line":449,"column":56}},"118":{"start":{"line":450,"column":2},"end":{"line":450,"column":null}}},"fnMap":{"0":{"name":"(anonymous_0)","decl":{"start":{"line":244,"column":17},"end":{"line":244,"column":36}},"loc":{"start":{"line":244,"column":36},"end":{"line":255,"column":null}},"line":244},"1":{"name":"(anonymous_1)","decl":{"start":{"line":257,"column":18},"end":{"line":257,"column":19}},"loc":{"start":{"line":257,"column":42},"end":{"line":259,"column":null}},"line":257},"2":{"name":"(anonymous_2)","decl":{"start":{"line":264,"column":28},"end":{"line":264,"column":62}},"loc":{"start":{"line":264,"column":62},"end":{"line":267,"column":null}},"line":264},"3":{"name":"(anonymous_3)","decl":{"start":{"line":265,"column":20},"end":{"line":265,"column":31}},"loc":{"start":{"line":265,"column":31},"end":{"line":265,"column":55}},"line":265},"4":{"name":"(anonymous_4)","decl":{"start":{"line":269,"column":35},"end":{"line":269,"column":42}},"loc":{"start":{"line":269,"column":81},"end":{"line":275,"column":null}},"line":269},"5":{"name":"(anonymous_5)","decl":{"start":{"line":270,"column":20},"end":{"line":270,"column":31}},"loc":{"start":{"line":270,"column":31},"end":{"line":270,"column":55}},"line":270},"6":{"name":"(anonymous_6)","decl":{"start":{"line":272,"column":34},"end":{"line":272,"column":39}},"loc":{"start":{"line":272,"column":39},"end":{"line":272,"column":58}},"line":272},"7":{"name":"(anonymous_7)","decl":{"start":{"line":277,"column":29},"end":{"line":277,"column":60}},"loc":{"start":{"line":277,"column":60},"end":{"line":282,"column":null}},"line":277},"8":{"name":"(anonymous_8)","decl":{"start":{"line":278,"column":20},"end":{"line":278,"column":31}},"loc":{"start":{"line":278,"column":31},"end":{"line":278,"column":55}},"line":278},"9":{"name":"(anonymous_9)","decl":{"start":{"line":281,"column":35},"end":{"line":281,"column":40}},"loc":{"start":{"line":281,"column":40},"end":{"line":281,"column":51}},"line":281},"10":{"name":"(anonymous_10)","decl":{"start":{"line":284,"column":30},"end":{"line":284,"column":37}},"loc":{"start":{"line":284,"column":71},"end":{"line":289,"column":null}},"line":284},"11":{"name":"(anonymous_11)","decl":{"start":{"line":285,"column":20},"end":{"line":285,"column":31}},"loc":{"start":{"line":285,"column":31},"end":{"line":285,"column":55}},"line":285},"12":{"name":"(anonymous_12)","decl":{"start":{"line":287,"column":31},"end":{"line":287,"column":36}},"loc":{"start":{"line":287,"column":36},"end":{"line":287,"column":55}},"line":287},"13":{"name":"(anonymous_13)","decl":{"start":{"line":291,"column":28},"end":{"line":291,"column":35}},"loc":{"start":{"line":291,"column":74},"end":{"line":306,"column":null}},"line":291},"14":{"name":"(anonymous_14)","decl":{"start":{"line":292,"column":20},"end":{"line":292,"column":31}},"loc":{"start":{"line":292,"column":31},"end":{"line":292,"column":55}},"line":292},"15":{"name":"(anonymous_15)","decl":{"start":{"line":295,"column":36},"end":{"line":295,"column":41}},"loc":{"start":{"line":295,"column":41},"end":{"line":295,"column":69}},"line":295},"16":{"name":"(anonymous_16)","decl":{"start":{"line":309,"column":36},"end":{"line":309,"column":43}},"loc":{"start":{"line":309,"column":80},"end":{"line":321,"column":null}},"line":309},"17":{"name":"(anonymous_17)","decl":{"start":{"line":310,"column":22},"end":{"line":310,"column":27}},"loc":{"start":{"line":310,"column":27},"end":{"line":310,"column":45}},"line":310},"18":{"name":"(anonymous_18)","decl":{"start":{"line":312,"column":38},"end":{"line":312,"column":43}},"loc":{"start":{"line":312,"column":43},"end":{"line":312,"column":62}},"line":312},"19":{"name":"(anonymous_19)","decl":{"start":{"line":359,"column":24},"end":{"line":359,"column":41}},"loc":{"start":{"line":359,"column":41},"end":{"line":364,"column":null}},"line":359},"20":{"name":"(anonymous_20)","decl":{"start":{"line":366,"column":25},"end":{"line":366,"column":26}},"loc":{"start":{"line":366,"column":47},"end":{"line":368,"column":null}},"line":366},"21":{"name":"(anonymous_21)","decl":{"start":{"line":370,"column":29},"end":{"line":370,"column":61}},"loc":{"start":{"line":370,"column":61},"end":{"line":373,"column":null}},"line":370},"22":{"name":"(anonymous_22)","decl":{"start":{"line":371,"column":20},"end":{"line":371,"column":25}},"loc":{"start":{"line":371,"column":25},"end":{"line":371,"column":43}},"line":371},"23":{"name":"(anonymous_23)","decl":{"start":{"line":375,"column":37},"end":{"line":375,"column":44}},"loc":{"start":{"line":375,"column":91},"end":{"line":379,"column":null}},"line":375},"24":{"name":"(anonymous_24)","decl":{"start":{"line":376,"column":20},"end":{"line":376,"column":25}},"loc":{"start":{"line":376,"column":25},"end":{"line":376,"column":43}},"line":376},"25":{"name":"(anonymous_25)","decl":{"start":{"line":378,"column":22},"end":{"line":378,"column":27}},"loc":{"start":{"line":378,"column":27},"end":{"line":378,"column":62}},"line":378},"26":{"name":"(anonymous_26)","decl":{"start":{"line":381,"column":26},"end":{"line":381,"column":33}},"loc":{"start":{"line":381,"column":85},"end":{"line":387,"column":null}},"line":381},"27":{"name":"(anonymous_27)","decl":{"start":{"line":382,"column":20},"end":{"line":382,"column":25}},"loc":{"start":{"line":382,"column":25},"end":{"line":382,"column":43}},"line":382},"28":{"name":"(anonymous_28)","decl":{"start":{"line":389,"column":28},"end":{"line":389,"column":35}},"loc":{"start":{"line":389,"column":65},"end":{"line":393,"column":null}},"line":389},"29":{"name":"(anonymous_29)","decl":{"start":{"line":390,"column":20},"end":{"line":390,"column":25}},"loc":{"start":{"line":390,"column":25},"end":{"line":390,"column":43}},"line":390},"30":{"name":"(anonymous_30)","decl":{"start":{"line":392,"column":32},"end":{"line":392,"column":37}},"loc":{"start":{"line":392,"column":37},"end":{"line":392,"column":48}},"line":392},"31":{"name":"(anonymous_31)","decl":{"start":{"line":418,"column":24},"end":{"line":418,"column":41}},"loc":{"start":{"line":418,"column":41},"end":{"line":425,"column":null}},"line":418},"32":{"name":"(anonymous_32)","decl":{"start":{"line":427,"column":25},"end":{"line":427,"column":26}},"loc":{"start":{"line":427,"column":47},"end":{"line":429,"column":null}},"line":427},"33":{"name":"(anonymous_33)","decl":{"start":{"line":431,"column":29},"end":{"line":431,"column":61}},"loc":{"start":{"line":431,"column":61},"end":{"line":434,"column":null}},"line":431},"34":{"name":"(anonymous_34)","decl":{"start":{"line":432,"column":20},"end":{"line":432,"column":25}},"loc":{"start":{"line":432,"column":25},"end":{"line":432,"column":43}},"line":432},"35":{"name":"(anonymous_35)","decl":{"start":{"line":436,"column":34},"end":{"line":436,"column":41}},"loc":{"start":{"line":436,"column":92},"end":{"line":444,"column":null}},"line":436},"36":{"name":"(anonymous_36)","decl":{"start":{"line":437,"column":20},"end":{"line":437,"column":25}},"loc":{"start":{"line":437,"column":25},"end":{"line":437,"column":43}},"line":437},"37":{"name":"(anonymous_37)","decl":{"start":{"line":439,"column":37},"end":{"line":439,"column":null}},"loc":{"start":{"line":440,"column":4},"end":{"line":440,"column":null}},"line":440},"38":{"name":"(anonymous_38)","decl":{"start":{"line":446,"column":28},"end":{"line":446,"column":35}},"loc":{"start":{"line":446,"column":65},"end":{"line":451,"column":null}},"line":446},"39":{"name":"(anonymous_39)","decl":{"start":{"line":447,"column":20},"end":{"line":447,"column":25}},"loc":{"start":{"line":447,"column":25},"end":{"line":447,"column":43}},"line":447},"40":{"name":"(anonymous_40)","decl":{"start":{"line":449,"column":40},"end":{"line":449,"column":45}},"loc":{"start":{"line":449,"column":45},"end":{"line":449,"column":56}},"line":449}},"branchMap":{"0":{"loc":{"start":{"line":247,"column":4},"end":{"line":249,"column":null}},"type":"if","locations":[{"start":{"line":247,"column":4},"end":{"line":249,"column":null}},{"start":{},"end":{}}],"line":247},"1":{"loc":{"start":{"line":273,"column":2},"end":{"line":273,"column":null}},"type":"if","locations":[{"start":{"line":273,"column":2},"end":{"line":273,"column":null}},{"start":{},"end":{}}],"line":273},"2":{"loc":{"start":{"line":297,"column":2},"end":{"line":303,"column":null}},"type":"if","locations":[{"start":{"line":297,"column":2},"end":{"line":303,"column":null}},{"start":{"line":299,"column":9},"end":{"line":303,"column":null}}],"line":297},"3":{"loc":{"start":{"line":301,"column":4},"end":{"line":301,"column":null}},"type":"if","locations":[{"start":{"line":301,"column":4},"end":{"line":301,"column":null}},{"start":{},"end":{}}],"line":301},"4":{"loc":{"start":{"line":314,"column":4},"end":{"line":319,"column":null}},"type":"if","locations":[{"start":{"line":314,"column":4},"end":{"line":319,"column":null}},{"start":{},"end":{}}],"line":314},"5":{"loc":{"start":{"line":362,"column":11},"end":{"line":362,"column":null}},"type":"cond-expr","locations":[{"start":{"line":362,"column":22},"end":{"line":362,"column":45}},{"start":{"line":362,"column":45},"end":{"line":362,"column":null}}],"line":362},"6":{"loc":{"start":{"line":421,"column":11},"end":{"line":421,"column":null}},"type":"cond-expr","locations":[{"start":{"line":421,"column":22},"end":{"line":421,"column":45}},{"start":{"line":421,"column":45},"end":{"line":421,"column":null}}],"line":421},"7":{"loc":{"start":{"line":440,"column":4},"end":{"line":440,"column":null}},"type":"cond-expr","locations":[{"start":{"line":440,"column":18},"end":{"line":440,"column":50}},{"start":{"line":440,"column":50},"end":{"line":440,"column":null}}],"line":440}},"s":{"0":1,"1":1,"2":1,"3":6,"4":6,"5":6,"6":2,"7":4,"8":4,"9":0,"10":1,"11":1,"12":1,"13":1,"14":1,"15":1,"16":1,"17":4,"18":4,"19":4,"20":4,"21":19,"22":4,"23":1,"24":3,"25":1,"26":0,"27":0,"28":0,"29":0,"30":0,"31":1,"32":0,"33":0,"34":0,"35":0,"36":0,"37":0,"38":1,"39":0,"40":0,"41":0,"42":0,"43":0,"44":0,"45":0,"46":0,"47":0,"48":0,"49":0,"50":1,"51":1,"52":1,"53":1,"54":1,"55":1,"56":1,"57":1,"58":1,"59":1,"60":0,"61":1,"62":1,"63":1,"64":1,"65":1,"66":1,"67":0,"68":1,"69":1,"70":1,"71":0,"72":0,"73":0,"74":1,"75":0,"76":0,"77":0,"78":0,"79":0,"80":1,"81":1,"82":1,"83":1,"84":1,"85":1,"86":1,"87":1,"88":0,"89":0,"90":0,"91":0,"92":0,"93":1,"94":1,"95":1,"96":1,"97":1,"98":0,"99":1,"100":0,"101":1,"102":1,"103":1,"104":1,"105":1,"106":0,"107":0,"108":0,"109":0,"110":0,"111":0,"112":1,"113":0,"114":0,"115":0,"116":0,"117":0,"118":0},"f":{"0":6,"1":1,"2":1,"3":1,"4":4,"5":4,"6":19,"7":0,"8":0,"9":0,"10":0,"11":0,"12":0,"13":0,"14":0,"15":0,"16":1,"17":1,"18":1,"19":1,"20":1,"21":0,"22":0,"23":0,"24":0,"25":0,"26":1,"27":1,"28":0,"29":0,"30":0,"31":1,"32":0,"33":1,"34":1,"35":0,"36":0,"37":0,"38":0,"39":0,"40":0},"b":{"0":[2,4],"1":[1,3],"2":[0,0],"3":[0,0],"4":[1,0],"5":[0,1],"6":[0,1],"7":[0,0]},"meta":{"lastBranch":8,"lastFunction":41,"lastStatement":119,"seen":{"s:13:36:238:Infinity":0,"s:242:15:242:Infinity":1,"s:244:17:255:Infinity":2,"f:244:17:244:36":0,"s:245:2:254:Infinity":3,"s:246:21:246:Infinity":4,"b:247:4:249:Infinity:undefined:undefined:undefined:undefined":0,"s:247:4:249:Infinity":5,"s:248:6:248:Infinity":6,"s:250:4:250:Infinity":7,"s:251:4:251:Infinity":8,"s:253:4:253:Infinity":9,"s:257:18:259:Infinity":10,"f:257:18:257:19":1,"s:258:2:258:Infinity":11,"s:264:28:267:Infinity":12,"f:264:28:264:62":2,"s:265:2:265:Infinity":13,"f:265:20:265:31":3,"s:265:31:265:55":14,"s:266:2:266:Infinity":15,"s:269:35:275:Infinity":16,"f:269:35:269:42":4,"s:270:2:270:Infinity":17,"f:270:20:270:31":5,"s:270:31:270:55":18,"s:271:20:271:Infinity":19,"s:272:19:272:Infinity":20,"f:272:34:272:39":6,"s:272:39:272:58":21,"b:273:2:273:Infinity:undefined:undefined:undefined:undefined":1,"s:273:2:273:Infinity":22,"s:273:17:273:Infinity":23,"s:274:2:274:Infinity":24,"s:277:29:282:Infinity":25,"f:277:29:277:60":7,"s:278:2:278:Infinity":26,"f:278:20:278:31":8,"s:278:31:278:55":27,"s:279:20:279:Infinity":28,"s:281:2:281:Infinity":29,"f:281:35:281:40":9,"s:281:40:281:51":30,"s:284:30:289:Infinity":31,"f:284:30:284:37":10,"s:285:2:285:Infinity":32,"f:285:20:285:31":11,"s:285:31:285:55":33,"s:286:18:286:Infinity":34,"s:287:2:287:Infinity":35,"f:287:31:287:36":12,"s:287:36:287:55":36,"s:288:2:288:Infinity":37,"s:291:28:306:Infinity":38,"f:291:28:291:35":13,"s:292:2:292:Infinity":39,"f:292:20:292:31":14,"s:292:31:292:55":40,"s:293:18:293:Infinity":41,"s:295:16:295:Infinity":42,"f:295:36:295:41":15,"s:295:41:295:69":43,"b:297:2:303:Infinity:299:9:303:Infinity":2,"s:297:2:303:Infinity":44,"s:298:4:298:Infinity":45,"b:301:4:301:Infinity:undefined:undefined:undefined:undefined":3,"s:301:4:301:Infinity":46,"s:301:39:301:Infinity":47,"s:302:4:302:Infinity":48,"s:305:2:305:Infinity":49,"s:309:36:321:Infinity":50,"f:309:36:309:43":16,"s:310:4:310:Infinity":51,"f:310:22:310:27":17,"s:310:27:310:45":52,"s:311:22:311:Infinity":53,"s:312:18:312:Infinity":54,"f:312:38:312:43":18,"s:312:43:312:62":55,"b:314:4:319:Infinity:undefined:undefined:undefined:undefined":4,"s:314:4:319:Infinity":56,"s:316:8:316:Infinity":57,"s:317:8:317:Infinity":58,"s:318:8:318:Infinity":59,"s:320:4:320:Infinity":60,"s:336:36:355:Infinity":61,"s:357:20:357:Infinity":62,"s:359:24:364:Infinity":63,"f:359:24:359:41":19,"s:360:2:363:Infinity":64,"s:361:21:361:Infinity":65,"s:362:4:362:Infinity":66,"b:362:22:362:45:362:45:362:Infinity":5,"s:363:12:363:37":67,"s:366:25:368:Infinity":68,"f:366:25:366:26":20,"s:367:2:367:Infinity":69,"s:370:29:373:Infinity":70,"f:370:29:370:61":21,"s:371:2:371:Infinity":71,"f:371:20:371:25":22,"s:371:25:371:43":72,"s:372:2:372:Infinity":73,"s:375:37:379:Infinity":74,"f:375:37:375:44":23,"s:376:2:376:Infinity":75,"f:376:20:376:25":24,"s:376:25:376:43":76,"s:377:16:377:Infinity":77,"s:378:2:378:Infinity":78,"f:378:22:378:27":25,"s:378:27:378:62":79,"s:381:26:387:Infinity":80,"f:381:26:381:33":26,"s:382:2:382:Infinity":81,"f:382:20:382:25":27,"s:382:25:382:43":82,"s:383:14:383:Infinity":83,"s:384:31:384:Infinity":84,"s:385:2:385:Infinity":85,"s:386:2:386:Infinity":86,"s:389:28:393:Infinity":87,"f:389:28:389:35":28,"s:390:2:390:Infinity":88,"f:390:20:390:25":29,"s:390:25:390:43":89,"s:391:14:391:Infinity":90,"s:392:2:392:Infinity":91,"f:392:32:392:37":30,"s:392:37:392:48":92,"s:416:20:416:Infinity":93,"s:418:24:425:Infinity":94,"f:418:24:418:41":31,"s:419:2:424:Infinity":95,"s:420:21:420:Infinity":96,"s:421:4:421:Infinity":97,"b:421:22:421:45:421:45:421:Infinity":6,"s:423:4:423:Infinity":98,"s:427:25:429:Infinity":99,"f:427:25:427:26":32,"s:428:2:428:Infinity":100,"s:431:29:434:Infinity":101,"f:431:29:431:61":33,"s:432:2:432:Infinity":102,"f:432:20:432:25":34,"s:432:25:432:43":103,"s:433:2:433:Infinity":104,"s:436:34:444:Infinity":105,"f:436:34:436:41":35,"s:437:2:437:Infinity":106,"f:437:20:437:25":36,"s:437:25:437:43":107,"s:438:16:438:Infinity":108,"s:439:27:441:Infinity":109,"f:439:37:439:Infinity":37,"s:440:4:440:Infinity":110,"b:440:18:440:50:440:50:440:Infinity":7,"s:443:2:443:Infinity":111,"s:446:28:451:Infinity":112,"f:446:28:446:35":38,"s:447:2:447:Infinity":113,"f:447:20:447:25":39,"s:447:25:447:43":114,"s:448:16:448:Infinity":115,"s:449:27:449:Infinity":116,"f:449:40:449:45":40,"s:449:45:449:56":117,"s:450:2:450:Infinity":118}}}
,"C:\\Users\\yaiis\\OneDrive\\Desktop\\proyecto final fullstack\\pasteleria-react\\src\\test\\utils\\renderWithRouter.tsx": {"path":"C:\\Users\\yaiis\\OneDrive\\Desktop\\proyecto final fullstack\\pasteleria-react\\src\\test\\utils\\renderWithRouter.tsx","statementMap":{"0":{"start":{"line":6,"column":32},"end":{"line":12,"column":null}},"1":{"start":{"line":7,"column":2},"end":{"line":11,"column":null}}},"fnMap":{"0":{"name":"(anonymous_0)","decl":{"start":{"line":6,"column":32},"end":{"line":6,"column":33}},"loc":{"start":{"line":6,"column":76},"end":{"line":12,"column":null}},"line":6}},"branchMap":{"0":{"loc":{"start":{"line":6,"column":51},"end":{"line":6,"column":76}},"type":"default-arg","locations":[{"start":{"line":6,"column":69},"end":{"line":6,"column":76}}],"line":6},"1":{"loc":{"start":{"line":6,"column":53},"end":{"line":6,"column":65}},"type":"default-arg","locations":[{"start":{"line":6,"column":61},"end":{"line":6,"column":65}}],"line":6}},"s":{"0":7,"1":14},"f":{"0":14},"b":{"0":[14],"1":[14]},"meta":{"lastBranch":2,"lastFunction":1,"lastStatement":2,"seen":{"s:6:32:12:Infinity":0,"f:6:32:6:33":0,"b:6:69:6:76":0,"b:6:61:6:65":1,"s:7:2:11:Infinity":1}}}
,"C:\\Users\\yaiis\\OneDrive\\Desktop\\proyecto final fullstack\\pasteleria-react\\src\\views\\Carrito.tsx": {"path":"C:\\Users\\yaiis\\OneDrive\\Desktop\\proyecto final fullstack\\pasteleria-react\\src\\views\\Carrito.tsx","statementMap":{"0":{"start":{"line":13,"column":26},"end":{"line":13,"column":null}},"1":{"start":{"line":22,"column":2},"end":{"line":22,"column":null}},"2":{"start":{"line":25,"column":32},"end":{"line":25,"column":null}},"3":{"start":{"line":26,"column":46},"end":{"line":26,"column":null}},"4":{"start":{"line":29,"column":40},"end":{"line":29,"column":null}},"5":{"start":{"line":30,"column":36},"end":{"line":30,"column":null}},"6":{"start":{"line":31,"column":48},"end":{"line":31,"column":null}},"7":{"start":{"line":34,"column":24},"end":{"line":40,"column":null}},"8":{"start":{"line":35,"column":19},"end":{"line":35,"column":null}},"9":{"start":{"line":36,"column":4},"end":{"line":39,"column":null}},"10":{"start":{"line":43,"column":26},"end":{"line":46,"column":null}},"11":{"start":{"line":44,"column":4},"end":{"line":44,"column":null}},"12":{"start":{"line":45,"column":4},"end":{"line":45,"column":null}},"13":{"start":{"line":48,"column":27},"end":{"line":51,"column":null}},"14":{"start":{"line":49,"column":4},"end":{"line":49,"column":null}},"15":{"start":{"line":50,"column":4},"end":{"line":50,"column":null}},"16":{"start":{"line":53,"column":34},"end":{"line":58,"column":null}},"17":{"start":{"line":54,"column":4},"end":{"line":56,"column":null}},"18":{"start":{"line":55,"column":6},"end":{"line":55,"column":null}},"19":{"start":{"line":57,"column":4},"end":{"line":57,"column":null}},"20":{"start":{"line":61,"column":27},"end":{"line":65,"column":null}},"21":{"start":{"line":62,"column":4},"end":{"line":62,"column":null}},"22":{"start":{"line":63,"column":4},"end":{"line":63,"column":null}},"23":{"start":{"line":64,"column":4},"end":{"line":64,"column":null}},"24":{"start":{"line":67,"column":25},"end":{"line":73,"column":null}},"25":{"start":{"line":68,"column":4},"end":{"line":70,"column":null}},"26":{"start":{"line":69,"column":6},"end":{"line":69,"column":null}},"27":{"start":{"line":71,"column":4},"end":{"line":71,"column":null}},"28":{"start":{"line":72,"column":4},"end":{"line":72,"column":null}},"29":{"start":{"line":75,"column":35},"end":{"line":80,"column":null}},"30":{"start":{"line":76,"column":16},"end":{"line":76,"column":null}},"31":{"start":{"line":77,"column":4},"end":{"line":79,"column":null}},"32":{"start":{"line":78,"column":6},"end":{"line":78,"column":null}},"33":{"start":{"line":82,"column":2},"end":{"line":269,"column":null}},"34":{"start":{"line":116,"column":16},"end":{"line":185,"column":null}},"35":{"start":{"line":144,"column":41},"end":{"line":144,"column":null}},"36":{"start":{"line":169,"column":78},"end":{"line":169,"column":null}},"37":{"start":{"line":178,"column":39},"end":{"line":178,"column":null}},"38":{"start":{"line":200,"column":20},"end":{"line":205,"column":null}},"39":{"start":{"line":239,"column":48},"end":{"line":239,"column":73}},"40":{"start":{"line":249,"column":31},"end":{"line":249,"column":null}},"41":{"start":{"line":260,"column":53},"end":{"line":260,"column":78}}},"fnMap":{"0":{"name":"Carrito","decl":{"start":{"line":10,"column":9},"end":{"line":10,"column":19}},"loc":{"start":{"line":10,"column":19},"end":{"line":271,"column":null}},"line":10},"1":{"name":"(anonymous_1)","decl":{"start":{"line":34,"column":24},"end":{"line":34,"column":25}},"loc":{"start":{"line":34,"column":52},"end":{"line":40,"column":null}},"line":34},"2":{"name":"(anonymous_2)","decl":{"start":{"line":43,"column":26},"end":{"line":43,"column":27}},"loc":{"start":{"line":43,"column":50},"end":{"line":46,"column":null}},"line":43},"3":{"name":"(anonymous_3)","decl":{"start":{"line":48,"column":27},"end":{"line":48,"column":33}},"loc
[...]
,"column":6},"end":{"line":35,"column":null}}],"line":34},"1":{"loc":{"start":{"line":39,"column":6},"end":{"line":41,"column":null}},"type":"binary-expr","locations":[{"start":{"line":39,"column":6},"end":{"line":39,"column":null}},{"start":{"line":40,"column":7},"end":{"line":40,"column":37}},{"start":{"line":40,"column":37},"end":{"line":40,"column":null}},{"start":{"line":41,"column":7},"end":{"line":41,"column":39}},{"start":{"line":41,"column":39},"end":{"line":41,"column":null}}],"line":39},"2":{"loc":{"start":{"line":43,"column":11},"end":{"line":43,"column":null}},"type":"binary-expr","locations":[{"start":{"line":43,"column":11},"end":{"line":43,"column":28}},{"start":{"line":43,"column":28},"end":{"line":43,"column":null}}],"line":43},"3":{"loc":{"start":{"line":54,"column":12},"end":{"line":54,"column":null}},"type":"cond-expr","locations":[{"start":{"line":54,"column":43},"end":{"line":54,"column":75}},{"start":{"line":54,"column":75},"end":{"line":54,"column":null}}],"line":54},"4":{"loc":{"start":{"line":58,"column":24},"end":{"line":58,"column":67}},"type":"cond-expr","locations":[{"start":{"line":58,"column":38},"end":{"line":58,"column":53}},{"start":{"line":58,"column":53},"end":{"line":58,"column":67}}],"line":58},"5":{"loc":{"start":{"line":59,"column":12},"end":{"line":59,"column":null}},"type":"cond-expr","locations":[{"start":{"line":59,"column":26},"end":{"line":59,"column":38}},{"start":{"line":59,"column":38},"end":{"line":59,"column":null}}],"line":59},"6":{"loc":{"start":{"line":72,"column":4},"end":{"line":77,"column":null}},"type":"if","locations":[{"start":{"line":72,"column":4},"end":{"line":77,"column":null}},{"start":{},"end":{}}],"line":72},"7":{"loc":{"start":{"line":112,"column":27},"end":{"line":112,"column":null}},"type":"cond-expr","locations":[{"start":{"line":112,"column":54},"end":{"line":112,"column":94}},{"start":{"line":112,"column":94},"end":{"line":112,"column":null}}],"line":112},"8":{"loc":{"start":{"line":138,"column":44},"end":{"line":138,"column":null}},"type":"cond-expr","locations":[{"start":{"line":138,"column":56},"end":{"line":138,"column":80}},{"start":{"line":138,"column":80},"end":{"line":138,"column":null}}],"line":138},"9":{"loc":{"start":{"line":147,"column":31},"end":{"line":147,"column":null}},"type":"cond-expr","locations":[{"start":{"line":147,"column":42},"end":{"line":147,"column":66}},{"start":{"line":147,"column":66},"end":{"line":147,"column":null}}],"line":147},"10":{"loc":{"start":{"line":150,"column":49},"end":{"line":150,"column":90}},"type":"cond-expr","locations":[{"start":{"line":150,"column":60},"end":{"line":150,"column":77}},{"start":{"line":150,"column":77},"end":{"line":150,"column":90}}],"line":150},"11":{"loc":{"start":{"line":151,"column":25},"end":{"line":151,"column":null}},"type":"cond-expr","locations":[{"start":{"line":151,"column":36},"end":{"line":151,"column":47}},{"start":{"line":151,"column":47},"end":{"line":151,"column":null}}],"line":151},"12":{"loc":{"start":{"line":160,"column":110},"end":{"line":160,"column":129}},"type":"cond-expr","locations":[{"start":{"line":160,"column":121},"end":{"line":160,"column":125}},{"start":{"line":160,"column":125},"end":{"line":160,"column":129}}],"line":160},"13":{"loc":{"start":{"line":165,"column":21},"end":{"line":165,"column":null}},"type":"binary-expr","locations":[{"start":{"line":165,"column":21},"end":{"line":165,"column":34}},{"start":{"line":165,"column":34},"end":{"line":165,"column":null}}],"line":165},"14":{"loc":{"start":{"line":194,"column":13},"end":{"line":199,"column":null}},"type":"binary-expr","locations":[{"start":{"line":194,"column":13},"end":{"line":194,"column":null}},{"start":{"line":195,"column":14},"end":{"line":199,"column":null}}],"line":194}},"s":{"0":7,"1":7,"2":7,"3":7,"4":7,"5":7,"6":7,"7":3,"8":3,"9":7,"10":3,"11":7,"12":8,"13":8,"14":8,"15":7,"16":1,"17":1,"18":1,"19":0,"20":0,"21":1,"22":0,"23":7,"24":0,"25":0,"26":7,"27":0,"28":0,"29":0,"30":0,"31":0,"32":7,"33":0,"34":1,"35":7,"36":1,"37":0,"38":0},"f":{"0":7,"1":3,"2":3,"3":8,"4":1,"5":0,"6":0,"7":0,"8":0,"9":0,"10":1,"11":7,"12":1,"13":0,"14":0},"b":{"0":[8,0],"1":[8,2,2,1,0],"2":[8,8],"3":[0,0],"4":[0,1],"5":[0,1],"6":[0,0],"7":[1,6],"8":[3,4],"9":[4,3],"10":[4,3],"11":[4,3],"12":[4,3],"13":[7,3],"14":[7,3]},"meta":{"lastBranch":15,"lastFunction":15,"lastStatement":39,"seen":{"f:9:9:9:26":0,"s:10:32:10:Infinity":0,"s:11:27:11:Infinity":1,"s:14:36:14:Infinity":2,"s:15:38:15:Infinity":3,"s:18:32:18:Infinity":4,"s:19:48:19:Infinity":5,"s:21:22:24:Infinity":6,"f:21:22:21:34":1,"s:22:17:22:Infinity":7,"s:23:4:23:Infinity":8,"s:26:2:28:Infinity":9,"f:26:12:26:18":2,"s:27:4:27:Infinity":10,"s:31:29:44:Infinity":11,"f:31:46:31:51":3,"s:34:6:35:Infinity":12,"b:34:6:34:Infinity:35:6:35:Infinity":0,"s:39:6:41:Infinity":13,"b:39:6:39:Infinity:40:7:40:37:40:37:40:Infinity:41:7:41:39:41:39:41:Infinity":1,"s:43:4:43:Infinity":14,"b:43:11:43:28:43:28:43:Infinity":2,"s:48:29:64:Infinity":15,"f:48:29:48:36":4,"s:49:4:63:Infinity":16,"s:50:28:50:Infinity":17,"s:53:8:55:Infinity":18,"f:53:21:53:29":5,"s:53:29:55:9":19,"f:53:38:53:Infinity":6,"s:54:12:54:Infinity":20,"b:54:43:54:75:54:75:54:Infinity":3,"s:57:8:60:Infinity":21,"b:58:38:58:53:58:53:58:67":4,"b:59:26:59:38:59:38:59:Infinity":5,"s:62:8:62:Infinity":22,"s:66:28:69:Infinity":23,"f:66:28:66:29":7,"s:67:4:67:Infinity":24,"s:68:4:68:Infinity":25,"s:71:24:78:Infinity":26,"f:71:24:71:36":8,"b:72:4:77:Infinity:undefined:undefined:undefined:undefined":6,"s:72:4:77:Infinity":27,"s:73:6:73:Infinity":28,"s:74:6:74:Infinity":29,"s:75:6:75:Infinity":30,"s:76:6:76:Infinity":31,"s:80:2:218:Infinity":32,"f:99:28:99:29":9,"s:99:35:99:Infinity":33,"f:111:26:111:27":10,"s:111:33:111:Infinity":34,"b:112:54:112:94:112:94:112:Infinity":7,"f:137:36:137:37":11,"s:138:14:192:Infinity":35,"b:138:56:138:80:138:80:138:Infinity":8,"f:146:34:146:40":12,"s:146:40:146:Infinity":36,"b:147:42:147:66:147:66:147:Infinity":9,"b:150:60:150:77:150:77:150:90":10,"b:151:36:151:47:151:47:151:Infinity":11,"b:160:121:160:125:160:125:160:129":12,"b:165:21:165:34:165:34:165:Infinity":13,"f:184:31:184:37":13,"s:184:37:184:Infinity":37,"b:194:13:194:Infinity:195:14:199:Infinity":14,"f:208:20:208:26":14,"s:208:26:208:Infinity":38}}}
,"C:\\Users\\yaiis\\OneDrive\\Desktop\\proyecto final fullstack\\pasteleria-react\\src\\views\\admin\\AdminUsuarios.tsx": {"path":"C:\\Users\\yaiis\\OneDrive\\Desktop\\proyecto final fullstack\\pasteleria-react\\src\\views\\admin\\AdminUsuarios.tsx","statementMap":{"0":{"start":{"line":11,"column":30},"end":{"line":11,"column":null}},"1":{"start":{"line":12,"column":26},"end":{"line":12,"column":null}},"2":{"start":{"line":15,"column":48},"end":{"line":15,"column":null}},"3":{"start":{"line":16,"column":46},"end":{"line":16,"column":null}},"4":{"start":{"line":18,"column":46},"end":{"line":18,"column":null}},"5":{"start":{"line":19,"column":52},"end":{"line":19,"column":null}},"6":{"start":{"line":21,"column":23},"end":{"line":21,"column":null}},"7":{"start":{"line":22,"column":27},"end":{"line":22,"column":null}},"8":{"start":{"line":23,"column":8},"end":{"line":23,"column":null}},"9":{"start":{"line":24,"column":28},"end":{"line":24,"column":null}},"10":{"start":{"line":26,"column":22},"end":{"line":29,"column":null}},"11":{"start":{"line":27,"column":17},"end":{"line":27,"column":null}},"12":{"start":{"line":28,"column":4},"end":{"line":28,"column":null}},"13":{"start":{"line":31,"column":2},"end":{"line":33,"column":null}},"14":{"start":{"line":32,"column":4},"end":{"line":32,"column":null}},"15":{"start":{"line":35,"column":28},"end":{"line":39,"column":null}},"16":{"start":{"line":36,"column":4},"end":{"line":38,"column":null}},"17":{"start":{"line":41,"column":28},"end":{"line":51,"column":null}},"18":{"start":{"line":43,"column":4},"end":{"line":46,"column":null}},"19":{"start":{"line":44,"column":6},"end":{"line":44,"column":null}},"20":{"start":{"line":45,"column":6},"end":{"line":45,"column":null}},"21":{"start":{"line":49,"column":4},"end":{"line":49,"column":null}},"22":{"start":{"line":50,"column":4},"end":{"line":50,"column":null}},"23":{"start":{"line":53,"column":24},"end":{"line":70,"column":null}},"24":{"start":{"line":54,"column":4},"end":{"line":69,"column":null}},"25":{"start":{"line":55,"column":6},"end":{"line":55,"column":null}},"26":{"start":{"line":58,"column":6},"end":{"line":64,"column":null}},"27":{"start":{"line":59,"column":9},"end":{"line":59,"column":null}},"28":{"start":{"line":60,"column":9},"end":{"line":60,"column":null}},"29":{"start":{"line":61,"column":9},"end":{"line":61,"column":null}},"30":{"start":{"line":62,"column":9},"end":{"line":62,"column":null}},"31":{"start":{"line":63,"column":9},"end":{"line":63,"column":null}},"32":{"start":{"line":66,"column":6},"end":{"line":66,"column":null}},"33":{"start":{"line":67,"column":6},"end":{"line":67,"column":null}},"34":{"start":{"line":68,"column":6},"end":{"line":68,"column":null}},"35":{"start":{"line":72,"column":27},"end":{"line":75,"column":null}},"36":{"start":{"line":73,"column":4},"end":{"line":73,"column":null}},"37":{"start":{"line":74,"column":4},"end":{"line":74,"column":null}},"38":{"start":{"line":77,"column":2},"end":{"line":220,"column":null}},"39":{"start":{"line":91,"column":27},"end":{"line":91,"column":null}},"40":{"start":{"line":108,"column":35},"end":{"line":108,"column":null}},"41":{"start":{"line":109,"column":28},"end":{"line":109,"column":null}},"42":{"start":{"line":111,"column":14},"end":{"line":156,"column":null}},"43":{"start":{"line":126,"column":39},"end":{"line":126,"column":null}},"44":{"start":{"line":146,"column":39},"end":{"line":146,"column":null}},"45":{"start":{"line":164,"column":51},"end":{"line":164,"column":79}},"46":{"start":{"line":198,"column":65},"end":{"line":198,"column":93}},"47":{"start":{"line":202,"column":94},"end":{"line":202,"column":123}}},"fnMap":{"0":{"name":"AdminUsuarios","decl":{"start":{"line":10,"column":9},"end":{"line":10,"column":25}},"loc":{"start":{"line":10,"column":25},"end":{"line":222,"column":null}},"line":10},"1":{"name":"(anonymous_1)","decl":{"start":{"line":26,"column":22},"end":{"line":26,"column":34}},"loc":{"start":{"line":26,"column":34},"end":{"line":29,"column":null}},"line":26},"2":{"name":"(anonymous_2)","decl":{"start":{"line":31,"column":12},"end":{"line":31,"column":18}},"loc":{"start":{"line":31,"column":18},"end":{"line":33,"column":5}},"line":31},"3":{"name":"(anonymous_3)","decl":{"start":{"line":35,"column":44},"end":{"line":35,"column":null}},"loc":{"start":{"line":36,"column":4},"end":{"line":38,"column":null}},"line":36},"4":{"name":"(anonymous_4)","decl":{"start":{"line":41,"column":28},"end":{"line":41,"column":29}},"loc":{"start":{"line":41,"column":51},"end":{"line":51,"column":null}},"line":41},"5":{"name":"(anonymous_5)","decl":{"start":{"line":53,"column":24},"end":{"line":53,"column":36}},"loc":{"start":{"line":53,"column":36},"end":{"line":70,"column":null}},"line":53},"6":{"name":"(anonymous_6)","decl":{"start":{"line":72,"column":27},"end":{"line":72,"column":28}},"loc":{"start":{"line":72,"column":50},"end":{"line":75,"column":null}},"line":72},"7":{"name":"(anonymous_7)","decl":{"start":{"line":91,"column":20},"end":{"line":91,"column":21}},"loc":{"start":{"line":91,"column":27},"end":{"line":91,"column":null}},"line":91},"8":{"name":"(anonymous_8)","decl":{"start":{"line":107,"column":35},"end":{"line":107,"column":36}},"loc":{"start":{"line":107,"column":42},"end":{"line":158,"column":13}},"line":107},"9":{"name":"(anonymous_9)","decl":{"start":{"line":126,"column":33},"end":{"line":126,"column":39}},"loc":{"start":{"line":126,"column":39},"end":{"line":126,"column":null}},"line":126},"10":{"name":"(anonymous_10)","decl":{"start":{"line":146,"column":33},"end":{"line":146,"column":39}},"loc":{"start":{"line":146,"column":39},"end":{"line":146,"column":null}},"line":146},"11":{"name":"(anonymous_11)","decl":{"start":{"line":164,"column":45},"end":{"line":164,"column":51}},"loc":{"start":{"line":164,"column":51},"end":{"line":164,"column":79}},"line":164},"12":{"name":"(anonymous_12)","decl":{"start":{"line":198,"column":59},"end":{"line":198,"column":65}},"loc":{"start":{"line":198,"column":65},"end":{"line":198,"column":93}},"line":198},"13":{"name":"(anonymous_13)","decl":{"start":{"line":202,"column":88},"end":{"line":202,"column":94}},"loc":{"start":{"line":202,"column":94},"end":{"line":202,"column":123}},"line":202}},"branchMap":{"0":{"loc":{"start":{"line":36,"column":4},"end":{"line":38,"column":null}},"type":"binary-expr","locations":[{"start":{"line":36,"column":4},"end":{"line":36,"column":null}},{"start":{"line":37,"column":4},"end":{"line":37,"column":null}},{"start":{"line":38,"column":4},"end":{"line":38,"column":null}}],"line":36},"1":{"loc":{"start":{"line":43,"column":4},"end":{"line":46,"column":null}},"type":"if","locations":[{"start":{"line":43,"column":4},"end":{"line":46,"column":null}},{"start":{},"end":{}}],"line":43},"2":{"loc":{"start":{"line":54,"column":4},"end":{"line":69,"column":null}},"type":"if","locations":[{"start":{"line":54,"column":4},"end":{"line":69,"column":null}},{"start":{},"end":{}}],"line":54},"3":{"loc":{"start":{"line":58,"column":6},"end":{"line":64,"column":null}},"type":"if","locations":[{"start":{"line":58,"column":6},"end":{"line":64,"column":null}},{"start":{},"end":{}}],"line":58},"4":{"loc":{"start":{"line":58,"column":10},"end":{"line":58,"column":53}},"type":"binary-expr","locations":[{"start":{"line":58,"column":10},"end":{"line":58,"column":18}},{"start":{"line":58,"column":18},"end":{"line":58,"column":53}}],"line":58},"5":{"loc":{"start":{"line":112,"column":43},"end":{"line":112,"column":null}},"type":"cond-expr","locations":[{"start":{"line":112,"column":51},"end":{"line":112,"column":69}},{"start":{"line":112,"column":69},"end":{"line":112,"column":null}}],"line":112},"6":{"loc":{"start":{"line":113,"column":51},"end":{"line":113,"column":110}},"type":"binary-expr","locations":[{"start":{"line":113,"column":51},"end":{"line":113,"column":60}},{"start":{"line":113,"column":60},"end":{"line":113,"column":110}}],"line":113},"7":{"loc":{"start":{"line":117,"column":21},"end":{"line":117,"column":null}},"type":"binary-expr","locations":[{"start":{"line":117,"column":21},"end":{"line":117,"column":37}},{"start":{"line":117,"column":37},"end":{"line":117,"column":null}}],"line":117},"8":{"loc":{"start":{"line":119,"column":33},"end":{"line":119,"column":82}},"type":"cond-expr","locations":[{"start":{"line":119,"column":62},"end":{"line":119,"column":73}},{"start":{"line":119,"column":73},"end":{"line":119,"column":82}}],"line":119},"9":{"loc":{"start":{"line":149,"column":31},"end":{"line":149,"column":null}},"type":"cond-expr","locations":[{"start":{"line":149,"column":46},"end":{"line":149,"column":88}},{"start":{"line":149,"column":88},"end":{"line":149,"column":null}}],"line":149},"10":{"loc":{"start":{"line":150,"column":31},"end":{"line":150,"column":null}},"type":"cond-expr","locations":[{"start":{"line":150,"column":46},"end":{"line":150,"column":71}},{"start":{"line":150,"column":71},"end":{"line":150,"column":null}}],"line":150},"11":{"loc":{"start":{"line":169,"column":11},"end":{"line":195,"column":null}},"type":"binary-expr","locations":[{"start":{"line":169,"column":11},"end":{"line":169,"column":null}},{"start":{"line":170,"column":12},"end":{"line":195,"column":null}}],"line":169},"12":{"loc":{"start":{"line":173,"column":25},"end":{"line":173,"column":91}},"type":"cond-expr","locations":[{"start":{"line":173,"column":72},"end":{"line":173,"column":83}},{"start":{"line":173,"column":83},"end":{"line":173,"column":91}}],"line":173},"13":{"loc":{"start":{"line":183,"column":57},"end":{"line":183,"column":105}},"type":"binary-expr","locations":[{"start":{"line":183,"column":57},"end":{"line":183,"column":87}},{"start":{"line":183,"column":87},"end":{"line":183,"column":105}}],"line":183},"14":{"loc":{"start":{"line":186,"column":57},"end":{"line":186,"column":105}},"type":"binary-expr","locations":[{"start":{"line":186,"column":57},"end":{"line":186,"column":87}},{"start":{"line":186,"column":87},"end":{"line":186,"column":105}}],"line":186},"15":{"loc":{"start":{"line":190,"column":57},"end":{"line":190,"column":112}},"type":"binary-expr","locations":[{"start":{"line":190,"column":57},"end":{"line":190,"column":96}},{"start":{"line":190,"column":96},"end":{"line":190,"column":112}}],"line":190},"16":{"loc":{"start":{"line":193,"column":57},"end":{"line":193,"column":102}},"type":"binary-expr","locations":[{"start":{"line":193,"column":57},"end":{"line":193,"column":92}},{"start":{"line":193,"column":92},"end":{"line":193,"column":102}}],"line":193},"17":{"loc":{"start":{"line":204,"column":11},"end":{"line":216,"column":null}},"type":"cond-expr","locations":[{"start":{"line":205,"column":13},"end":{"line":211,"column":null}},{"start":{"line":213,"column":13},"end":{"line":216,"column":null}}],"line":204}},"s":{"0":10,"1":10,"2":10,"3":10,"4":10,"5":10,"6":10,"7":10,"8":10,"9":10,"10":10,"11":4,"12":4,"13":10,"14":3,"15":10,"16":21,"17":10,"18":2,"19":0,"20":0,"21":2,"22":2,"23":10,"24":2,"25":2,"26":2,"27":1,"28":1,"29":1,"30":1,"31":1,"32":1,"33":1,"34":1,"35":10,"36":0,"37":0,"38":10,"39":0,"40":21,"41":21,"42":21,"43":0,"44":2,"45":0,"46":0,"47":0},"f":{"0":10,"1":4,"2":3,"3":21,"4":2,"5":2,"6":0,"7":0,"8":21,"9":0,"10":2,"11":0,"12":0,"13":0},"b":{"0":[21,0,0],"1":[0,2],"2":[2,0],"3":[1,1],"4":[2,2],"5":[7,14],"6":[21,7],"7":[21,7],"8":[14,7],"9":[7,14],"10":[7,14],"11":[10,0],"12":[0,0],"13":[0,0],"14":[0,0],"15":[0,0],"16":[0,0],"17":[2,8]},"meta":{"lastBranch":18,"lastFunction":14,"lastStatement":48,"seen":{"f:10:9:10:25":0,"s:11:30:11:Infinity":0,"s:12:26:12:Infinity":1,"s:15:48:15:Infinity":2,"s:16:46:16:Infinity":3,"s:18:46:18:Infinity":4,"s:19:52:19:Infinity":5,"s:21:23:21:Infinity":6,"s:22:27:22:Infinity":7,"s:23:8:23:Infinity":8,"s:24:28:24:Infinity":9,"s:26:22:29:Infinity":10,"f:26:22:26:34":1,"s:27:17:27:Infinity":11,"s:28:4:28:Infinity":12,"s:31:2:33:Infinity":13,"f:31:12:31:18":2,"s:32:4:32:Infinity":14,"s:35:28:39:Infinity":15,"f:35:44:35:Infinity":3,"s:36:4:38:Infinity":16,"b:36:4:36:Infinity:37:4:37:Infinity:38:4:38:Infinity":0,"s:41:28:51:Infinity":17,"f:41:28:41:29":4,"b:43:4:46:Infinity:undefined:undefined:undefined:undefined":1,"s:43:4:46:Infinity":18,"s:44:6:44:Infinity":19,"s:45:6:45:Infinity":20,"s:49:4:49:Infinity":21,"s:50:4:50:Infinity":22,"s:53:24:70:Infinity":23,"f:53:24:53:36":5,"b:54:4:69:Infinity:undefined:undefined:undefined:undefined":2,"s:54:4:69:Infinity":24,"s:55:6:55:Infinity":25,"b:58:6:64:Infinity:undefined:undefined:undefined:undefined":3,"s:58:6:64:Infinity":26,"b:58:10:58:18:58:18:58:53":4,"s:59:9:59:Infinity":27,"s:60:9:60:Infinity":28,"s:61:9:61:Infinity":29,"s:62:9:62:Infinity":30,"s:63:9:63:Infinity":31,"s:66:6:66:Infinity":32,"s:67:6:67:Infinity":33,"s:68:6:68:Infinity":34,"s:72:27:75:Infinity":35,"f:72:27:72:28":6,"s:73:4:73:Infinity":36,"s:74:4:74:Infinity":37,"s:77:2:220:Infinity":38,"f:91:20:91:21":7,"s:91:27:91:Infinity":39,"f:107:35:107:36":8,"s:108:35:108:Infinity":40,"s:109:28:109:Infinity":41,"s:111:14:156:Infinity":42,"b:112:51:112:69:112:69:112:Infinity":5,"b:113:51:113:60:113:60:113:110":6,"b:117:21:117:37:117:37:117:Infinity":7,"b:119:62:119:73:119:73:119:82":8,"f:126:33:126:39":9,"s:126:39:126:Infinity":43,"f:146:33:146:39":10,"s:146:39:146:Infinity":44,"b:149:46:149:88:149:88:149:Infinity":9,"b:150:46:150:71:150:71:150:Infinity":10,"f:164:45:164:51":11,"s:164:51:164:79":45,"b:169:11:169:Infinity:170:12:195:Infinity":11,"b:173:72:173:83:173:83:173:91":12,"b:183:57:183:87:183:87:183:105":13,"b:186:57:186:87:186:87:186:105":14,"b:190:57:190:96:190:96:190:112":15,"b:193:57:193:92:193:92:193:102":16,"f:198:59:198:65":12,"s:198:65:198:93":46,"f:202:88:202:94":13,"s:202:94:202:123":47,"b:205:13:211:Infinity:213:13:216:Infinity":17}}}
}
