{"C:\\Users\\yaiis\\OneDrive\\Desktop\\proyecto final fullstack\\pasteleria-react\\src\\components\\Header.tsx": {"path":"C:\\Users\\yaiis\\OneDrive\\Desktop\\proyecto final fullstack\\pasteleria-react\\src\\components\\Header.tsx","statementMap":{"0":{"start":{"line":8,"column":21},"end":{"line":8,"column":null}},"1":{"start":{"line":9,"column":40},"end":{"line":9,"column":null}},"2":{"start":{"line":10,"column":8},"end":{"line":10,"column":null}},"3":{"start":{"line":13,"column":8},"end":{"line":13,"column":null}},"4":{"start":{"line":15,"column":23},"end":{"line":18,"column":null}},"5":{"start":{"line":16,"column":4},"end":{"line":16,"column":null}},"6":{"start":{"line":17,"column":4},"end":{"line":17,"column":null}},"7":{"start":{"line":22,"column":25},"end":{"line":24,"column":null}},"8":{"start":{"line":23,"column":4},"end":{"line":23,"column":null}},"9":{"start":{"line":26,"column":2},"end":{"line":109,"column":null}}},"fnMap":{"0":{"name":"Header","decl":{"start":{"line":7,"column":9},"end":{"line":7,"column":18}},"loc":{"start":{"line":7,"column":18},"end":{"line":111,"column":null}},"line":7},"1":{"name":"(anonymous_1)","decl":{"start":{"line":15,"column":23},"end":{"line":15,"column":29}},"loc":{"start":{"line":15,"column":29},"end":{"line":18,"column":null}},"line":15},"2":{"name":"(anonymous_2)","decl":{"start":{"line":22,"column":25},"end":{"line":22,"column":26}},"loc":{"start":{"line":22,"column":43},"end":{"line":24,"column":null}},"line":22}},"branchMap":{"0":{"loc":{"start":{"line":23,"column":11},"end":{"line":23,"column":null}},"type":"cond-expr","locations":[{"start":{"line":23,"column":40},"end":{"line":23,"column":60}},{"start":{"line":23,"column":60},"end":{"line":23,"column":null}}],"line":23},"1":{"loc":{"start":{"line":56,"column":13},"end":{"line":88,"column":null}},"type":"cond-expr","locations":[{"start":{"line":57,"column":14},"end":{"line":64,"column":null}},{"start":{"line":66,"column":14},"end":{"line":88,"column":null}}],"line":56},"2":{"loc":{"start":{"line":73,"column":17},"end":{"line":79,"column":null}},"type":"binary-expr","locations":[{"start":{"line":73,"column":17},"end":{"line":73,"column":null}},{"start":{"line":74,"column":18},"end":{"line":79,"column":null}}],"line":73},"3":{"loc":{"start":{"line":95,"column":15},"end":{"line":102,"column":null}},"type":"binary-expr","locations":[{"start":{"line":95,"column":15},"end":{"line":95,"column":null}},{"start":{"line":97,"column":16},"end":{"line":102,"column":null}}],"line":95}},"s":{"0":4,"1":4,"2":4,"3":4,"4":4,"5":0,"6":0,"7":4,"8":32,"9":4},"f":{"0":4,"1":0,"2":32},"b":{"0":[4,28],"1":[4,0],"2":[0,0],"3":[4,0]},"meta":{"lastBranch":4,"lastFunction":3,"lastStatement":10,"seen":{"f:7:9:7:18":0,"s:8:21:8:Infinity":0,"s:9:40:9:Infinity":1,"s:10:8:10:Infinity":2,"s:13:8:13:Infinity":3,"s:15:23:18:Infinity":4,"f:15:23:15:29":1,"s:16:4:16:Infinity":5,"s:17:4:17:Infinity":6,"s:22:25:24:Infinity":7,"f:22:25:22:26":2,"s:23:4:23:Infinity":8,"b:23:40:23:60:23:60:23:Infinity":0,"s:26:2:109:Infinity":9,"b:57:14:64:Infinity:66:14:88:Infinity":1,"b:73:17:73:Infinity:74:18:79:Infinity":2,"b:95:15:95:Infinity:97:16:102:Infinity":3}}}
,"C:\\Users\\yaiis\\OneDrive\\Desktop\\proyecto final fullstack\\pasteleria-react\\src\\components\\StarRating.tsx": {"path":"C:\\Users\\yaiis\\OneDrive\\Desktop\\proyecto final fullstack\\pasteleria-react\\src\\components\\StarRating.tsx","statementMap":{"0":{"start":{"line":9,"column":17},"end":{"line":26,"column":null}},"1":{"start":{"line":10,"column":2},"end":{"line":26,"column":null}},"2":{"start":{"line":35,"column":26},"end":{"line":55,"column":null}},"3":{"start":{"line":36,"column":2},"end":{"line":53,"column":null}},"4":{"start":{"line":39,"column":26},"end":{"line":39,"column":null}},"5":{"start":{"line":41,"column":25},"end":{"line":41,"column":null}},"6":{"start":{"line":43,"column":8},"end":{"line":48,"column":null}},"7":{"start":{"line":47,"column":36},"end":{"line":47,"column":56}}},"fnMap":{"0":{"name":"(anonymous_0)","decl":{"start":{"line":9,"column":17},"end":{"line":9,"column":18}},"loc":{"start":{"line":10,"column":2},"end":{"line":26,"column":null}},"line":10},"1":{"name":"(anonymous_1)","decl":{"start":{"line":35,"column":26},"end":{"line":35,"column":27}},"loc":{"start":{"line":35,"column":78},"end":{"line":55,"column":null}},"line":35},"2":{"name":"(anonymous_2)","decl":{"start":{"line":38,"column":27},"end":{"line":38,"column":28}},"loc":{"start":{"line":38,"column":41},"end":{"line":50,"column":7}},"line":38},"3":{"name":"(anonymous_3)","decl":{"start":{"line":47,"column":30},"end":{"line":47,"column":36}},"loc":{"start":{"line":47,"column":36},"end":{"line":47,"column":56}},"line":47}},"branchMap":{"0":{"loc":{"start":{"line":16,"column":10},"end":{"line":16,"column":null}},"type":"cond-expr","locations":[{"start":{"line":16,"column":19},"end":{"line":16,"column":31}},{"start":{"line":16,"column":31},"end":{"line":16,"column":null}}],"line":16},"1":{"loc":{"start":{"line":18,"column":12},"end":{"line":18,"column":null}},"type":"cond-expr","locations":[{"start":{"line":18,"column":21},"end":{"line":18,"column":33}},{"start":{"line":18,"column":33},"end":{"line":18,"column":null}}],"line":18},"2":{"loc":{"start":{"line":22,"column":21},"end":{"line":22,"column":54}},"type":"cond-expr","locations":[{"start":{"line":22,"column":31},"end":{"line":22,"column":43}},{"start":{"line":22,"column":43},"end":{"line":22,"column":54}}],"line":22},"3":{"loc":{"start":{"line":35,"column":51},"end":{"line":35,"column":59}},"type":"default-arg","locations":[{"start":{"line":35,"column":57},"end":{"line":35,"column":59}}],"line":35},"4":{"loc":{"start":{"line":47,"column":21},"end":{"line":47,"column":null}},"type":"cond-expr","locations":[{"start":{"line":47,"column":30},"end":{"line":47,"column":56}},{"start":{"line":47,"column":56},"end":{"line":47,"column":null}}],"line":47},"5":{"loc":{"start":{"line":52,"column":7},"end":{"line":52,"column":null}},"type":"binary-expr","locations":[{"start":{"line":52,"column":7},"end":{"line":52,"column":17}},{"start":{"line":52,"column":17},"end":{"line":52,"column":null}}],"line":52}},"s":{"0":1,"1":10,"2":1,"3":2,"4":10,"5":10,"6":10,"7":1},"f":{"0":10,"1":2,"2":10,"3":1},"b":{"0":[0,10],"1":[0,10],"2":[5,5],"3":[2],"4":[1,5],"5":[2,1]},"meta":{"lastBranch":6,"lastFunction":4,"lastStatement":8,"seen":{"s:9:17:26:Infinity":0,"f:9:17:9:18":0,"s:10:2:26:Infinity":1,"b:16:19:16:31:16:31:16:Infinity":0,"b:18:21:18:33:18:33:18:Infinity":1,"b:22:31:22:43:22:43:22:54":2,"s:35:26:55:Infinity":2,"f:35:26:35:27":1,"b:35:57:35:59":3,"s:36:2:53:Infinity":3,"f:38:27:38:28":2,"s:39:26:39:Infinity":4,"s:41:25:41:Infinity":5,"s:43:8:48:Infinity":6,"b:47:30:47:56:47:56:47:Infinity":4,"f:47:30:47:36":3,"s:47:36:47:56":7,"b:52:7:52:17:52:17:52:Infinity":5}}}
,"C:\\Users\\yaiis\\OneDrive\\Desktop\\proyecto final fullstack\\pasteleria-react\\src\\context\\AuthContext.tsx": {"path":"C:\\Users\\yaiis\\OneDrive\\Desktop\\proyecto final fullstack\\pasteleria-react\\src\\context\\AuthContext.tsx","statementMap":{"0":{"start":{"line":22,"column":6},"end":{"line":22,"column":null}},"1":{"start":{"line":24,"column":28},"end":{"line":100,"column":null}},"2":{"start":{"line":26,"column":22},"end":{"line":33,"column":null}},"3":{"start":{"line":27,"column":4},"end":{"line":32,"column":null}},"4":{"start":{"line":28,"column":25},"end":{"line":28,"column":null}},"5":{"start":{"line":29,"column":6},"end":{"line":29,"column":null}},"6":{"start":{"line":31,"column":6},"end":{"line":31,"column":null}},"7":{"start":{"line":37,"column":26},"end":{"line":37,"column":null}},"8":{"start":{"line":40,"column":2},"end":{"line":46,"column":null}},"9":{"start":{"line":41,"column":4},"end":{"line":45,"column":null}},"10":{"start":{"line":42,"column":6},"end":{"line":42,"column":null}},"11":{"start":{"line":44,"column":6},"end":{"line":44,"column":null}},"12":{"start":{"line":48,"column":16},"end":{"line":77,"column":null}},"13":{"start":{"line":49,"column":21},"end":{"line":49,"column":null}},"14":{"start":{"line":50,"column":30},"end":{"line":50,"column":null}},"15":{"start":{"line":50,"column":49},"end":{"line":50,"column":94}},"16":{"start":{"line":53,"column":4},"end":{"line":57,"column":null}},"17":{"start":{"line":54,"column":38},"end":{"line":54,"column":null}},"18":{"start":{"line":55,"column":7},"end":{"line":55,"column":null}},"19":{"start":{"line":56,"column":7},"end":{"line":56,"column":null}},"20":{"start":{"line":59,"column":4},"end":{"line":75,"column":null}},"21":{"start":{"line":60,"column":8},"end":{"line":74,"column":null}},"22":{"start":{"line":62,"column":45},"end":{"line":68,"column":null}},"23":{"start":{"line":70,"column":12},"end":{"line":70,"column":null}},"24":{"start":{"line":71,"column":12},"end":{"line":71,"column":null}},"25":{"start":{"line":73,"column":12},"end":{"line":73,"column":null}},"26":{"start":{"line":76,"column":4},"end":{"line":76,"column":null}},"27":{"start":{"line":79,"column":28},"end":{"line":83,"column":null}},"28":{"start":{"line":80,"column":4},"end":{"line":82,"column":null}},"29":{"start":{"line":81,"column":6},"end":{"line":81,"column":null}},"30":{"start":{"line":85,"column":17},"end":{"line":87,"column":null}},"31":{"start":{"line":86,"column":4},"end":{"line":86,"column":null}},"32":{"start":{"line":89,"column":2},"end":{"line":98,"column":null}},"33":{"start":{"line":102,"column":23},"end":{"line":108,"column":null}},"34":{"start":{"line":103,"column":8},"end":{"line":103,"column":null}},"35":{"start":{"line":104,"column":2},"end":{"line":106,"column":null}},"36":{"start":{"line":105,"column":4},"end":{"line":105,"column":null}},"37":{"start":{"line":107,"column":2},"end":{"line":107,"column":null}}},"fnMap":{"0":{"name":"(anonymous_0)","decl":{"start":{"line":24,"column":28},"end":{"line":24,"column":29}},"loc":{"start":{"line":24,"column":71},"end":{"line":100,"column":null}},"line":24},"1":{"name":"(anonymous_1)","decl":{"start":{"line":26,"column":55},"end":{"line":26,"column":61}},"loc":{"start":{"line":26,"column":61},"end":{"line":33,"column":3}},"line":26},"2":{"name":"(anonymous_2)","decl":{"start":{"line":40,"column":12},"end":{"line":40,"column":18}},"loc":{"start":{"line":40,"column":18},"end":{"line":46,"column":5}},"line":40},"3":{"name":"(anonymous_3)","decl":{"start":{"line":48,"column":16},"end":{"line":48,"column":23}},"loc":{"start":{"line":48,"column":59},"end":{"line":77,"column":null}},"line":48},"4":{"name":"(anonymous_4)","decl":{"start":{"line":50,"column":44},"end":{"line":50,"column":49}},"loc":{"start":{"line":50,"column":49},"end":{"line":50,"column":94}},"line":50},"5":{"name":"(anonymous_5)","decl":{"start":{"line":79,"column":28},"end":{"line":79,"column":29}},"loc":{"start":{"line":79,"column":63},"end":{"line":83,"column":null}},"line":79},"6":{"name":"(anonymous_6)","decl":{"start":{"line":85,"column":17},"end":{"line":85,"column":23}},"loc":{"start":{"line":85,"column":23},"end":{"line":87,"column":null}},"line":85},"7":{"name":"(anonymous_7)","decl":{"start":{"line":102,"column":23},"end":{"line":102,"column":29}},"loc":{"start":{"line":102,"column":29},"end":{"line":108,"column":null}},"line":102}},"branchMap":{"0":{"loc":{"start":{"line":29,"column":13},"end":{"line":29,"column":null}},"type":"cond-expr","locations":[{"start":{"line":29,"column":26},"end":{"line":29,"column":51}},{"start":{"line":29,"column":51},"end":{"line":29,"column":null}}],"line":29},"1":{"loc":{"start":{"line":41,"column":4},"end":{"line":45,"column":null}},"type":"if","locations":[{"start":{"line":41,"column":4},"end":{"line":45,"column":null}},{"start":{"line":43,"column":11},"end":{"line":45,"column":null}}],"line":41},"2":{"loc":{"start":{"line":53,"column":4},"end":{"line":57,"column":null}},"type":"if","locations":[{"start":{"line":53,"column":4},"end":{"line":57,"column":null}},{"start":{},"end":{}}],"line":53},"3":{"loc":{"start":{"line":53,"column":8},"end":{"line":53,"column":59}},"type":"binary-expr","locations":[{"start":{"line":53,"column":8},"end":{"line":53,"column":37}},{"start":{"line":53,"column":37},"end":{"line":53,"column":59}}],"line":53},"4":{"loc":{"start":{"line":59,"column":4},"end":{"line":75,"column":null}},"type":"if","locations":[{"start":{"line":59,"column":4},"end":{"line":75,"column":null}},{"start":{},"end":{}}],"line":59},"5":{"loc":{"start":{"line":60,"column":8},"end":{"line":74,"column":null}},"type":"if","locations":[{"start":{"line":60,"column":8},"end":{"line":74,"column":null}},{"start":{"line":72,"column":15},"end":{"line":74,"column":null}}],"line":60},"6":{"loc":{"start":{"line":80,"column":4},"end":{"line":82,"column":null}},"type":"if","locations":[{"start":{"line":80,"column":4},"end":{"line":82,"column":null}},{"start":{},"end":{}}],"line":80},"7":{"loc":{"start":{"line":104,"column":2},"end":{"line":106,"column":null}},"type":"if","locations":[{"start":{"line":104,"column":2},"end":{"line":106,"column":null}},{"start":{},"end":{}}],"line":104}},"s":{"0":2,"1":2,"2":4,"3":4,"4":4,"5":4,"6":0,"7":4,"8":4,"9":4,"10":0,"11":4,"12":4,"13":0,"14":0,"15":0,"16":0,"17":0,"18":0,"19":0,"20":0,"21":0,"22":0,"23":0,"24":0,"25":0,"26":0,"27":4,"28":0,"29":0,"30":4,"31":0,"32":4,"33":2,"34":16,"35":16,"36":0,"37":16},"f":{"0":4,"1":4,"2":4,"3":0,"4":0,"5":0,"6":0,"7":16},"b":{"0":[0,4],"1":[0,4],"2":[0,0],"3":[0,0],"4":[0,0],"5":[0,0],"6":[0,0],"7":[0,16]},"meta":{"lastBranch":8,"lastFunction":8,"lastStatement":38,"seen":{"s:22:6:22:Infinity":0,"s:24:28:100:Infinity":1,"f:24:28:24:29":0,"s:26:22:33:Infinity":2,"f:26:55:26:61":1,"s:27:4:32:Infinity":3,"s:28:25:28:Infinity":4,"s:29:6:29:Infinity":5,"b:29:26:29:51:29:51:29:Infinity":0,"s:31:6:31:Infinity":6,"s:37:26:37:Infinity":7,"s:40:2:46:Infinity":8,"f:40:12:40:18":2,"b:41:4:45:Infinity:43:11:45:Infinity":1,"s:41:4:45:Infinity":9,"s:42:6:42:Infinity":10,"s:44:6:44:Infinity":11,"s:48:16:77:Infinity":12,"f:48:16:48:23":3,"s:49:21:49:Infinity":13,"s:50:30:50:Infinity":14,"f:50:44:50:49":4,"s:50:49:50:94":15,"b:53:4:57:Infinity:undefined:undefined:undefined:undefined":2,"s:53:4:57:Infinity":16,"b:53:8:53:37:53:37:53:59":3,"s:54:38:54:Infinity":17,"s:55:7:55:Infinity":18,"s:56:7:56:Infinity":19,"b:59:4:75:Infinity:undefined:undefined:undefined:undefined":4,"s:59:4:75:Infinity":20,"b:60:8:74:Infinity:72:15:74:Infinity":5,"s:60:8:74:Infinity":21,"s:62:45:68:Infinity":22,"s:70:12:70:Infinity":23,"s:71:12:71:Infinity":24,"s:73:12:73:Infinity":25,"s:76:4:76:Infinity":26,"s:79:28:83:Infinity":27,"f:79:28:79:29":5,"b:80:4:82:Infinity:undefined:undefined:undefined:undefined":6,"s:80:4:82:Infinity":28,"s:81:6:81:Infinity":29,"s:85:17:87:Infinity":30,"f:85:17:85:23":6,"s:86:4:86:Infinity":31,"s:89:2:98:Infinity":32,"s:102:23:108:Infinity":33,"f:102:23:102:29":7,"s:103:8:103:Infinity":34,"b:104:2:106:Infinity:undefined:undefined:undefined:undefined":7,"s:104:2:106:Infinity":35,"s:105:4:105:Infinity":36,"s:107:2:107:Infinity":37}}}
,"C:\\Users\\yaiis\\OneDrive\\Desktop\\proyecto final fullstack\\pasteleria-react\\src\\context\\CarritoContext.tsx": {"path":"C:\\Users\\yaiis\\OneDrive\\Desktop\\proyecto final fullstack\\pasteleria-react\\src\\context\\CarritoContext.tsx","statementMap":{"0":{"start":{"line":25,"column":13},"end":{"line":25,"column":null}},"1":{"start":{"line":27,"column":31},"end":{"line":113,"column":null}},"2":{"start":{"line":28,"column":15},"end":{"line":28,"column":null}},"3":{"start":{"line":29,"column":24},"end":{"line":29,"column":null}},"4":{"start":{"line":32,"column":27},"end":{"line":35,"column":null}},"5":{"start":{"line":33,"column":4},"end":{"line":34,"column":null}},"6":{"start":{"line":33,"column":14},"end":{"line":33,"column":null}},"7":{"start":{"line":34,"column":9},"end":{"line":34,"column":null}},"8":{"start":{"line":38,"column":2},"end":{"line":45,"column":null}},"9":{"start":{"line":39,"column":29},"end":{"line":39,"column":null}},"10":{"start":{"line":40,"column":4},"end":{"line":44,"column":null}},"11":{"start":{"line":41,"column":23},"end":{"line":41,"column":null}},"12":{"start":{"line":42,"column":6},"end":{"line":43,"column":null}},"13":{"start":{"line":42,"column":20},"end":{"line":42,"column":null}},"14":{"start":{"line":43,"column":11},"end":{"line":43,"column":null}},"15":{"start":{"line":44,"column":14},"end":{"line":44,"column":28}},"16":{"start":{"line":48,"column":2},"end":{"line":51,"column":null}},"17":{"start":{"line":49,"column":29},"end":{"line":49,"column":null}},"18":{"start":{"line":50,"column":4},"end":{"line":50,"column":null}},"19":{"start":{"line":55,"column":19},"end":{"line":55,"column":null}},"20":{"start":{"line":55,"column":49},"end":{"line":55,"column":88}},"21":{"start":{"line":56,"column":23},"end":{"line":56,"column":null}},"22":{"start":{"line":58,"column":2},"end":{"line":76,"column":null}},"23":{"start":{"line":60,"column":4},"end":{"line":70,"column":null}},"24":{"start":{"line":61,"column":18},"end":{"line":61,"column":null}},"25":{"start":{"line":62,"column":21},"end":{"line":62,"column":null}},"26":{"start":{"line":63,"column":17},"end":{"line":63,"column":null}},"27":{"start":{"line":64,"column":16},"end":{"line":64,"column":null}},"28":{"start":{"line":65,"column":6},"end":{"line":67,"column":null}},"29":{"start":{"line":66,"column":8},"end":{"line":66,"column":null}},"30":{"start":{"line":69,"column":6},"end":{"line":69,"column":null}},"31":{"start":{"line":69,"column":22},"end":{"line":69,"column":null}},"32":{"start":{"line":73,"column":4},"end":{"line":75,"column":null}},"33":{"start":{"line":74,"column":6},"end":{"line":74,"column":null}},"34":{"start":{"line":78,"column":22},"end":{"line":78,"column":null}},"35":{"start":{"line":79,"column":21},"end":{"line":79,"column":null}},"36":{"start":{"line":79,"column":51},"end":{"line":79,"column":74}},"37":{"start":{"line":82,"column":27},"end":{"line":90,"column":null}},"38":{"start":{"line":83,"column":31},"end":{"line":83,"column":null}},"39":{"start":{"line":84,"column":26},"end":{"line":84,"column":null}},"40":{"start":{"line":84,"column":42},"end":{"line":84,"column":106}},"41":{"start":{"line":85,"column":4},"end":{"line":89,"column":null}},"42":{"start":{"line":86,"column":6},"end":{"line":86,"column":null}},"43":{"start":{"line":86,"column":23},"end":{"line":86,"column":121}},"44":{"start":{"line":86,"column":37},"end":{"line":86,"column":120}},"45":{"start":{"line":88,"column":6},"end":{"line":88,"column":null}},"46":{"start":{"line":88,"column":23},"end":{"line":88,"column":109}},"47":{"start":{"line":92,"column":29},"end":{"line":92,"column":null}},"48":{"start":{"line":92,"column":45},"end":{"line":92,"column":null}},"49":{"start":{"line":92,"column":62},"end":{"line":92,"column":96}},"50":{"start":{"line":92,"column":79},"end":{"line":92,"column":95}},"51":{"start":{"line":94,"column":29},"end":{"line":97,"column":null}},"52":{"start":{"line":95,"column":4},"end":{"line":95,"column":null}},"53":{"start":{"line":95,"column":17},"end":{"line":95,"column":null}},"54":{"start":{"line":96,"column":4},"end":{"line":96,"column":null}},"55":{"start":{"line":96,"column":21},"end":{"line":96,"column":82}},"56":{"start":{"line":96,"column":35},"end":{"line":96,"column":81}},"57":{"start":{"line":99,"column":28},"end":{"line":101,"column":null}},"58":{"start":{"line":100,"column":4},"end":{"line":100,"column":null}},"59":{"start":{"line":100,"column":21},"end":{"line":100,"column":81}},"60":{"start":{"line":100,"column":35},"end":{"line":100,"column":80}},"61":{"start":{"line":103,"column":24},"end":{"line":103,"column":null}},"62":{"start":{"line":103,"column":30},"end":{"line":103,"column":null}},"63":{"start":{"line":105,"column":2},"end":{"line":111,"column":null}}},"fnMap":{"0":{"name":"(anonymous_0)","decl":{"start":{"line":27,"column":31},"end":{"line":27,"column":32}},"loc":{"start":{"line":27,"column":74},"end":{"line":113,"column":null}},"line":27},"1":{"name":"(anonymous_1)","decl":{"start":{"line":32,"column":27},"end":{"line":32,"column":33}},"loc":{"start":{"line":32,"column":33},"end":{"line":35,"column":null}},"line":32},"2":{"name":"(anonymous_2)","decl":{"start":{"line":38,"column":12},"end":{"line":38,"column":18}},"loc":{"start":{"line":38,"column":18},"end":{"line":45,"column":5}},"line":38},"3":{"name":"(anonymous_3)","decl":{"start":{"line":48,"column":12},"end":{"line":48,"column":18}},"loc":{"start":{"line":48,"column":18},"end":{"line":51,"column":5}},"line":48},"4":{"name":"(anonymous_4)","decl":{"start":{"line":55,"column":32},"end":{"line":55,"column":33}},"loc":{"start":{"line":55,"column":49},"end":{"line":55,"column":88}},"line":55},"5":{"name":"(anonymous_5)","decl":{"start":{"line":79,"column":34},"end":{"line":79,"column":35}},"loc":{"start":{"line":79,"column":51},"end":{"line":79,"column":74}},"line":79},"6":{"name":"(anonymous_6)","decl":{"start":{"line":82,"column":27},"end":{"line":82,"column":28}},"loc":{"start":{"line":82,"column":87},"end":{"line":90,"column":null}},"line":82},"7":{"name":"(anonymous_7)","decl":{"start":{"line":84,"column":37},"end":{"line":84,"column":42}},"loc":{"start":{"line":84,"column":42},"end":{"line":84,"column":106}},"line":84},"8":{"name":"(anonymous_8)","decl":{"start":{"line":86,"column":15},"end":{"line":86,"column":23}},"loc":{"start":{"line":86,"column":23},"end":{"line":86,"column":121}},"line":86},"9":{"name":"(anonymous_9)","decl":{"start":{"line":86,"column":32},"end":{"line":86,"column":37}},"loc":{"start":{"line":86,"column":37},"end":{"line":86,"column":120}},"line":86},"10":{"name":"(anonymous_10)","decl":{"start":{"line":88,"column":15},"end":{"line":88,"column":23}},"loc":{"start":{"line":88,"column":23},"end":{"line":88,"column":109}},"line":88},"11":{"name":"(anonymous_11)","decl":{"start":{"line":92,"column":29},"end":{"line":92,"column":30}},"loc":{"start":{"line":92,"column":45},"end":{"line":92,"column":null}},"line":92},"12":{"name":"(anonymous_12)","decl":{"start":{"line":92,"column":54},"end":{"line":92,"column":62}},"loc":{"start":{"line":92,"column":62},"end":{"line":92,"column":96}},"line":92},"13":{"name":"(anonymous_13)","decl":{"start":{"line":92,"column":74},"end":{"line":92,"column":79}},"loc":{"start":{"line":92,"column":79},"end":{"line":92,"column":95}},"line":92},"14":{"name":"(anonymous_14)","decl":{"start":{"line":94,"column":29},"end":{"line":94,"column":30}},"loc":{"start":{"line":94,"column":58},"end":{"line":97,"column":null}},"line":94},"15":{"name":"(anonymous_15)","decl":{"start":{"line":96,"column":13},"end":{"line":96,"column":21}},"loc":{"start":{"line":96,"column":21},"end":{"line":96,"column":82}},"line":96},"16":{"name":"(anonymous_16)","decl":{"start":{"line":96,"column":30},"end":{"line":96,"column":35}},"loc":{"start":{"line":96,"column":35},"end":{"line":96,"column":81}},"line":96},"17":{"name":"(anonymous_17)","decl":{"start":{"line":99,"column":28},"end":{"line":99,"column":29}},"loc":{"start":{"line":99,"column":57},"end":{"line":101,"column":null}},"line":99},"18":{"name":"(anonymous_18)","decl":{"start":{"line":100,"column":13},"end":{"line":100,"column":21}},"loc":{"start":{"line":100,"column":21},"end":{"line":100,"column":81}},"line":100},"19":{"name":"(anonymous_19)","decl":{"start":{"line":100,"column":30},"end":{"line":100,"column":35}},"loc":{"start":{"line":100,"column":35},"end":{"line":100,"column":80}},"line":100},"20":{"name":"(anonymous_20)","decl":{"start":{"line":103,"column":24},"end":{"line":103,"column":30}},"loc":{"start":{"line":103,"column":30},"end":{"line":103,"column":null}},"line":103}},"branchMap":{"0":{"loc":{"start":{"line":33,"column":4},"end":{"line":34,"column":null}},"type":"if","locations":[{"start":{"line":33,"column":4},"end":{"line":34,"column":null}},{"start":{"line":34,"column":9},"end":{"line":34,"column":null}}],"line":33},"1":{"loc":{"start":{"line":42,"column":6},"end":{"line":43,"column":null}},"type":"if","locations":[{"start":{"line":42,"column":6},"end":{"line":43,"column":null}},{"start":{"line":43,"column":11},"end":{"line":43,"column":null}}],"line":42},"2":{"loc":{"start":{"line":58,"column":2},"end":{"line":76,"column":null}},"type":"if","locations":[{"start":{"line":58,"column":2},"end":{"line":76,"column":null}},{"start":{},"end":{}}],"line":58},"3":{"loc":{"start":{"line":60,"column":4},"end":{"line":70,"column":null}},"type":"if","locations":[{"start":{"line":60,"column":4},"end":{"line":70,"column":null}},{"start":{},"end":{}}],"line":60},"4":{"loc":{"start":{"line":65,"column":6},"end":{"line":67,"column":null}},"type":"if","locations":[{"start":{"line":65,"column":6},"end":{"line":67,"column":null}},{"start":{},"end":{}}],"line":65},"5":{"loc":{"start":{"line":65,"column":10},"end":{"line":65,"column":66}},"type":"binary-expr","locations":[{"start":{"line":65,"column":10},"end":{"line":65,"column":20}},{"start":{"line":65,"column":20},"end":{"line":65,"column":31}},{"start":{"line":65,"column":31},"end":{"line":65,"column":66}}],"line":65},"6":{"loc":{"start":{"line":69,"column":6},"end":{"line":69,"column":null}},"type":"if","locations":[{"start":{"line":69,"column":6},"end":{"line":69,"column":null}},{"start":{},"end":{}}],"line":69},"7":{"loc":{"start":{"line":73,"column":4},"end":{"line":75,"column":null}},"type":"if","locations":[{"start":{"line":73,"column":4},"end":{"line":75,"column":null}},{"start":{},"end":{}}],"line":73},"8":{"loc":{"start":{"line":84,"column":42},"end":{"line":84,"column":106}},"type":"binary-expr","locations":[{"start":{"line":84,"column":42},"end":{"line":84,"column":74}},{"start":{"line":84,"column":74},"end":{"line":84,"column":106}}],"line":84},"9":{"loc":{"start":{"line":85,"column":4},"end":{"line":89,"column":null}},"type":"if","locations":[{"start":{"line":85,"column":4},"end":{"line":89,"column":null}},{"start":{"line":87,"column":11},"end":{"line":89,"column":null}}],"line":85},"10":{"loc":{"start":{"line":86,"column":37},"end":{"line":86,"column":120}},"type":"cond-expr","locations":[{"start":{"line":86,"column":75},"end":{"line":86,"column":119}},{"start":{"line":86,"column":119},"end":{"line":86,"column":120}}],"line":86},"11":{"loc":{"start":{"line":95,"column":4},"end":{"line":95,"column":null}},"type":"if","locations":[{"start":{"line":95,"column":4},"end":{"line":95,"column":null}},{"start":{},"end":{}}],"line":95},"12":{"loc":{"start":{"line":96,"column":35},"end":{"line":96,"column":81}},"type":"cond-expr","locations":[{"start":{"line":96,"column":54},"end":{"line":96,"column":80}},{"start":{"line":96,"column":80},"end":{"line":96,"column":81}}],"line":96},"13":{"loc":{"start":{"line":100,"column":35},"end":{"line":100,"column":80}},"type":"cond-expr","locations":[{"start":{"line":100,"column":54},"end":{"line":100,"column":79}},{"start":{"line":100,"column":79},"end":{"line":100,"column":80}}],"line":100}},"s":{"0":2,"1":2,"2":8,"3":8,"4":8,"5":12,"6":0,"7":12,"8":8,"9":4,"10":4,"11":4,"12":4,"13":2,"14":2,"15":0,"16":8,"17":8,"18":8,"19":8,"20":0,"21":8,"22":8,"23":0,"24":0,"25":0,"26":0,"27":0,"28":0,"29":0,"30":0,"31":0,"32":0,"33":0,"34":8,"35":8,"36":0,"37":8,"38":0,"39":0,"40":0,"41":0,"42":0,"43":0,"44":0,"45":0,"46":0,"47":8,"48":0,"49":0,"50":0,"51":8,"52":0,"53":0,"54":0,"55":0,"56":0,"57":8,"58":0,"59":0,"60":0,"61":8,"62":0,"63":8},"f":{"0":8,"1":12,"2":4,"3":8,"4":0,"5":0,"6":0,"7":0,"8":0,"9":0,"10":0,"11":0,"12":0,"13":0,"14":0,"15":0,"16":0,"17":0,"18":0,"19":0,"20":0},"b":{"0":[0,12],"1":[2,2],"2":[0,8],"3":[0,0],"4":[0,0],"5":[0,0,0],"6":[0,0],"7":[0,0],"8":[0,0],"9":[0,0],"10":[0,0],"11":[0,0],"12":[0,0],"13":[0,0]},"meta":{"lastBranch":14,"lastFunction":21,"lastStatement":64,"seen":{"s:25:13:25:Infinity":0,"s:27:31:113:Infinity":1,"f:27:31:27:32":0,"s:28:15:28:Infinity":2,"s:29:24:29:Infinity":3,"s:32:27:35:Infinity":4,"f:32:27:32:33":1,"b:33:4:34:Infinity:34:9:34:Infinity":0,"s:33:4:34:Infinity":5,"s:33:14:33:Infinity":6,"s:34:9:34:Infinity":7,"s:38:2:45:Infinity":8,"f:38:12:38:18":2,"s:39:29:39:Infinity":9,"s:40:4:44:Infinity":10,"s:41:23:41:Infinity":11,"b:42:6:43:Infinity:43:11:43:Infinity":1,"s:42:6:43:Infinity":12,"s:42:20:42:Infinity":13,"s:43:11:43:Infinity":14,"s:44:14:44:28":15,"s:48:2:51:Infinity":16,"f:48:12:48:18":3,"s:49:29:49:Infinity":17,"s:50:4:50:Infinity":18,"s:55:19:55:Infinity":19,"f:55:32:55:33":4,"s:55:49:55:88":20,"s:56:23:56:Infinity":21,"b:58:2:76:Infinity:undefined:undefined:undefined:undefined":2,"s:58:2:76:Infinity":22,"b:60:4:70:Infinity:undefined:undefined:undefined:undefined":3,"s:60:4:70:Infinity":23,"s:61:18:61:Infinity":24,"s:62:21:62:Infinity":25,"s:63:17:63:Infinity":26,"s:64:16:64:Infinity":27,"b:65:6:67:Infinity:undefined:undefined:undefined:undefined":4,"s:65:6:67:Infinity":28,"b:65:10:65:20:65:20:65:31:65:31:65:66":5,"s:66:8:66:Infinity":29,"b:69:6:69:Infinity:undefined:undefined:undefined:undefined":6,"s:69:6:69:Infinity":30,"s:69:22:69:Infinity":31,"b:73:4:75:Infinity:undefined:undefined:undefined:undefined":7,"s:73:4:75:Infinity":32,"s:74:6:74:Infinity":33,"s:78:22:78:Infinity":34,"s:79:21:79:Infinity":35,"f:79:34:79:35":5,"s:79:51:79:74":36,"s:82:27:90:Infinity":37,"f:82:27:82:28":6,"s:83:31:83:Infinity":38,"s:84:26:84:Infinity":39,"f:84:37:84:42":7,"s:84:42:84:106":40,"b:84:42:84:74:84:74:84:106":8,"b:85:4:89:Infinity:87:11:89:Infinity":9,"s:85:4:89:Infinity":41,"s:86:6:86:Infinity":42,"f:86:15:86:23":8,"s:86:23:86:121":43,"f:86:32:86:37":9,"s:86:37:86:120":44,"b:86:75:86:119:86:119:86:120":10,"s:88:6:88:Infinity":45,"f:88:15:88:23":10,"s:88:23:88:109":46,"s:92:29:92:Infinity":47,"f:92:29:92:30":11,"s:92:45:92:Infinity":48,"f:92:54:92:62":12,"s:92:62:92:96":49,"f:92:74:92:79":13,"s:92:79:92:95":50,"s:94:29:97:Infinity":51,"f:94:29:94:30":14,"b:95:4:95:Infinity:undefined:undefined:undefined:undefined":11,"s:95:4:95:Infinity":52,"s:95:17:95:Infinity":53,"s:96:4:96:Infinity":54,"f:96:13:96:21":15,"s:96:21:96:82":55,"f:96:30:96:35":16,"s:96:35:96:81":56,"b:96:54:96:80:96:80:96:81":12,"s:99:28:101:Infinity":57,"f:99:28:99:29":17,"s:100:4:100:Infinity":58,"f:100:13:100:21":18,"s:100:21:100:81":59,"f:100:30:100:35":19,"s:100:35:100:80":60,"b:100:54:100:79:100:79:100:80":13,"s:103:24:103:Infinity":61,"f:103:24:103:30":20,"s:103:30:103:Infinity":62,"s:105:2:111:Infinity":63}}}
,"C:\\Users\\yaiis\\OneDrive\\Desktop\\proyecto final fullstack\\pasteleria-react\\src\\context\\NotificationContext.tsx": {"path":"C:\\Users\\yaiis\\OneDrive\\Desktop\\proyecto final fullstack\\pasteleria-react\\src\\context\\NotificationContext.tsx","statementMap":{"0":{"start":{"line":12,"column":6},"end":{"line":12,"column":null}},"1":{"start":{"line":14,"column":36},"end":{"line":49,"column":null}},"2":{"start":{"line":15,"column":22},"end":{"line":15,"column":null}},"3":{"start":{"line":16,"column":28},"end":{"line":16,"column":null}},"4":{"start":{"line":17,"column":22},"end":{"line":17,"column":null}},"5":{"start":{"line":19,"column":27},"end":{"line":23,"column":null}},"6":{"start":{"line":20,"column":4},"end":{"line":20,"column":null}},"7":{"start":{"line":21,"column":4},"end":{"line":21,"column":null}},"8":{"start":{"line":22,"column":4},"end":{"line":22,"column":null}},"9":{"start":{"line":25,"column":2},"end":{"line":47,"column":null}},"10":{"start":{"line":31,"column":30},"end":{"line":31,"column":46}},"11":{"start":{"line":52,"column":31},"end":{"line":56,"column":null}},"12":{"start":{"line":53,"column":8},"end":{"line":53,"column":null}},"13":{"start":{"line":54,"column":2},"end":{"line":54,"column":null}},"14":{"start":{"line":54,"column":16},"end":{"line":54,"column":null}},"15":{"start":{"line":55,"column":2},"end":{"line":55,"column":null}}},"fnMap":{"0":{"name":"(anonymous_0)","decl":{"start":{"line":14,"column":36},"end":{"line":14,"column":37}},"loc":{"start":{"line":14,"column":79},"end":{"line":49,"column":null}},"line":14},"1":{"name":"(anonymous_1)","decl":{"start":{"line":19,"column":27},"end":{"line":19,"column":28}},"loc":{"start":{"line":19,"column":80},"end":{"line":23,"column":null}},"line":19},"2":{"name":"(anonymous_2)","decl":{"start":{"line":31,"column":24},"end":{"line":31,"column":30}},"loc":{"start":{"line":31,"column":30},"end":{"line":31,"column":46}},"line":31},"3":{"name":"(anonymous_3)","decl":{"start":{"line":52,"column":31},"end":{"line":52,"column":37}},"loc":{"start":{"line":52,"column":37},"end":{"line":56,"column":null}},"line":52}},"branchMap":{"0":{"loc":{"start":{"line":19,"column":41},"end":{"line":19,"column":80}},"type":"default-arg","locations":[{"start":{"line":19,"column":66},"end":{"line":19,"column":80}}],"line":19},"1":{"loc":{"start":{"line":34,"column":15},"end":{"line":36,"column":null}},"type":"cond-expr","locations":[{"start":{"line":34,"column":36},"end":{"line":34,"column":null}},{"start":{"line":35,"column":15},"end":{"line":36,"column":null}}],"line":34},"2":{"loc":{"start":{"line":35,"column":15},"end":{"line":36,"column":null}},"type":"cond-expr","locations":[{"start":{"line":35,"column":35},"end":{"line":35,"column":null}},{"start":{"line":36,"column":15},"end":{"line":36,"column":null}}],"line":35},"3":{"loc":{"start":{"line":36,"column":15},"end":{"line":36,"column":null}},"type":"cond-expr","locations":[{"start":{"line":36,"column":36},"end":{"line":36,"column":49}},{"start":{"line":36,"column":49},"end":{"line":36,"column":null}}],"line":36},"4":{"loc":{"start":{"line":41,"column":34},"end":{"line":41,"column":null}},"type":"cond-expr","locations":[{"start":{"line":41,"column":76},"end":{"line":41,"column":90}},{"start":{"line":41,"column":90},"end":{"line":41,"column":null}}],"line":41},"5":{"loc":{"start":{"line":41,"column":34},"end":{"line":41,"column":76}},"type":"binary-expr","locations":[{"start":{"line":41,"column":34},"end":{"line":41,"column":54}},{"start":{"line":41,"column":54},"end":{"line":41,"column":76}}],"line":41},"6":{"loc":{"start":{"line":54,"column":2},"end":{"line":54,"column":null}},"type":"if","locations":[{"start":{"line":54,"column":2},"end":{"line":54,"column":null}},{"start":{},"end":{}}],"line":54}},"s":{"0":2,"1":2,"2":4,"3":4,"4":4,"5":4,"6":0,"7":0,"8":0,"9":4,"10":0,"11":2,"12":4,"13":4,"14":0,"15":4},"f":{"0":4,"1":0,"2":0,"3":4},"b":{"0":[0],"1":[4,0],"2":[0,0],"3":[0,0],"4":[0,4],"5":[4,4],"6":[0,4]},"meta":{"lastBranch":7,"lastFunction":4,"lastStatement":16,"seen":{"s:12:6:12:Infinity":0,"s:14:36:49:Infinity":1,"f:14:36:14:37":0,"s:15:22:15:Infinity":2,"s:16:28:16:Infinity":3,"s:17:22:17:Infinity":4,"s:19:27:23:Infinity":5,"f:19:27:19:28":1,"b:19:66:19:80":0,"s:20:4:20:Infinity":6,"s:21:4:21:Infinity":7,"s:22:4:22:Infinity":8,"s:25:2:47:Infinity":9,"f:31:24:31:30":2,"s:31:30:31:46":10,"b:34:36:34:Infinity:35:15:36:Infinity":1,"b:35:35:35:Infinity:36:15:36:Infinity":2,"b:36:36:36:49:36:49:36:Infinity":3,"b:41:76:41:90:41:90:41:Infinity":4,"b:41:34:41:54:41:54:41:76":5,"s:52:31:56:Infinity":11,"f:52:31:52:37":3,"s:53:8:53:Infinity":12,"b:54:2:54:Infinity:undefined:undefined:undefined:undefined":6,"s:54:2:54:Infinity":13,"s:54:16:54:Infinity":14,"s:55:2:55:Infinity":15}}}
,"C:\\Users\\yaiis\\OneDrive\\Desktop\\proyecto final fullstack\\pasteleria-react\\src\\hooks\\useCarrito.ts": {"path":"C:\\Users\\yaiis\\OneDrive\\Desktop\\proyecto final fullstack\\pasteleria-react\\src\\hooks\\useCarrito.ts","statementMap":{"0":{"start":{"line":4,"column":26},"end":{"line":12,"column":null}},"1":{"start":{"line":5,"column":8},"end":{"line":5,"column":null}},"2":{"start":{"line":7,"column":2},"end":{"line":9,"column":null}},"3":{"start":{"line":8,"column":4},"end":{"line":8,"column":null}},"4":{"start":{"line":11,"column":2},"end":{"line":11,"column":null}}},"fnMap":{"0":{"name":"(anonymous_0)","decl":{"start":{"line":4,"column":26},"end":{"line":4,"column":32}},"loc":{"start":{"line":4,"column":32},"end":{"line":12,"column":null}},"line":4}},"branchMap":{"0":{"loc":{"start":{"line":7,"column":2},"end":{"line":9,"column":null}},"type":"if","locations":[{"start":{"line":7,"column":2},"end":{"line":9,"column":null}},{"start":{},"end":{}}],"line":7}},"s":{"0":1,"1":4,"2":4,"3":0,"4":4},"f":{"0":4},"b":{"0":[0,4]},"meta":{"lastBranch":1,"lastFunction":1,"lastStatement":5,"seen":{"s:4:26:12:Infinity":0,"f:4:26:4:32":0,"s:5:8:5:Infinity":1,"b:7:2:9:Infinity:undefined:undefined:undefined:undefined":0,"s:7:2:9:Infinity":2,"s:8:4:8:Infinity":3,"s:11:2:11:Infinity":4}}}
,"C:\\Users\\yaiis\\OneDrive\\Desktop\\proyecto final fullstack\\pasteleria-react\\src\\services\\PasteleriaService.ts": {"path":"C:\\Users\\yaiis\\OneDrive\\Desktop\\proyecto final fullstack\\pasteleria-react\\src\\services\\PasteleriaService.ts","statementMap":{"0":{"start":{"line":12,"column":36},"end":{"line":221,"column":null}},"1":{"start":{"line":224,"column":15},"end":{"line":224,"column":null}},"2":{"start":{"line":226,"column":17},"end":{"line":238,"column":null}},"3":{"start":{"line":227,"column":2},"end":{"line":237,"column":null}},"4":{"start":{"line":228,"column":21},"end":{"line":228,"column":null}},"5":{"start":{"line":229,"column":4},"end":{"line":231,"column":null}},"6":{"start":{"line":230,"column":6},"end":{"line":230,"column":null}},"7":{"start":{"line":233,"column":4},"end":{"line":233,"column":null}},"8":{"start":{"line":234,"column":4},"end":{"line":234,"column":null}},"9":{"start":{"line":236,"column":4},"end":{"line":236,"column":null}},"10":{"start":{"line":240,"column":18},"end":{"line":242,"column":null}},"11":{"start":{"line":241,"column":2},"end":{"line":241,"column":null}},"12":{"start":{"line":247,"column":28},"end":{"line":250,"column":null}},"13":{"start":{"line":248,"column":2},"end":{"line":248,"column":null}},"14":{"start":{"line":248,"column":31},"end":{"line":248,"column":55}},"15":{"start":{"line":249,"column":2},"end":{"line":249,"column":null}},"16":{"start":{"line":252,"column":35},"end":{"line":258,"column":null}},"17":{"start":{"line":253,"column":2},"end":{"line":253,"column":null}},"18":{"start":{"line":253,"column":31},"end":{"line":253,"column":55}},"19":{"start":{"line":254,"column":20},"end":{"line":254,"column":null}},"20":{"start":{"line":255,"column":19},"end":{"line":255,"column":null}},"21":{"start":{"line":255,"column":39},"end":{"line":255,"column":58}},"22":{"start":{"line":256,"column":2},"end":{"line":256,"column":null}},"23":{"start":{"line":256,"column":17},"end":{"line":256,"column":null}},"24":{"start":{"line":257,"column":2},"end":{"line":257,"column":null}},"25":{"start":{"line":260,"column":29},"end":{"line":264,"column":null}},"26":{"start":{"line":261,"column":2},"end":{"line":261,"column":null}},"27":{"start":{"line":261,"column":31},"end":{"line":261,"column":55}},"28":{"start":{"line":262,"column":20},"end":{"line":262,"column":null}},"29":{"start":{"line":263,"column":2},"end":{"line":263,"column":null}},"30":{"start":{"line":263,"column":40},"end":{"line":263,"column":51}},"31":{"start":{"line":267,"column":30},"end":{"line":273,"column":null}},"32":{"start":{"line":268,"column":2},"end":{"line":268,"column":null}},"33":{"start":{"line":268,"column":31},"end":{"line":268,"column":55}},"34":{"start":{"line":269,"column":18},"end":{"line":269,"column":null}},"35":{"start":{"line":271,"column":2},"end":{"line":271,"column":null}},"36":{"start":{"line":271,"column":36},"end":{"line":271,"column":55}},"37":{"start":{"line":272,"column":2},"end":{"line":272,"column":null}},"38":{"start":{"line":276,"column":28},"end":{"line":291,"column":null}},"39":{"start":{"line":277,"column":2},"end":{"line":277,"column":null}},"40":{"start":{"line":277,"column":31},"end":{"line":277,"column":55}},"41":{"start":{"line":278,"column":18},"end":{"line":278,"column":null}},"42":{"start":{"line":280,"column":16},"end":{"line":280,"column":null}},"43":{"start":{"line":280,"column":41},"end":{"line":280,"column":69}},"44":{"start":{"line":282,"column":2},"end":{"line":288,"column":null}},"45":{"start":{"line":284,"column":4},"end":{"line":284,"column":null}},"46":{"start":{"line":287,"column":4},"end":{"line":287,"column":null}},"47":{"start":{"line":290,"column":2},"end":{"line":290,"column":null}},"48":{"start":{"line":319,"column":38},"end":{"line":351,"column":null}},"49":{"start":{"line":353,"column":21},"end":{"line":353,"column":null}},"50":{"start":{"line":357,"column":25},"end":{"line":368,"column":null}},"51":{"start":{"line":358,"column":2},"end":{"line":367,"column":null}},"52":{"start":{"line":359,"column":21},"end":{"line":359,"column":null}},"53":{"start":{"line":360,"column":4},"end":{"line":362,"column":null}},"54":{"start":{"line":361,"column":6},"end":{"line":361,"column":null}},"55":{"start":{"line":363,"column":4},"end":{"line":363,"column":null}},"56":{"start":{"line":364,"column":4},"end":{"line":364,"column":null}},"57":{"start":{"line":366,"column":4},"end":{"line":366,"column":null}},"58":{"start":{"line":370,"column":26},"end":{"line":372,"column":null}},"59":{"start":{"line":371,"column":2},"end":{"line":371,"column":null}},"60":{"start":{"line":376,"column":27},"end":{"line":379,"column":null}},"61":{"start":{"line":377,"column":2},"end":{"line":377,"column":null}},"62":{"start":{"line":377,"column":31},"end":{"line":377,"column":55}},"63":{"start":{"line":378,"column":2},"end":{"line":378,"column":null}},"64":{"start":{"line":381,"column":31},"end":{"line":387,"column":null}},"65":{"start":{"line":382,"column":2},"end":{"line":382,"column":null}},"66":{"start":{"line":382,"column":31},"end":{"line":382,"column":55}},"67":{"start":{"line":383,"column":19},"end":{"line":383,"column":null}},"68":{"start":{"line":384,"column":18},"end":{"line":384,"column":null}},"69":{"start":{"line":384,"column":37},"end":{"line":384,"column":50}},"70":{"start":{"line":385,"column":2},"end":{"line":385,"column":null}},"71":{"start":{"line":385,"column":16},"end":{"line":385,"column":null}},"72":{"start":{"line":386,"column":2},"end":{"line":386,"column":null}},"73":{"start":{"line":389,"column":29},"end":{"line":394,"column":null}},"74":{"start":{"line":390,"column":2},"end":{"line":390,"column":null}},"75":{"start":{"line":390,"column":31},"end":{"line":390,"column":55}},"76":{"start":{"line":391,"column":17},"end":{"line":391,"column":null}},"77":{"start":{"line":392,"column":2},"end":{"line":392,"column":null}},"78":{"start":{"line":392,"column":34},"end":{"line":392,"column":47}},"79":{"start":{"line":393,"column":2},"end":{"line":393,"column":null}},"80":{"start":{"line":396,"column":27},"end":{"line":409,"column":null}},"81":{"start":{"line":397,"column":2},"end":{"line":397,"column":null}},"82":{"start":{"line":397,"column":31},"end":{"line":397,"column":55}},"83":{"start":{"line":398,"column":17},"end":{"line":398,"column":null}},"84":{"start":{"line":400,"column":16},"end":{"line":400,"column":null}},"85":{"start":{"line":400,"column":40},"end":{"line":400,"column":61}},"86":{"start":{"line":402,"column":2},"end":{"line":406,"column":null}},"87":{"start":{"line":403,"column":4},"end":{"line":403,"column":null}},"88":{"start":{"line":405,"column":4},"end":{"line":405,"column":null}},"89":{"start":{"line":408,"column":2},"end":{"line":408,"column":null}},"90":{"start":{"line":424,"column":36},"end":{"line":443,"column":null}},"91":{"start":{"line":445,"column":20},"end":{"line":445,"column":null}},"92":{"start":{"line":448,"column":24},"end":{"line":453,"column":null}},"93":{"start":{"line":449,"column":2},"end":{"line":452,"column":null}},"94":{"start":{"line":450,"column":21},"end":{"line":450,"column":null}},"95":{"start":{"line":451,"column":4},"end":{"line":451,"column":null}},"96":{"start":{"line":452,"column":12},"end":{"line":452,"column":37}},"97":{"start":{"line":455,"column":25},"end":{"line":457,"column":null}},"98":{"start":{"line":456,"column":2},"end":{"line":456,"column":null}},"99":{"start":{"line":462,"column":29},"end":{"line":465,"column":null}},"100":{"start":{"line":463,"column":2},"end":{"line":463,"column":null}},"101":{"start":{"line":463,"column":25},"end":{"line":463,"column":43}},"102":{"start":{"line":464,"column":2},"end":{"line":464,"column":null}},"103":{"start":{"line":468,"column":37},"end":{"line":472,"column":null}},"104":{"start":{"line":469,"column":2},"end":{"line":469,"column":null}},"105":{"start":{"line":469,"column":25},"end":{"line":469,"column":43}},"106":{"start":{"line":470,"column":16},"end":{"line":470,"column":null}},"107":{"start":{"line":471,"column":2},"end":{"line":471,"column":null}},"108":{"start":{"line":471,"column":27},"end":{"line":471,"column":62}},"109":{"start":{"line":475,"column":26},"end":{"line":484,"column":null}},"110":{"start":{"line":476,"column":2},"end":{"line":476,"column":null}},"111":{"start":{"line":476,"column":25},"end":{"line":476,"column":43}},"112":{"start":{"line":477,"column":14},"end":{"line":477,"column":null}},"113":{"start":{"line":480,"column":31},"end":{"line":480,"column":null}},"114":{"start":{"line":482,"column":2},"end":{"line":482,"column":null}},"115":{"start":{"line":483,"column":2},"end":{"line":483,"column":null}},"116":{"start":{"line":487,"column":28},"end":{"line":491,"column":null}},"117":{"start":{"line":488,"column":2},"end":{"line":488,"column":null}},"118":{"start":{"line":488,"column":25},"end":{"line":488,"column":43}},"119":{"start":{"line":489,"column":14},"end":{"line":489,"column":null}},"120":{"start":{"line":490,"column":2},"end":{"line":490,"column":null}},"121":{"start":{"line":490,"column":37},"end":{"line":490,"column":48}}},"fnMap":{"0":{"name":"(anonymous_0)","decl":{"start":{"line":226,"column":17},"end":{"line":226,"column":36}},"loc":{"start":{"line":226,"column":36},"end":{"line":238,"column":null}},"line":226},"1":{"name":"(anonymous_1)","decl":{"start":{"line":240,"column":18},"end":{"line":240,"column":19}},"loc":{"start":{"line":240,"column":42},"end":{"line":242,"column":null}},"line":240},"2":{"name":"(anonymous_2)","decl":{"start":{"line":247,"column":28},"end":{"line":247,"column":62}},"loc":{"start":{"line":247,"column":62},"end":{"line":250,"column":null}},"line":247},"3":{"name":"(anonymous_3)","decl":{"start":{"line":248,"column":20},"end":{"line":248,"column":31}},"loc":{"start":{"line":248,"column":31},"end":{"line":248,"column":55}},"line":248},"4":{"name":"(anonymous_4)","decl":{"start":{"line":252,"column":35},"end":{"line":252,"column":42}},"loc":{"start":{"line":252,"column":81},"end":{"line":258,"column":null}},"line":252},"5":{"name":"(anonymous_5)","decl":{"start":{"line":253,"column":20},"end":{"line":253,"column":31}},"loc":{"start":{"line":253,"column":31},"end":{"line":253,"column":55}},"line":253},"6":{"name":"(anonymous_6)","decl":{"start":{"line":255,"column":34},"end":{"line":255,"column":39}},"loc":{"start":{"line":255,"column":39},"end":{"line":255,"column":58}},"line":255},"7":{"name":"(anonymous_7)","decl":{"start":{"line":260,"column":29},"end":{"line":260,"column":60}},"loc":{"start":{"line":260,"column":60},"end":{"line":264,"column":null}},"line":260},"8":{"name":"(anonymous_8)","decl":{"start":{"line":261,"column":20},"end":{"line":261,"column":31}},"loc":{"start":{"line":261,"column":31},"end":{"line":261,"column":55}},"line":261},"9":{"name":"(anonymous_9)","decl":{"start":{"line":263,"column":35},"end":{"line":263,"column":40}},"loc":{"start":{"line":263,"column":40},"end":{"line":263,"column":51}},"line":263},"10":{"name":"(anonymous_10)","decl":{"start":{"line":267,"column":30},"end":{"line":267,"column":37}},"loc":{"start":{"line":267,"column":71},"end":{"line":273,"column":null}},"line":267},"11":{"name":"(anonymous_11)","decl":{"start":{"line":268,"column":20},"end":{"line":268,"column":31}},"loc":{"start":{"line":268,"column":31},"end":{"line":268,"column":55}},"line":268},"12":{"name":"(anonymous_12)","decl":{"start":{"line":271,"column":31},"end":{"line":271,"column":36}},"loc":{"start":{"line":271,"column":36},"end":{"line":271,"column":55}},"line":271},"13":{"name":"(anonymous_13)","decl":{"start":{"line":276,"column":28},"end":{"line":276,"column":35}},"loc":{"start":{"line":276,"column":74},"end":{"line":291,"column":null}},"line":276},"14":{"name":"(anonymous_14)","decl":{"start":{"line":277,"column":20},"end":{"line":277,"column":31}},"loc":{"start":{"line":277,"column":31},"end":{"line":277,"column":55}},"line":277},"15":{"name":"(anonymous_15)","decl":{"start":{"line":280,"column":36},"end":{"line":280,"column":41}},"loc":{"start":{"line":280,"column":41},"end":{"line":280,"column":69}},"line":280},"16":{"name":"(anonymous_16)","decl":{"start":{"line":357,"column":25},"end":{"line":357,"column":43}},"loc":{"start":{"line":357,"column":43},"end":{"line":368,"column":null}},"line":357},"17":{"name":"(anonymous_17)","decl":{"start":{"line":370,"column":26},"end":{"line":370,"column":27}},"loc":{"start":{"line":370,"column":49},"end":{"line":372,"column":null}},"line":370},"18":{"name":"(anonymous_18)","decl":{"start":{"line":376,"column":27},"end":{"line":376,"column":60}},"loc":{"start":{"line":376,"column":60},"end":{"line":379,"column":null}},"line":376},"19":{"name":"(anonymous_19)","decl":{"start":{"line":377,"column":20},"end":{"line":377,"column":31}},"loc":{"start":{"line":377,"column":31},"end":{"line":377,"column":55}},"line":377},"20":{"name":"(anonymous_20)","decl":{"start":{"line":381,"column":31},"end":{"line":381,"column":38}},"loc":{"start":{"line":381,"column":73},"end":{"line":387,"column":null}},"line":381},"21":{"name":"(anonymous_21)","decl":{"start":{"line":382,"column":20},"end":{"line":382,"column":31}},"loc":{"start":{"line":382,"column":31},"end":{"line":382,"column":55}},"line":382},"22":{"name":"(anonymous_22)","decl":{"start":{"line":384,"column":32},"end":{"line":384,"column":37}},"loc":{"start":{"line":384,"column":37},"end":{"line":384,"column":50}},"line":384},"23":{"name":"(anonymous_23)","decl":{"start":{"line":389,"column":29},"end":{"line":389,"column":36}},"loc":{"start":{"line":389,"column":67},"end":{"line":394,"column":null}},"line":389},"24":{"name":"(anonymous_24)","decl":{"start":{"line":390,"column":20},"end":{"line":390,"column":31}},"loc":{"start":{"line":390,"column":31},"end":{"line":390,"column":55}},"line":390},"25":{"name":"(anonymous_25)","decl":{"start":{"line":392,"column":29},"end":{"line":392,"column":34}},"loc":{"start":{"line":392,"column":34},"end":{"line":392,"column":47}},"line":392},"26":{"name":"(anonymous_26)","decl":{"start":{"line":396,"column":27},"end":{"line":396,"column":34}},"loc":{"start":{"line":396,"column":71},"end":{"line":409,"column":null}},"line":396},"27":{"name":"(anonymous_27)","decl":{"start":{"line":397,"column":20},"end":{"line":397,"column":31}},"loc":{"start":{"line":397,"column":31},"end":{"line":397,"column":55}},"line":397},"28":{"name":"(anonymous_28)","decl":{"start":{"line":400,"column":35},"end":{"line":400,"column":40}},"loc":{"start":{"line":400,"column":40},"end":{"line":400,"column":61}},"line":400},"29":{"name":"(anonymous_29)","decl":{"start":{"line":448,"column":24},"end":{"line":448,"column":41}},"loc":{"start":{"line":448,"column":41},"end":{"line":453,"column":null}},"line":448},"30":{"name":"(anonymous_30)","decl":{"start":{"line":455,"column":25},"end":{"line":455,"column":26}},"loc":{"start":{"line":455,"column":47},"end":{"line":457,"column":null}},"line":455},"31":{"name":"(anonymous_31)","decl":{"start":{"line":462,"column":29},"end":{"line":462,"column":61}},"loc":{"start":{"line":462,"column":61},"end":{"line":465,"column":null}},"line":462},"32":{"name":"(anonymous_32)","decl":{"start":{"line":463,"column":20},"end":{"line":463,"column":25}},"loc":{"start":{"line":463,"column":25},"end":{"line":463,"column":43}},"line":463},"33":{"name":"(anonymous_33)","decl":{"start":{"line":468,"column":37},"end":{"line":468,"column":44}},"loc":{"start":{"line":468,"column":91},"end":{"line":472,"column":null}},"line":468},"34":{"name":"(anonymous_34)","decl":{"start":{"line":469,"column":20},"end":{"line":469,"column":25}},"loc":{"start":{"line":469,"column":25},"end":{"line":469,"column":43}},"line":469},"35":{"name":"(anonymous_35)","decl":{"start":{"line":471,"column":22},"end":{"line":471,"column":27}},"loc":{"start":{"line":471,"column":27},"end":{"line":471,"column":62}},"line":471},"36":{"name":"(anonymous_36)","decl":{"start":{"line":475,"column":26},"end":{"line":475,"column":33}},"loc":{"start":{"line":475,"column":85},"end":{"line":484,"column":null}},"line":475},"37":{"name":"(anonymous_37)","decl":{"start":{"line":476,"column":20},"end":{"line":476,"column":25}},"loc":{"start":{"line":476,"column":25},"end":{"line":476,"column":43}},"line":476},"38":{"name":"(anonymous_38)","decl":{"start":{"line":487,"column":28},"end":{"line":487,"column":35}},"loc":{"start":{"line":487,"column":65},"end":{"line":491,"column":null}},"line":487},"39":{"name":"(anonymous_39)","decl":{"start":{"line":488,"column":20},"end":{"line":488,"column":25}},"loc":{"start":{"line":488,"column":25},"end":{"line":488,"column":43}},"line":488},"40":{"name":"(anonymous_40)","decl":{"start":{"line":490,"column":32},"end":{"line":490,"column":37}},"loc":{"start":{"line":490,"column":37},"end":{"line":490,"column":48}},"line":490}},"branchMap":{"0":{"loc":{"start":{"line":229,"column":4},"end":{"line":231,"column":null}},"type":"if","locations":[{"start":{"line":229,"column":4},"end":{"line":231,"column":null}},{"start":{},"end":{}}],"line":229},"1":{"loc":{"start":{"line":256,"column":2},"end":{"line":256,"column":null}},"type":"if","locations":[{"start":{"line":256,"column":2},"end":{"line":256,"column":null}},{"start":{},"end":{}}],"line":256},"2":{"loc":{"start":{"line":282,"column":2},"end":{"line":288,"column":null}},"type":"if","locations":[{"start":{"line":282,"column":2},"end":{"line":288,"column":null}},{"start":{"line":285,"column":9},"end":{"line":288,"column":null}}],"line":282},"3":{"loc":{"start":{"line":360,"column":4},"end":{"line":362,"column":null}},"type":"if","locations":[{"start":{"line":360,"column":4},"end":{"line":362,"column":null}},{"start":{},"end":{}}],"line":360},"4":{"loc":{"start":{"line":385,"column":2},"end":{"line":385,"column":null}},"type":"if","locations":[{"start":{"line":385,"column":2},"end":{"line":385,"column":null}},{"start":{},"end":{}}],"line":385},"5":{"loc":{"start":{"line":402,"column":2},"end":{"line":406,"column":null}},"type":"if","locations":[{"start":{"line":402,"column":2},"end":{"line":406,"column":null}},{"start":{"line":404,"column":9},"end":{"line":406,"column":null}}],"line":402},"6":{"loc":{"start":{"line":451,"column":11},"end":{"line":451,"column":null}},"type":"cond-expr","locations":[{"start":{"line":451,"column":22},"end":{"line":451,"column":45}},{"start":{"line":451,"column":45},"end":{"line":451,"column":null}}],"line":451}},"s":{"0":3,"1":3,"2":3,"3":3,"4":3,"5":3,"6":0,"7":3,"8":3,"9":0,"10":3,"11":0,"12":3,"13":1,"14":1,"15":1,"16":3,"17":2,"18":2,"19":2,"20":2,"21":17,"22":2,"23":1,"24":1,"25":3,"26":0,"27":0,"28":0,"29":0,"30":0,"31":3,"32":0,"33":0,"34":0,"35":0,"36":0,"37":0,"38":3,"39":0,"40":0,"41":0,"42":0,"43":0,"44":0,"45":0,"46":0,"47":0,"48":3,"49":3,"50":3,"51":1,"52":1,"53":1,"54":0,"55":1,"56":1,"57":0,"58":3,"59":0,"60":3,"61":1,"62":1,"63":1,"64":3,"65":0,"66":0,"67":0,"68":0,"69":0,"70":0,"71":0,"72":0,"73":3,"74":0,"75":0,"76":0,"77":0,"78":0,"79":0,"80":3,"81":0,"82":0,"83":0,"84":0,"85":0,"86":0,"87":0,"88":0,"89":0,"90":3,"91":3,"92":3,"93":0,"94":0,"95":0,"96":0,"97":3,"98":0,"99":3,"100":0,"101":0,"102":0,"103":3,"104":0,"105":0,"106":0,"107":0,"108":0,"109":3,"110":0,"111":0,"112":0,"113":0,"114":0,"115":0,"116":3,"117":0,"118":0,"119":0,"120":0,"121":0},"f":{"0":3,"1":0,"2":1,"3":1,"4":2,"5":2,"6":17,"7":0,"8":0,"9":0,"10":0,"11":0,"12":0,"13":0,"14":0,"15":0,"16":1,"17":0,"18":1,"19":1,"20":0,"21":0,"22":0,"23":0,"24":0,"25":0,"26":0,"27":0,"28":0,"29":0,"30":0,"31":0,"32":0,"33":0,"34":0,"35":0,"36":0,"37":0,"38":0,"39":0,"40":0},"b":{"0":[0,3],"1":[1,1],"2":[0,0],"3":[0,1],"4":[0,0],"5":[0,0],"6":[0,0]},"meta":{"lastBranch":7,"lastFunction":41,"lastStatement":122,"seen":{"s:12:36:221:Infinity":0,"s:224:15:224:Infinity":1,"s:226:17:238:Infinity":2,"f:226:17:226:36":0,"s:227:2:237:Infinity":3,"s:228:21:228:Infinity":4,"b:229:4:231:Infinity:undefined:undefined:undefined:undefined":0,"s:229:4:231:Infinity":5,"s:230:6:230:Infinity":6,"s:233:4:233:Infinity":7,"s:234:4:234:Infinity":8,"s:236:4:236:Infinity":9,"s:240:18:242:Infinity":10,"f:240:18:240:19":1,"s:241:2:241:Infinity":11,"s:247:28:250:Infinity":12,"f:247:28:247:62":2,"s:248:2:248:Infinity":13,"f:248:20:248:31":3,"s:248:31:248:55":14,"s:249:2:249:Infinity":15,"s:252:35:258:Infinity":16,"f:252:35:252:42":4,"s:253:2:253:Infinity":17,"f:253:20:253:31":5,"s:253:31:253:55":18,"s:254:20:254:Infinity":19,"s:255:19:255:Infinity":20,"f:255:34:255:39":6,"s:255:39:255:58":21,"b:256:2:256:Infinity:undefined:undefined:undefined:undefined":1,"s:256:2:256:Infinity":22,"s:256:17:256:Infinity":23,"s:257:2:257:Infinity":24,"s:260:29:264:Infinity":25,"f:260:29:260:60":7,"s:261:2:261:Infinity":26,"f:261:20:261:31":8,"s:261:31:261:55":27,"s:262:20:262:Infinity":28,"s:263:2:263:Infinity":29,"f:263:35:263:40":9,"s:263:40:263:51":30,"s:267:30:273:Infinity":31,"f:267:30:267:37":10,"s:268:2:268:Infinity":32,"f:268:20:268:31":11,"s:268:31:268:55":33,"s:269:18:269:Infinity":34,"s:271:2:271:Infinity":35,"f:271:31:271:36":12,"s:271:36:271:55":36,"s:272:2:272:Infinity":37,"s:276:28:291:Infinity":38,"f:276:28:276:35":13,"s:277:2:277:Infinity":39,"f:277:20:277:31":14,"s:277:31:277:55":40,"s:278:18:278:Infinity":41,"s:280:16:280:Infinity":42,"f:280:36:280:41":15,"s:280:41:280:69":43,"b:282:2:288:Infinity:285:9:288:Infinity":2,"s:282:2:288:Infinity":44,"s:284:4:284:Infinity":45,"s:287:4:287:Infinity":46,"s:290:2:290:Infinity":47,"s:319:38:351:Infinity":48,"s:353:21:353:Infinity":49,"s:357:25:368:Infinity":50,"f:357:25:357:43":16,"s:358:2:367:Infinity":51,"s:359:21:359:Infinity":52,"b:360:4:362:Infinity:undefined:undefined:undefined:undefined":3,"s:360:4:362:Infinity":53,"s:361:6:361:Infinity":54,"s:363:4:363:Infinity":55,"s:364:4:364:Infinity":56,"s:366:4:366:Infinity":57,"s:370:26:372:Infinity":58,"f:370:26:370:27":17,"s:371:2:371:Infinity":59,"s:376:27:379:Infinity":60,"f:376:27:376:60":18,"s:377:2:377:Infinity":61,"f:377:20:377:31":19,"s:377:31:377:55":62,"s:378:2:378:Infinity":63,"s:381:31:387:Infinity":64,"f:381:31:381:38":20,"s:382:2:382:Infinity":65,"f:382:20:382:31":21,"s:382:31:382:55":66,"s:383:19:383:Infinity":67,"s:384:18:384:Infinity":68,"f:384:32:384:37":22,"s:384:37:384:50":69,"b:385:2:385:Infinity:undefined:undefined:undefined:undefined":4,"s:385:2:385:Infinity":70,"s:385:16:385:Infinity":71,"s:386:2:386:Infinity":72,"s:389:29:394:Infinity":73,"f:389:29:389:36":23,"s:390:2:390:Infinity":74,"f:390:20:390:31":24,"s:390:31:390:55":75,"s:391:17:391:Infinity":76,"s:392:2:392:Infinity":77,"f:392:29:392:34":25,"s:392:34:392:47":78,"s:393:2:393:Infinity":79,"s:396:27:409:Infinity":80,"f:396:27:396:34":26,"s:397:2:397:Infinity":81,"f:397:20:397:31":27,"s:397:31:397:55":82,"s:398:17:398:Infinity":83,"s:400:16:400:Infinity":84,"f:400:35:400:40":28,"s:400:40:400:61":85,"b:402:2:406:Infinity:404:9:406:Infinity":5,"s:402:2:406:Infinity":86,"s:403:4:403:Infinity":87,"s:405:4:405:Infinity":88,"s:408:2:408:Infinity":89,"s:424:36:443:Infinity":90,"s:445:20:445:Infinity":91,"s:448:24:453:Infinity":92,"f:448:24:448:41":29,"s:449:2:452:Infinity":93,"s:450:21:450:Infinity":94,"s:451:4:451:Infinity":95,"b:451:22:451:45:451:45:451:Infinity":6,"s:452:12:452:37":96,"s:455:25:457:Infinity":97,"f:455:25:455:26":30,"s:456:2:456:Infinity":98,"s:462:29:465:Infinity":99,"f:462:29:462:61":31,"s:463:2:463:Infinity":100,"f:463:20:463:25":32,"s:463:25:463:43":101,"s:464:2:464:Infinity":102,"s:468:37:472:Infinity":103,"f:468:37:468:44":33,"s:469:2:469:Infinity":104,"f:469:20:469:25":34,"s:469:25:469:43":105,"s:470:16:470:Infinity":106,"s:471:2:471:Infinity":107,"f:471:22:471:27":35,"s:471:27:471:62":108,"s:475:26:484:Infinity":109,"f:475:26:475:33":36,"s:476:2:476:Infinity":110,"f:476:20:476:25":37,"s:476:25:476:43":111,"s:477:14:477:Infinity":112,"s:480:31:480:Infinity":113,"s:482:2:482:Infinity":114,"s:483:2:483:Infinity":115,"s:487:28:491:Infinity":116,"f:487:28:487:35":38,"s:488:2:488:Infinity":117,"f:488:20:488:25":39,"s:488:25:488:43":118,"s:489:14:489:Infinity":119,"s:490:2:490:Infinity":120,"f:490:32:490:37":40,"s:490:37:490:48":121}}}
,"C:\\Users\\yaiis\\OneDrive\\Desktop\\proyecto final fullstack\\pasteleria-react\\src\\test\\utils\\renderWithRouter.tsx": {"path":"C:\\Users\\yaiis\\OneDrive\\Desktop\\proyecto final fullstack\\pasteleria-react\\src\\test\\utils\\renderWithRouter.tsx","statementMap":{"0":{"start":{"line":6,"column":32},"end":{"line":12,"column":null}},"1":{"start":{"line":7,"column":2},"end":{"line":11,"column":null}}},"fnMap":{"0":{"name":"(anonymous_0)","decl":{"start":{"line":6,"column":32},"end":{"line":6,"column":33}},"loc":{"start":{"line":6,"column":76},"end":{"line":12,"column":null}},"line":6}},"branchMap":{"0":{"loc":{"start":{"line":6,"column":51},"end":{"line":6,"column":76}},"type":"default-arg","locations":[{"start":{"line":6,"column":69},"end":{"line":6,"column":76}}],"line":6},"1":{"loc":{"start":{"line":6,"column":53},"end":{"line":6,"column":65}},"type":"default-arg","locations":[{"start":{"line":6,"column":61},"end":{"line":6,"column":65}}],"line":6}},"s":{"0":2,"1":4},"f":{"0":4},"b":{"0":[4],"1":[4]},"meta":{"lastBranch":2,"lastFunction":1,"lastStatement":2,"seen":{"s:6:32:12:Infinity":0,"f:6:32:6:33":0,"b:6:69:6:76":0,"b:6:61:6:65":1,"s:7:2:11:Infinity":1}}}
,"C:\\Users\\yaiis\\OneDrive\\Desktop\\proyecto final fullstack\\pasteleria-react\\src\\views\\Login.tsx": {"path":"C:\\Users\\yaiis\\OneDrive\\Desktop\\proyecto final fullstack\\pasteleria-react\\src\\views\\Login.tsx","statementMap":{"0":{"start":{"line":9,"column":8},"end":{"line":9,"column":null}},"1":{"start":{"line":12,"column":16},"end":{"line":12,"column":null}},"2":{"start":{"line":13,"column":27},"end":{"line":13,"column":null}},"3":{"start":{"line":15,"column":24},"end":{"line":15,"column":null}},"4":{"start":{"line":16,"column":30},"end":{"line":16,"column":null}},"5":{"start":{"line":19,"column":23},"end":{"line":44,"column":null}},"6":{"start":{"line":20,"column":4},"end":{"line":20,"column":null}},"7":{"start":{"line":23,"column":4},"end":{"line":26,"column":null}},"8":{"start":{"line":24,"column":6},"end":{"line":24,"column":null}},"9":{"start":{"line":25,"column":6},"end":{"line":25,"column":null}},"10":{"start":{"line":29,"column":22},"end":{"line":29,"column":null}},"11":{"start":{"line":31,"column":4},"end":{"line":43,"column":null}},"12":{"start":{"line":33,"column":6},"end":{"line":33,"column":null}},"13":{"start":{"line":35,"column":6},"end":{"line":39,"column":null}},"14":{"start":{"line":36,"column":8},"end":{"line":36,"column":null}},"15":{"start":{"line":38,"column":8},"end":{"line":38,"column":null}},"16":{"start":{"line":42,"column":6},"end":{"line":42,"column":null}},"17":{"start":{"line":46,"column":0},"end":{"line":97,"column":null}},"18":{"start":{"line":67,"column":37},"end":{"line":67,"column":null}},"19":{"start":{"line":77,"column":37},"end":{"line":77,"column":null}}},"fnMap":{"0":{"name":"Login","decl":{"start":{"line":8,"column":9},"end":{"line":8,"column":17}},"loc":{"start":{"line":8,"column":17},"end":{"line":99,"column":null}},"line":8},"1":{"name":"(anonymous_1)","decl":{"start":{"line":19,"column":23},"end":{"line":19,"column":30}},"loc":{"start":{"line":19,"column":53},"end":{"line":44,"column":null}},"line":19},"2":{"name":"(anonymous_2)","decl":{"start":{"line":67,"column":30},"end":{"line":67,"column":31}},"loc":{"start":{"line":67,"column":37},"end":{"line":67,"column":null}},"line":67},"3":{"name":"(anonymous_3)","decl":{"start":{"line":77,"column":30},"end":{"line":77,"column":31}},"loc":{"start":{"line":77,"column":37},"end":{"line":77,"column":null}},"line":77}},"branchMap":{"0":{"loc":{"start":{"line":23,"column":4},"end":{"line":26,"column":null}},"type":"if","locations":[{"start":{"line":23,"column":4},"end":{"line":26,"column":null}},{"start":{},"end":{}}],"line":23},"1":{"loc":{"start":{"line":23,"column":8},"end":{"line":23,"column":29}},"type":"binary-expr","locations":[{"start":{"line":23,"column":8},"end":{"line":23,"column":18}},{"start":{"line":23,"column":18},"end":{"line":23,"column":29}}],"line":23},"2":{"loc":{"start":{"line":31,"column":4},"end":{"line":43,"column":null}},"type":"if","locations":[{"start":{"line":31,"column":4},"end":{"line":43,"column":null}},{"start":{"line":40,"column":11},"end":{"line":43,"column":null}}],"line":31},"3":{"loc":{"start":{"line":35,"column":6},"end":{"line":39,"column":null}},"type":"if","locations":[{"start":{"line":35,"column":6},"end":{"line":39,"column":null}},{"start":{"line":37,"column":13},"end":{"line":39,"column":null}}],"line":35}},"s":{"0":4,"1":4,"2":4,"3":4,"4":4,"5":4,"6":0,"7":0,"8":0,"9":0,"10":0,"11":0,"12":0,"13":0,"14":0,"15":0,"16":0,"17":4,"18":1,"19":1},"f":{"0":4,"1":0,"2":1,"3":1},"b":{"0":[0,0],"1":[0,0],"2":[0,0],"3":[0,0]},"meta":{"lastBranch":4,"lastFunction":4,"lastStatement":20,"seen":{"f:8:9:8:17":0,"s:9:8:9:Infinity":0,"s:12:16:12:Infinity":1,"s:13:27:13:Infinity":2,"s:15:24:15:Infinity":3,"s:16:30:16:Infinity":4,"s:19:23:44:Infinity":5,"f:19:23:19:30":1,"s:20:4:20:Infinity":6,"b:23:4:26:Infinity:undefined:undefined:undefined:undefined":0,"s:23:4:26:Infinity":7,"b:23:8:23:18:23:18:23:29":1,"s:24:6:24:Infinity":8,"s:25:6:25:Infinity":9,"s:29:22:29:Infinity":10,"b:31:4:43:Infinity:40:11:43:Infinity":2,"s:31:4:43:Infinity":11,"s:33:6:33:Infinity":12,"b:35:6:39:Infinity:37:13:39:Infinity":3,"s:35:6:39:Infinity":13,"s:36:8:36:Infinity":14,"s:38:8:38:Infinity":15,"s:42:6:42:Infinity":16,"s:46:0:97:Infinity":17,"f:67:30:67:31":2,"s:67:37:67:Infinity":18,"f:77:30:77:31":3,"s:77:37:77:Infinity":19}}}
}
